[0.240s] DEBUG:colcon:Command line arguments: ['/usr/bin/colcon', 'build', '--packages-select', 'ditto_ros_msgs']
[0.240s] DEBUG:colcon:Parsed command line arguments: Namespace(log_base=None, log_level=None, verb_name='build', build_base='build', install_base='install', merge_install=False, symlink_install=False, test_result_base=None, continue_on_error=False, executor='parallel', parallel_workers=4, event_handlers=None, ignore_user_meta=False, metas=['./colcon.meta'], base_paths=['.'], packages_ignore=None, packages_ignore_regex=None, paths=None, packages_up_to=None, packages_up_to_regex=None, packages_above=None, packages_above_and_dependencies=None, packages_above_depth=None, packages_select_by_dep=None, packages_skip_by_dep=None, packages_skip_up_to=None, packages_select_build_failed=False, packages_skip_build_finished=False, packages_select_test_failures=False, packages_skip_test_passed=False, packages_select=['ditto_ros_msgs'], packages_skip=None, packages_select_regex=None, packages_skip_regex=None, packages_start=None, packages_end=None, cmake_args=None, cmake_target=None, cmake_target_skip_unavailable=False, cmake_clean_cache=False, cmake_clean_first=False, cmake_force_configure=False, ament_cmake_args=None, catkin_cmake_args=None, catkin_skip_building_tests=False, verb_parser=<colcon_defaults.argument_parser.defaults.DefaultArgumentsDecorator object at 0x7f7ed915c1d0>, verb_extension=<colcon_core.verb.build.BuildVerb object at 0x7f7ed932ff20>, main=<bound method BuildVerb.main of <colcon_core.verb.build.BuildVerb object at 0x7f7ed932ff20>>)
[0.300s] Level 1:colcon.colcon_core.package_discovery:discover_packages(colcon_meta) check parameters
[0.300s] Level 1:colcon.colcon_core.package_discovery:discover_packages(recursive) check parameters
[0.300s] Level 1:colcon.colcon_core.package_discovery:discover_packages(ignore) check parameters
[0.300s] Level 1:colcon.colcon_core.package_discovery:discover_packages(path) check parameters
[0.300s] Level 1:colcon.colcon_core.package_discovery:discover_packages(colcon_meta) discover
[0.300s] Level 1:colcon.colcon_core.package_discovery:discover_packages(recursive) discover
[0.300s] INFO:colcon.colcon_core.package_discovery:Crawling recursively for packages in '/home/john/ditto_ros_bridge'
[0.300s] Level 1:colcon.colcon_core.package_identification:_identify(.) by extensions ['ignore', 'ignore_ament_install']
[0.300s] Level 1:colcon.colcon_core.package_identification:_identify(.) by extension 'ignore'
[0.301s] Level 1:colcon.colcon_core.package_identification:_identify(.) by extension 'ignore_ament_install'
[0.301s] Level 1:colcon.colcon_core.package_identification:_identify(.) by extensions ['colcon_pkg']
[0.301s] Level 1:colcon.colcon_core.package_identification:_identify(.) by extension 'colcon_pkg'
[0.301s] Level 1:colcon.colcon_core.package_identification:_identify(.) by extensions ['colcon_meta']
[0.301s] Level 1:colcon.colcon_core.package_identification:_identify(.) by extension 'colcon_meta'
[0.301s] Level 1:colcon.colcon_core.package_identification:_identify(.) by extensions ['ros']
[0.301s] Level 1:colcon.colcon_core.package_identification:_identify(.) by extension 'ros'
[0.338s] Level 1:colcon.colcon_core.package_identification:_identify(.) by extensions ['cmake', 'python']
[0.338s] Level 1:colcon.colcon_core.package_identification:_identify(.) by extension 'cmake'
[0.338s] Level 1:colcon.colcon_core.package_identification:_identify(.) by extension 'python'
[0.338s] Level 1:colcon.colcon_core.package_identification:_identify(.) by extensions ['python_setup_py']
[0.338s] Level 1:colcon.colcon_core.package_identification:_identify(.) by extension 'python_setup_py'
[0.339s] Level 1:colcon.colcon_core.package_identification:_identify(build) by extensions ['ignore', 'ignore_ament_install']
[0.339s] Level 1:colcon.colcon_core.package_identification:_identify(build) by extension 'ignore'
[0.339s] Level 1:colcon.colcon_core.package_identification:_identify(build) ignored
[0.339s] Level 1:colcon.colcon_core.package_identification:_identify(install) by extensions ['ignore', 'ignore_ament_install']
[0.339s] Level 1:colcon.colcon_core.package_identification:_identify(install) by extension 'ignore'
[0.339s] Level 1:colcon.colcon_core.package_identification:_identify(install) ignored
[0.339s] Level 1:colcon.colcon_core.package_identification:_identify(log) by extensions ['ignore', 'ignore_ament_install']
[0.339s] Level 1:colcon.colcon_core.package_identification:_identify(log) by extension 'ignore'
[0.339s] Level 1:colcon.colcon_core.package_identification:_identify(log) ignored
[0.340s] Level 1:colcon.colcon_core.package_identification:_identify(src) by extensions ['ignore', 'ignore_ament_install']
[0.340s] Level 1:colcon.colcon_core.package_identification:_identify(src) by extension 'ignore'
[0.340s] Level 1:colcon.colcon_core.package_identification:_identify(src) by extension 'ignore_ament_install'
[0.340s] Level 1:colcon.colcon_core.package_identification:_identify(src) by extensions ['colcon_pkg']
[0.340s] Level 1:colcon.colcon_core.package_identification:_identify(src) by extension 'colcon_pkg'
[0.340s] Level 1:colcon.colcon_core.package_identification:_identify(src) by extensions ['colcon_meta']
[0.340s] Level 1:colcon.colcon_core.package_identification:_identify(src) by extension 'colcon_meta'
[0.340s] Level 1:colcon.colcon_core.package_identification:_identify(src) by extensions ['ros']
[0.340s] Level 1:colcon.colcon_core.package_identification:_identify(src) by extension 'ros'
[0.340s] Level 1:colcon.colcon_core.package_identification:_identify(src) by extensions ['cmake', 'python']
[0.340s] Level 1:colcon.colcon_core.package_identification:_identify(src) by extension 'cmake'
[0.341s] Level 1:colcon.colcon_core.package_identification:_identify(src) by extension 'python'
[0.341s] Level 1:colcon.colcon_core.package_identification:_identify(src) by extensions ['python_setup_py']
[0.341s] Level 1:colcon.colcon_core.package_identification:_identify(src) by extension 'python_setup_py'
[0.341s] Level 1:colcon.colcon_core.package_identification:_identify(src/ditto_ros_bridge) by extensions ['ignore', 'ignore_ament_install']
[0.341s] Level 1:colcon.colcon_core.package_identification:_identify(src/ditto_ros_bridge) by extension 'ignore'
[0.341s] Level 1:colcon.colcon_core.package_identification:_identify(src/ditto_ros_bridge) by extension 'ignore_ament_install'
[0.341s] Level 1:colcon.colcon_core.package_identification:_identify(src/ditto_ros_bridge) by extensions ['colcon_pkg']
[0.341s] Level 1:colcon.colcon_core.package_identification:_identify(src/ditto_ros_bridge) by extension 'colcon_pkg'
[0.341s] Level 1:colcon.colcon_core.package_identification:_identify(src/ditto_ros_bridge) by extensions ['colcon_meta']
[0.341s] Level 1:colcon.colcon_core.package_identification:_identify(src/ditto_ros_bridge) by extension 'colcon_meta'
[0.341s] Level 1:colcon.colcon_core.package_identification:_identify(src/ditto_ros_bridge) by extensions ['ros']
[0.341s] Level 1:colcon.colcon_core.package_identification:_identify(src/ditto_ros_bridge) by extension 'ros'
[0.345s] DEBUG:colcon.colcon_core.package_identification:Package 'src/ditto_ros_bridge' with type 'ros.ament_python' and name 'ditto_ros_bridge'
[0.346s] Level 1:colcon.colcon_core.package_identification:_identify(src/ditto_ros_msgs) by extensions ['ignore', 'ignore_ament_install']
[0.346s] Level 1:colcon.colcon_core.package_identification:_identify(src/ditto_ros_msgs) by extension 'ignore'
[0.346s] Level 1:colcon.colcon_core.package_identification:_identify(src/ditto_ros_msgs) by extension 'ignore_ament_install'
[0.346s] Level 1:colcon.colcon_core.package_identification:_identify(src/ditto_ros_msgs) by extensions ['colcon_pkg']
[0.346s] Level 1:colcon.colcon_core.package_identification:_identify(src/ditto_ros_msgs) by extension 'colcon_pkg'
[0.346s] Level 1:colcon.colcon_core.package_identification:_identify(src/ditto_ros_msgs) by extensions ['colcon_meta']
[0.346s] Level 1:colcon.colcon_core.package_identification:_identify(src/ditto_ros_msgs) by extension 'colcon_meta'
[0.346s] Level 1:colcon.colcon_core.package_identification:_identify(src/ditto_ros_msgs) by extensions ['ros']
[0.346s] Level 1:colcon.colcon_core.package_identification:_identify(src/ditto_ros_msgs) by extension 'ros'
[0.347s] DEBUG:colcon.colcon_core.package_identification:Package 'src/ditto_ros_msgs' with type 'ros.ament_cmake' and name 'ditto_ros_msgs'
[0.347s] Level 1:colcon.colcon_core.package_discovery:discover_packages(recursive) using defaults
[0.348s] Level 1:colcon.colcon_core.package_discovery:discover_packages(ignore) discover
[0.348s] Level 1:colcon.colcon_core.package_discovery:discover_packages(ignore) using defaults
[0.348s] Level 1:colcon.colcon_core.package_discovery:discover_packages(path) discover
[0.348s] Level 1:colcon.colcon_core.package_discovery:discover_packages(path) using defaults
[0.377s] INFO:colcon.colcon_core.package_selection:Skipping not selected package 'ditto_ros_bridge' in 'src/ditto_ros_bridge'
[0.379s] Level 5:colcon.colcon_core.verb:set package 'ditto_ros_msgs' build argument 'cmake_args' from command line to 'None'
[0.379s] Level 5:colcon.colcon_core.verb:set package 'ditto_ros_msgs' build argument 'cmake_target' from command line to 'None'
[0.379s] Level 5:colcon.colcon_core.verb:set package 'ditto_ros_msgs' build argument 'cmake_target_skip_unavailable' from command line to 'False'
[0.379s] Level 5:colcon.colcon_core.verb:set package 'ditto_ros_msgs' build argument 'cmake_clean_cache' from command line to 'False'
[0.379s] Level 5:colcon.colcon_core.verb:set package 'ditto_ros_msgs' build argument 'cmake_clean_first' from command line to 'False'
[0.379s] Level 5:colcon.colcon_core.verb:set package 'ditto_ros_msgs' build argument 'cmake_force_configure' from command line to 'False'
[0.379s] Level 5:colcon.colcon_core.verb:set package 'ditto_ros_msgs' build argument 'ament_cmake_args' from command line to 'None'
[0.379s] Level 5:colcon.colcon_core.verb:set package 'ditto_ros_msgs' build argument 'catkin_cmake_args' from command line to 'None'
[0.379s] Level 5:colcon.colcon_core.verb:set package 'ditto_ros_msgs' build argument 'catkin_skip_building_tests' from command line to 'False'
[0.380s] DEBUG:colcon.colcon_core.verb:Building package 'ditto_ros_msgs' with the following arguments: {'ament_cmake_args': None, 'build_base': '/home/john/ditto_ros_bridge/build/ditto_ros_msgs', 'catkin_cmake_args': None, 'catkin_skip_building_tests': False, 'cmake_args': None, 'cmake_clean_cache': False, 'cmake_clean_first': False, 'cmake_force_configure': False, 'cmake_target': None, 'cmake_target_skip_unavailable': False, 'install_base': '/home/john/ditto_ros_bridge/install/ditto_ros_msgs', 'merge_install': False, 'path': '/home/john/ditto_ros_bridge/src/ditto_ros_msgs', 'symlink_install': False, 'test_result_base': None}
[0.380s] INFO:colcon.colcon_core.executor:Executing jobs using 'parallel' executor
[0.382s] DEBUG:colcon.colcon_parallel_executor.executor.parallel:run_until_complete
[0.383s] INFO:colcon.colcon_ros.task.ament_cmake.build:Building ROS package in '/home/john/ditto_ros_bridge/src/ditto_ros_msgs' with build type 'ament_cmake'
[0.383s] INFO:colcon.colcon_cmake.task.cmake.build:Building CMake package in '/home/john/ditto_ros_bridge/src/ditto_ros_msgs'
[0.387s] INFO:colcon.colcon_core.plugin_system:Skipping extension 'colcon_core.shell.bat': Not used on non-Windows systems
[0.387s] DEBUG:colcon.colcon_core.shell:Skip shell extension 'dsv' for command environment
[0.391s] WARNING:colcon.colcon_ros.prefix_path.ament:The path '/home/john/ditto_ros_bridge/install/ditto_ros_msgs' in the environment variable AMENT_PREFIX_PATH doesn't exist
[0.391s] WARNING:colcon.colcon_ros.prefix_path.ament:The path '/home/john/ditto_ros_bridge/install/ditto_ros_bridge' in the environment variable AMENT_PREFIX_PATH doesn't exist
[0.392s] WARNING:colcon.colcon_ros.prefix_path.catkin:The path '/home/john/ditto_ros_bridge/install/ditto_ros_msgs' in the environment variable CMAKE_PREFIX_PATH doesn't exist
[0.410s] DEBUG:colcon.colcon_core.event_handler.log_command:Invoking command in '/home/john/ditto_ros_bridge/build/ditto_ros_msgs': CMAKE_PREFIX_PATH=${CMAKE_PREFIX_PATH}:/home/john/ditto_ros_bridge/install/ditto_ros_bridge:/home/john/ros2_ws/install/ditto_ros_bridge:/opt/ros/rolling /usr/bin/cmake /home/john/ditto_ros_bridge/src/ditto_ros_msgs -DCMAKE_INSTALL_PREFIX=/home/john/ditto_ros_bridge/install/ditto_ros_msgs
[7.012s] DEBUG:colcon.colcon_core.event_handler.log_command:Invoked command in '/home/john/ditto_ros_bridge/build/ditto_ros_msgs' returned '0': CMAKE_PREFIX_PATH=${CMAKE_PREFIX_PATH}:/home/john/ditto_ros_bridge/install/ditto_ros_bridge:/home/john/ros2_ws/install/ditto_ros_bridge:/opt/ros/rolling /usr/bin/cmake /home/john/ditto_ros_bridge/src/ditto_ros_msgs -DCMAKE_INSTALL_PREFIX=/home/john/ditto_ros_bridge/install/ditto_ros_msgs
[7.015s] DEBUG:colcon.colcon_core.event_handler.log_command:Invoking command in '/home/john/ditto_ros_bridge/build/ditto_ros_msgs': CMAKE_PREFIX_PATH=${CMAKE_PREFIX_PATH}:/home/john/ditto_ros_bridge/install/ditto_ros_bridge:/home/john/ros2_ws/install/ditto_ros_bridge:/opt/ros/rolling /usr/bin/cmake --build /home/john/ditto_ros_bridge/build/ditto_ros_msgs -- -j4 -l4
[15.127s] DEBUG:colcon.colcon_core.event_handler.log_command:Invoked command in '/home/john/ditto_ros_bridge/build/ditto_ros_msgs' returned '0': CMAKE_PREFIX_PATH=${CMAKE_PREFIX_PATH}:/home/john/ditto_ros_bridge/install/ditto_ros_bridge:/home/john/ros2_ws/install/ditto_ros_bridge:/opt/ros/rolling /usr/bin/cmake --build /home/john/ditto_ros_bridge/build/ditto_ros_msgs -- -j4 -l4
[15.138s] DEBUG:colcon.colcon_core.event_handler.log_command:Invoking command in '/home/john/ditto_ros_bridge/build/ditto_ros_msgs': CMAKE_PREFIX_PATH=${CMAKE_PREFIX_PATH}:/home/john/ditto_ros_bridge/install/ditto_ros_bridge:/home/john/ros2_ws/install/ditto_ros_bridge:/opt/ros/rolling /usr/bin/cmake --install /home/john/ditto_ros_bridge/build/ditto_ros_msgs
[15.282s] Level 1:colcon.colcon_core.environment:create_environment_scripts_only(ditto_ros_msgs)
[15.283s] DEBUG:colcon.colcon_core.event_handler.log_command:Invoked command in '/home/john/ditto_ros_bridge/build/ditto_ros_msgs' returned '0': CMAKE_PREFIX_PATH=${CMAKE_PREFIX_PATH}:/home/john/ditto_ros_bridge/install/ditto_ros_bridge:/home/john/ros2_ws/install/ditto_ros_bridge:/opt/ros/rolling /usr/bin/cmake --install /home/john/ditto_ros_bridge/build/ditto_ros_msgs
[15.285s] Level 1:colcon.colcon_core.environment:checking '/home/john/ditto_ros_bridge/install/ditto_ros_msgs' for CMake module files
[15.286s] Level 1:colcon.colcon_core.environment:checking '/home/john/ditto_ros_bridge/install/ditto_ros_msgs' for CMake config files
[15.287s] Level 1:colcon.colcon_core.shell:create_environment_hook('ditto_ros_msgs', 'cmake_prefix_path')
[15.287s] INFO:colcon.colcon_core.shell:Creating environment descriptor '/home/john/ditto_ros_bridge/install/ditto_ros_msgs/share/ditto_ros_msgs/hook/cmake_prefix_path.dsv'
[15.288s] INFO:colcon.colcon_core.shell:Creating environment hook '/home/john/ditto_ros_bridge/install/ditto_ros_msgs/share/ditto_ros_msgs/hook/cmake_prefix_path.sh'
[15.289s] Level 1:colcon.colcon_core.environment:checking '/home/john/ditto_ros_bridge/install/ditto_ros_msgs/lib'
[15.289s] Level 1:colcon.colcon_core.shell:create_environment_hook('ditto_ros_msgs', 'ld_library_path_lib')
[15.290s] INFO:colcon.colcon_core.shell:Creating environment descriptor '/home/john/ditto_ros_bridge/install/ditto_ros_msgs/share/ditto_ros_msgs/hook/ld_library_path_lib.dsv'
[15.290s] INFO:colcon.colcon_core.shell:Creating environment hook '/home/john/ditto_ros_bridge/install/ditto_ros_msgs/share/ditto_ros_msgs/hook/ld_library_path_lib.sh'
[15.290s] Level 1:colcon.colcon_core.environment:checking '/home/john/ditto_ros_bridge/install/ditto_ros_msgs/bin'
[15.291s] Level 1:colcon.colcon_core.environment:checking '/home/john/ditto_ros_bridge/install/ditto_ros_msgs/lib/pkgconfig/ditto_ros_msgs.pc'
[15.294s] Level 1:colcon.colcon_core.environment:checking '/home/john/ditto_ros_bridge/install/ditto_ros_msgs/lib/python3.12/site-packages'
[15.294s] Level 1:colcon.colcon_core.shell:create_environment_hook('ditto_ros_msgs', 'pythonpath')
[15.294s] INFO:colcon.colcon_core.shell:Creating environment descriptor '/home/john/ditto_ros_bridge/install/ditto_ros_msgs/share/ditto_ros_msgs/hook/pythonpath.dsv'
[15.295s] INFO:colcon.colcon_core.shell:Creating environment hook '/home/john/ditto_ros_bridge/install/ditto_ros_msgs/share/ditto_ros_msgs/hook/pythonpath.sh'
[15.296s] Level 1:colcon.colcon_core.environment:checking '/home/john/ditto_ros_bridge/install/ditto_ros_msgs/bin'
[15.296s] INFO:colcon.colcon_core.shell:Creating package descriptor '/home/john/ditto_ros_bridge/install/ditto_ros_msgs/share/ditto_ros_msgs/package.dsv'
[15.297s] INFO:colcon.colcon_core.shell:Creating package script '/home/john/ditto_ros_bridge/install/ditto_ros_msgs/share/ditto_ros_msgs/package.sh'
[15.298s] INFO:colcon.colcon_core.shell:Creating package script '/home/john/ditto_ros_bridge/install/ditto_ros_msgs/share/ditto_ros_msgs/package.bash'
[15.299s] INFO:colcon.colcon_core.shell:Creating package script '/home/john/ditto_ros_bridge/install/ditto_ros_msgs/share/ditto_ros_msgs/package.zsh'
[15.300s] Level 1:colcon.colcon_core.environment:create_file_with_runtime_dependencies(/home/john/ditto_ros_bridge/install/ditto_ros_msgs/share/colcon-core/packages/ditto_ros_msgs)
[15.302s] Level 1:colcon.colcon_core.environment:create_environment_scripts_only(ditto_ros_msgs)
[15.302s] Level 1:colcon.colcon_core.environment:checking '/home/john/ditto_ros_bridge/install/ditto_ros_msgs' for CMake module files
[15.303s] Level 1:colcon.colcon_core.environment:checking '/home/john/ditto_ros_bridge/install/ditto_ros_msgs' for CMake config files
[15.303s] Level 1:colcon.colcon_core.shell:create_environment_hook('ditto_ros_msgs', 'cmake_prefix_path')
[15.303s] INFO:colcon.colcon_core.shell:Creating environment descriptor '/home/john/ditto_ros_bridge/install/ditto_ros_msgs/share/ditto_ros_msgs/hook/cmake_prefix_path.dsv'
[15.304s] INFO:colcon.colcon_core.shell:Creating environment hook '/home/john/ditto_ros_bridge/install/ditto_ros_msgs/share/ditto_ros_msgs/hook/cmake_prefix_path.sh'
[15.305s] Level 1:colcon.colcon_core.environment:checking '/home/john/ditto_ros_bridge/install/ditto_ros_msgs/lib'
[15.305s] Level 1:colcon.colcon_core.shell:create_environment_hook('ditto_ros_msgs', 'ld_library_path_lib')
[15.305s] INFO:colcon.colcon_core.shell:Creating environment descriptor '/home/john/ditto_ros_bridge/install/ditto_ros_msgs/share/ditto_ros_msgs/hook/ld_library_path_lib.dsv'
[15.306s] INFO:colcon.colcon_core.shell:Creating environment hook '/home/john/ditto_ros_bridge/install/ditto_ros_msgs/share/ditto_ros_msgs/hook/ld_library_path_lib.sh'
[15.306s] Level 1:colcon.colcon_core.environment:checking '/home/john/ditto_ros_bridge/install/ditto_ros_msgs/bin'
[15.306s] Level 1:colcon.colcon_core.environment:checking '/home/john/ditto_ros_bridge/install/ditto_ros_msgs/lib/pkgconfig/ditto_ros_msgs.pc'
[15.307s] Level 1:colcon.colcon_core.environment:checking '/home/john/ditto_ros_bridge/install/ditto_ros_msgs/lib/python3.12/site-packages'
[15.307s] Level 1:colcon.colcon_core.shell:create_environment_hook('ditto_ros_msgs', 'pythonpath')
[15.307s] INFO:colcon.colcon_core.shell:Creating environment descriptor '/home/john/ditto_ros_bridge/install/ditto_ros_msgs/share/ditto_ros_msgs/hook/pythonpath.dsv'
[15.308s] INFO:colcon.colcon_core.shell:Creating environment hook '/home/john/ditto_ros_bridge/install/ditto_ros_msgs/share/ditto_ros_msgs/hook/pythonpath.sh'
[15.309s] Level 1:colcon.colcon_core.environment:checking '/home/john/ditto_ros_bridge/install/ditto_ros_msgs/bin'
[15.311s] INFO:colcon.colcon_core.shell:Creating package descriptor '/home/john/ditto_ros_bridge/install/ditto_ros_msgs/share/ditto_ros_msgs/package.dsv'
[15.312s] INFO:colcon.colcon_core.shell:Creating package script '/home/john/ditto_ros_bridge/install/ditto_ros_msgs/share/ditto_ros_msgs/package.sh'
[15.313s] INFO:colcon.colcon_core.shell:Creating package script '/home/john/ditto_ros_bridge/install/ditto_ros_msgs/share/ditto_ros_msgs/package.bash'
[15.313s] INFO:colcon.colcon_core.shell:Creating package script '/home/john/ditto_ros_bridge/install/ditto_ros_msgs/share/ditto_ros_msgs/package.zsh'
[15.314s] Level 1:colcon.colcon_core.environment:create_file_with_runtime_dependencies(/home/john/ditto_ros_bridge/install/ditto_ros_msgs/share/colcon-core/packages/ditto_ros_msgs)
[15.316s] DEBUG:colcon.colcon_parallel_executor.executor.parallel:closing loop
[15.316s] DEBUG:colcon.colcon_parallel_executor.executor.parallel:loop closed
[15.317s] DEBUG:colcon.colcon_parallel_executor.executor.parallel:run_until_complete finished with '0'
[15.317s] DEBUG:colcon.colcon_core.event_reactor:joining thread
[15.324s] INFO:colcon.colcon_core.plugin_system:Skipping extension 'colcon_notification.desktop_notification.terminal_notifier': Not used on non-Darwin systems
[15.325s] INFO:colcon.colcon_core.plugin_system:Skipping extension 'colcon_notification.desktop_notification.win32': Not used on non-Windows systems
[15.325s] INFO:colcon.colcon_notification.desktop_notification:Sending desktop notification using 'notify2'
[15.325s] DEBUG:colcon.colcon_notification.desktop_notification.notify2:Failed to initialize notify2: org.freedesktop.DBus.Error.FileNotFound: Failed to connect to socket /run/user/1000/bus: No such file or directory
[15.325s] DEBUG:colcon.colcon_core.event_reactor:joined thread
[15.325s] INFO:colcon.colcon_core.shell:Creating prefix script '/home/john/ditto_ros_bridge/install/local_setup.sh'
[15.326s] INFO:colcon.colcon_core.shell:Creating prefix util module '/home/john/ditto_ros_bridge/install/_local_setup_util_sh.py'
[15.328s] INFO:colcon.colcon_core.shell:Creating prefix chain script '/home/john/ditto_ros_bridge/install/setup.sh'
[15.330s] INFO:colcon.colcon_core.shell:Creating prefix script '/home/john/ditto_ros_bridge/install/local_setup.bash'
[15.331s] INFO:colcon.colcon_core.shell:Creating prefix chain script '/home/john/ditto_ros_bridge/install/setup.bash'
[15.332s] INFO:colcon.colcon_core.shell:Creating prefix script '/home/john/ditto_ros_bridge/install/local_setup.zsh'
[15.333s] INFO:colcon.colcon_core.shell:Creating prefix chain script '/home/john/ditto_ros_bridge/install/setup.zsh'
