[0.219s] DEBUG:colcon:Command line arguments: ['/usr/bin/colcon', 'build', '--packages-select', 'ditto_ros_bridge']
[0.219s] DEBUG:colcon:Parsed command line arguments: Namespace(log_base=None, log_level=None, verb_name='build', build_base='build', install_base='install', merge_install=False, symlink_install=False, test_result_base=None, continue_on_error=False, executor='parallel', parallel_workers=4, event_handlers=None, ignore_user_meta=False, metas=['./colcon.meta'], base_paths=['.'], packages_ignore=None, packages_ignore_regex=None, paths=None, packages_up_to=None, packages_up_to_regex=None, packages_above=None, packages_above_and_dependencies=None, packages_above_depth=None, packages_select_by_dep=None, packages_skip_by_dep=None, packages_skip_up_to=None, packages_select_build_failed=False, packages_skip_build_finished=False, packages_select_test_failures=False, packages_skip_test_passed=False, packages_select=['ditto_ros_bridge'], packages_skip=None, packages_select_regex=None, packages_skip_regex=None, packages_start=None, packages_end=None, cmake_args=None, cmake_target=None, cmake_target_skip_unavailable=False, cmake_clean_cache=False, cmake_clean_first=False, cmake_force_configure=False, ament_cmake_args=None, catkin_cmake_args=None, catkin_skip_building_tests=False, verb_parser=<colcon_defaults.argument_parser.defaults.DefaultArgumentsDecorator object at 0x7f2d0e5747a0>, verb_extension=<colcon_core.verb.build.BuildVerb object at 0x7f2d0e6c8410>, main=<bound method BuildVerb.main of <colcon_core.verb.build.BuildVerb object at 0x7f2d0e6c8410>>)
[0.273s] Level 1:colcon.colcon_core.package_discovery:discover_packages(colcon_meta) check parameters
[0.273s] Level 1:colcon.colcon_core.package_discovery:discover_packages(recursive) check parameters
[0.273s] Level 1:colcon.colcon_core.package_discovery:discover_packages(ignore) check parameters
[0.273s] Level 1:colcon.colcon_core.package_discovery:discover_packages(path) check parameters
[0.273s] Level 1:colcon.colcon_core.package_discovery:discover_packages(colcon_meta) discover
[0.273s] Level 1:colcon.colcon_core.package_discovery:discover_packages(recursive) discover
[0.273s] INFO:colcon.colcon_core.package_discovery:Crawling recursively for packages in '/home/john/ditto_ros_bridge'
[0.273s] Level 1:colcon.colcon_core.package_identification:_identify(.) by extensions ['ignore', 'ignore_ament_install']
[0.273s] Level 1:colcon.colcon_core.package_identification:_identify(.) by extension 'ignore'
[0.273s] Level 1:colcon.colcon_core.package_identification:_identify(.) by extension 'ignore_ament_install'
[0.273s] Level 1:colcon.colcon_core.package_identification:_identify(.) by extensions ['colcon_pkg']
[0.274s] Level 1:colcon.colcon_core.package_identification:_identify(.) by extension 'colcon_pkg'
[0.274s] Level 1:colcon.colcon_core.package_identification:_identify(.) by extensions ['colcon_meta']
[0.274s] Level 1:colcon.colcon_core.package_identification:_identify(.) by extension 'colcon_meta'
[0.274s] Level 1:colcon.colcon_core.package_identification:_identify(.) by extensions ['ros']
[0.274s] Level 1:colcon.colcon_core.package_identification:_identify(.) by extension 'ros'
[0.321s] Level 1:colcon.colcon_core.package_identification:_identify(.) by extensions ['cmake', 'python']
[0.321s] Level 1:colcon.colcon_core.package_identification:_identify(.) by extension 'cmake'
[0.321s] Level 1:colcon.colcon_core.package_identification:_identify(.) by extension 'python'
[0.321s] Level 1:colcon.colcon_core.package_identification:_identify(.) by extensions ['python_setup_py']
[0.321s] Level 1:colcon.colcon_core.package_identification:_identify(.) by extension 'python_setup_py'
[0.321s] Level 1:colcon.colcon_core.package_identification:_identify(build) by extensions ['ignore', 'ignore_ament_install']
[0.321s] Level 1:colcon.colcon_core.package_identification:_identify(build) by extension 'ignore'
[0.321s] Level 1:colcon.colcon_core.package_identification:_identify(build) ignored
[0.322s] Level 1:colcon.colcon_core.package_identification:_identify(install) by extensions ['ignore', 'ignore_ament_install']
[0.322s] Level 1:colcon.colcon_core.package_identification:_identify(install) by extension 'ignore'
[0.322s] Level 1:colcon.colcon_core.package_identification:_identify(install) ignored
[0.322s] Level 1:colcon.colcon_core.package_identification:_identify(log) by extensions ['ignore', 'ignore_ament_install']
[0.322s] Level 1:colcon.colcon_core.package_identification:_identify(log) by extension 'ignore'
[0.322s] Level 1:colcon.colcon_core.package_identification:_identify(log) ignored
[0.322s] Level 1:colcon.colcon_core.package_identification:_identify(src) by extensions ['ignore', 'ignore_ament_install']
[0.322s] Level 1:colcon.colcon_core.package_identification:_identify(src) by extension 'ignore'
[0.322s] Level 1:colcon.colcon_core.package_identification:_identify(src) by extension 'ignore_ament_install'
[0.323s] Level 1:colcon.colcon_core.package_identification:_identify(src) by extensions ['colcon_pkg']
[0.323s] Level 1:colcon.colcon_core.package_identification:_identify(src) by extension 'colcon_pkg'
[0.323s] Level 1:colcon.colcon_core.package_identification:_identify(src) by extensions ['colcon_meta']
[0.323s] Level 1:colcon.colcon_core.package_identification:_identify(src) by extension 'colcon_meta'
[0.323s] Level 1:colcon.colcon_core.package_identification:_identify(src) by extensions ['ros']
[0.323s] Level 1:colcon.colcon_core.package_identification:_identify(src) by extension 'ros'
[0.323s] Level 1:colcon.colcon_core.package_identification:_identify(src) by extensions ['cmake', 'python']
[0.323s] Level 1:colcon.colcon_core.package_identification:_identify(src) by extension 'cmake'
[0.323s] Level 1:colcon.colcon_core.package_identification:_identify(src) by extension 'python'
[0.323s] Level 1:colcon.colcon_core.package_identification:_identify(src) by extensions ['python_setup_py']
[0.323s] Level 1:colcon.colcon_core.package_identification:_identify(src) by extension 'python_setup_py'
[0.323s] Level 1:colcon.colcon_core.package_identification:_identify(src/ditto_ros_bridge) by extensions ['ignore', 'ignore_ament_install']
[0.324s] Level 1:colcon.colcon_core.package_identification:_identify(src/ditto_ros_bridge) by extension 'ignore'
[0.324s] Level 1:colcon.colcon_core.package_identification:_identify(src/ditto_ros_bridge) by extension 'ignore_ament_install'
[0.324s] Level 1:colcon.colcon_core.package_identification:_identify(src/ditto_ros_bridge) by extensions ['colcon_pkg']
[0.324s] Level 1:colcon.colcon_core.package_identification:_identify(src/ditto_ros_bridge) by extension 'colcon_pkg'
[0.324s] Level 1:colcon.colcon_core.package_identification:_identify(src/ditto_ros_bridge) by extensions ['colcon_meta']
[0.324s] Level 1:colcon.colcon_core.package_identification:_identify(src/ditto_ros_bridge) by extension 'colcon_meta'
[0.324s] Level 1:colcon.colcon_core.package_identification:_identify(src/ditto_ros_bridge) by extensions ['ros']
[0.324s] Level 1:colcon.colcon_core.package_identification:_identify(src/ditto_ros_bridge) by extension 'ros'
[0.328s] DEBUG:colcon.colcon_core.package_identification:Package 'src/ditto_ros_bridge' with type 'ros.ament_python' and name 'ditto_ros_bridge'
[0.328s] Level 1:colcon.colcon_core.package_identification:_identify(src/ditto_ros_msgs) by extensions ['ignore', 'ignore_ament_install']
[0.328s] Level 1:colcon.colcon_core.package_identification:_identify(src/ditto_ros_msgs) by extension 'ignore'
[0.329s] Level 1:colcon.colcon_core.package_identification:_identify(src/ditto_ros_msgs) by extension 'ignore_ament_install'
[0.329s] Level 1:colcon.colcon_core.package_identification:_identify(src/ditto_ros_msgs) by extensions ['colcon_pkg']
[0.329s] Level 1:colcon.colcon_core.package_identification:_identify(src/ditto_ros_msgs) by extension 'colcon_pkg'
[0.329s] Level 1:colcon.colcon_core.package_identification:_identify(src/ditto_ros_msgs) by extensions ['colcon_meta']
[0.330s] Level 1:colcon.colcon_core.package_identification:_identify(src/ditto_ros_msgs) by extension 'colcon_meta'
[0.330s] Level 1:colcon.colcon_core.package_identification:_identify(src/ditto_ros_msgs) by extensions ['ros']
[0.330s] Level 1:colcon.colcon_core.package_identification:_identify(src/ditto_ros_msgs) by extension 'ros'
[0.331s] DEBUG:colcon.colcon_core.package_identification:Package 'src/ditto_ros_msgs' with type 'ros.ament_cmake' and name 'ditto_ros_msgs'
[0.331s] Level 1:colcon.colcon_core.package_discovery:discover_packages(recursive) using defaults
[0.331s] Level 1:colcon.colcon_core.package_discovery:discover_packages(ignore) discover
[0.331s] Level 1:colcon.colcon_core.package_discovery:discover_packages(ignore) using defaults
[0.331s] Level 1:colcon.colcon_core.package_discovery:discover_packages(path) discover
[0.331s] Level 1:colcon.colcon_core.package_discovery:discover_packages(path) using defaults
[0.360s] INFO:colcon.colcon_core.package_selection:Skipping not selected package 'ditto_ros_msgs' in 'src/ditto_ros_msgs'
[0.361s] Level 5:colcon.colcon_core.verb:set package 'ditto_ros_bridge' build argument 'cmake_args' from command line to 'None'
[0.361s] Level 5:colcon.colcon_core.verb:set package 'ditto_ros_bridge' build argument 'cmake_target' from command line to 'None'
[0.361s] Level 5:colcon.colcon_core.verb:set package 'ditto_ros_bridge' build argument 'cmake_target_skip_unavailable' from command line to 'False'
[0.361s] Level 5:colcon.colcon_core.verb:set package 'ditto_ros_bridge' build argument 'cmake_clean_cache' from command line to 'False'
[0.361s] Level 5:colcon.colcon_core.verb:set package 'ditto_ros_bridge' build argument 'cmake_clean_first' from command line to 'False'
[0.361s] Level 5:colcon.colcon_core.verb:set package 'ditto_ros_bridge' build argument 'cmake_force_configure' from command line to 'False'
[0.361s] Level 5:colcon.colcon_core.verb:set package 'ditto_ros_bridge' build argument 'ament_cmake_args' from command line to 'None'
[0.361s] Level 5:colcon.colcon_core.verb:set package 'ditto_ros_bridge' build argument 'catkin_cmake_args' from command line to 'None'
[0.361s] Level 5:colcon.colcon_core.verb:set package 'ditto_ros_bridge' build argument 'catkin_skip_building_tests' from command line to 'False'
[0.361s] DEBUG:colcon.colcon_core.verb:Building package 'ditto_ros_bridge' with the following arguments: {'ament_cmake_args': None, 'build_base': '/home/john/ditto_ros_bridge/build/ditto_ros_bridge', 'catkin_cmake_args': None, 'catkin_skip_building_tests': False, 'cmake_args': None, 'cmake_clean_cache': False, 'cmake_clean_first': False, 'cmake_force_configure': False, 'cmake_target': None, 'cmake_target_skip_unavailable': False, 'install_base': '/home/john/ditto_ros_bridge/install/ditto_ros_bridge', 'merge_install': False, 'path': '/home/john/ditto_ros_bridge/src/ditto_ros_bridge', 'symlink_install': False, 'test_result_base': None}
[0.361s] INFO:colcon.colcon_core.executor:Executing jobs using 'parallel' executor
[0.363s] DEBUG:colcon.colcon_parallel_executor.executor.parallel:run_until_complete
[0.363s] INFO:colcon.colcon_ros.task.ament_python.build:Building ROS package in '/home/john/ditto_ros_bridge/src/ditto_ros_bridge' with build type 'ament_python'
[0.363s] Level 1:colcon.colcon_core.shell:create_environment_hook('ditto_ros_bridge', 'ament_prefix_path')
[0.368s] INFO:colcon.colcon_core.plugin_system:Skipping extension 'colcon_core.shell.bat': Not used on non-Windows systems
[0.368s] INFO:colcon.colcon_core.shell:Creating environment descriptor '/home/john/ditto_ros_bridge/install/ditto_ros_bridge/share/ditto_ros_bridge/hook/ament_prefix_path.dsv'
[0.369s] INFO:colcon.colcon_core.shell:Creating environment hook '/home/john/ditto_ros_bridge/install/ditto_ros_bridge/share/ditto_ros_bridge/hook/ament_prefix_path.sh'
[0.370s] DEBUG:colcon.colcon_core.shell:Skip shell extension 'dsv' for command environment
[0.853s] INFO:colcon.colcon_core.task.python.build:Building Python package in '/home/john/ditto_ros_bridge/src/ditto_ros_bridge'
[0.853s] DEBUG:colcon.colcon_core.shell:Skip shell extension 'dsv' for command environment
[2.075s] DEBUG:colcon.colcon_core.event_handler.log_command:Invoking command in '/home/john/ditto_ros_bridge/src/ditto_ros_bridge': PYTHONPATH=/home/john/ditto_ros_bridge/build/ditto_ros_bridge/prefix_override:/usr/lib/python3/dist-packages/colcon_core/task/python/colcon_distutils_commands:/home/john/ditto_ros_bridge/install/ditto_ros_bridge/lib/python3.12/site-packages:${PYTHONPATH} /usr/bin/python3 -W ignore:setup.py install is deprecated -W ignore:easy_install command is deprecated setup.py egg_info --egg-base ../../build/ditto_ros_bridge build --build-base /home/john/ditto_ros_bridge/build/ditto_ros_bridge/build install --record /home/john/ditto_ros_bridge/build/ditto_ros_bridge/install.log --single-version-externally-managed install_data
[2.983s] DEBUG:colcon.colcon_core.event_handler.log_command:Invoked command in '/home/john/ditto_ros_bridge/src/ditto_ros_bridge' returned '0': PYTHONPATH=/home/john/ditto_ros_bridge/build/ditto_ros_bridge/prefix_override:/usr/lib/python3/dist-packages/colcon_core/task/python/colcon_distutils_commands:/home/john/ditto_ros_bridge/install/ditto_ros_bridge/lib/python3.12/site-packages:${PYTHONPATH} /usr/bin/python3 -W ignore:setup.py install is deprecated -W ignore:easy_install command is deprecated setup.py egg_info --egg-base ../../build/ditto_ros_bridge build --build-base /home/john/ditto_ros_bridge/build/ditto_ros_bridge/build install --record /home/john/ditto_ros_bridge/build/ditto_ros_bridge/install.log --single-version-externally-managed install_data
[2.986s] Level 1:colcon.colcon_core.environment:checking '/home/john/ditto_ros_bridge/install/ditto_ros_bridge' for CMake module files
[2.987s] Level 1:colcon.colcon_core.environment:checking '/home/john/ditto_ros_bridge/install/ditto_ros_bridge' for CMake config files
[2.988s] Level 1:colcon.colcon_core.environment:checking '/home/john/ditto_ros_bridge/install/ditto_ros_bridge/lib'
[2.988s] Level 1:colcon.colcon_core.environment:checking '/home/john/ditto_ros_bridge/install/ditto_ros_bridge/bin'
[2.989s] Level 1:colcon.colcon_core.environment:checking '/home/john/ditto_ros_bridge/install/ditto_ros_bridge/lib/pkgconfig/ditto_ros_bridge.pc'
[2.989s] Level 1:colcon.colcon_core.environment:checking '/home/john/ditto_ros_bridge/install/ditto_ros_bridge/lib/python3.12/site-packages'
[2.989s] Level 1:colcon.colcon_core.shell:create_environment_hook('ditto_ros_bridge', 'pythonpath')
[2.989s] INFO:colcon.colcon_core.shell:Creating environment descriptor '/home/john/ditto_ros_bridge/install/ditto_ros_bridge/share/ditto_ros_bridge/hook/pythonpath.dsv'
[2.990s] INFO:colcon.colcon_core.shell:Creating environment hook '/home/john/ditto_ros_bridge/install/ditto_ros_bridge/share/ditto_ros_bridge/hook/pythonpath.sh'
[2.990s] Level 1:colcon.colcon_core.environment:checking '/home/john/ditto_ros_bridge/install/ditto_ros_bridge/bin'
[2.991s] Level 1:colcon.colcon_core.environment:create_environment_scripts_only(ditto_ros_bridge)
[2.991s] INFO:colcon.colcon_core.shell:Creating package descriptor '/home/john/ditto_ros_bridge/install/ditto_ros_bridge/share/ditto_ros_bridge/package.dsv'
[2.991s] INFO:colcon.colcon_core.shell:Creating package script '/home/john/ditto_ros_bridge/install/ditto_ros_bridge/share/ditto_ros_bridge/package.sh'
[2.992s] INFO:colcon.colcon_core.shell:Creating package script '/home/john/ditto_ros_bridge/install/ditto_ros_bridge/share/ditto_ros_bridge/package.bash'
[2.993s] INFO:colcon.colcon_core.shell:Creating package script '/home/john/ditto_ros_bridge/install/ditto_ros_bridge/share/ditto_ros_bridge/package.zsh'
[2.994s] Level 1:colcon.colcon_core.environment:create_file_with_runtime_dependencies(/home/john/ditto_ros_bridge/install/ditto_ros_bridge/share/colcon-core/packages/ditto_ros_bridge)
[2.994s] DEBUG:colcon.colcon_parallel_executor.executor.parallel:closing loop
[2.995s] DEBUG:colcon.colcon_parallel_executor.executor.parallel:loop closed
[2.995s] DEBUG:colcon.colcon_parallel_executor.executor.parallel:run_until_complete finished with '0'
[2.995s] DEBUG:colcon.colcon_core.event_reactor:joining thread
[3.005s] INFO:colcon.colcon_core.plugin_system:Skipping extension 'colcon_notification.desktop_notification.terminal_notifier': Not used on non-Darwin systems
[3.005s] INFO:colcon.colcon_core.plugin_system:Skipping extension 'colcon_notification.desktop_notification.win32': Not used on non-Windows systems
[3.005s] INFO:colcon.colcon_notification.desktop_notification:Sending desktop notification using 'notify2'
[3.005s] DEBUG:colcon.colcon_notification.desktop_notification.notify2:Failed to initialize notify2: org.freedesktop.DBus.Error.FileNotFound: Failed to connect to socket /run/user/1000/bus: No such file or directory
[3.005s] DEBUG:colcon.colcon_core.event_reactor:joined thread
[3.005s] INFO:colcon.colcon_core.shell:Creating prefix script '/home/john/ditto_ros_bridge/install/local_setup.sh'
[3.006s] INFO:colcon.colcon_core.shell:Creating prefix util module '/home/john/ditto_ros_bridge/install/_local_setup_util_sh.py'
[3.008s] INFO:colcon.colcon_core.shell:Creating prefix chain script '/home/john/ditto_ros_bridge/install/setup.sh'
[3.009s] INFO:colcon.colcon_core.shell:Creating prefix script '/home/john/ditto_ros_bridge/install/local_setup.bash'
[3.010s] INFO:colcon.colcon_core.shell:Creating prefix chain script '/home/john/ditto_ros_bridge/install/setup.bash'
[3.012s] INFO:colcon.colcon_core.shell:Creating prefix script '/home/john/ditto_ros_bridge/install/local_setup.zsh'
[3.012s] INFO:colcon.colcon_core.shell:Creating prefix chain script '/home/john/ditto_ros_bridge/install/setup.zsh'
