[1.638s] Invoking command in '/home/john/ditto_ros_bridge/src/ditto_ros_bridge': PYTHONPATH=/home/john/ditto_ros_bridge/build/ditto_ros_bridge/prefix_override:/usr/lib/python3/dist-packages/colcon_core/task/python/colcon_distutils_commands:/home/john/ditto_ros_bridge/install/ditto_ros_bridge/lib/python3.12/site-packages:${PYTHONPATH} /usr/bin/python3 -W ignore:setup.py install is deprecated -W ignore:easy_install command is deprecated setup.py egg_info --egg-base ../../build/ditto_ros_bridge build --build-base /home/john/ditto_ros_bridge/build/ditto_ros_bridge/build install --record /home/john/ditto_ros_bridge/build/ditto_ros_bridge/install.log --single-version-externally-managed install_data
[2.165s] running egg_info
[2.203s] writing ../../build/ditto_ros_bridge/ditto_ros_bridge.egg-info/PKG-INFO
[2.203s] writing dependency_links to ../../build/ditto_ros_bridge/ditto_ros_bridge.egg-info/dependency_links.txt
[2.203s] writing entry points to ../../build/ditto_ros_bridge/ditto_ros_bridge.egg-info/entry_points.txt
[2.204s] writing requirements to ../../build/ditto_ros_bridge/ditto_ros_bridge.egg-info/requires.txt
[2.204s] writing top-level names to ../../build/ditto_ros_bridge/ditto_ros_bridge.egg-info/top_level.txt
[2.266s] reading manifest file '../../build/ditto_ros_bridge/ditto_ros_bridge.egg-info/SOURCES.txt'
[2.268s] writing manifest file '../../build/ditto_ros_bridge/ditto_ros_bridge.egg-info/SOURCES.txt'
[2.268s] running build
[2.268s] running build_py
[2.269s] running install
[2.279s] running install_lib
[2.310s] running install_data
[2.310s] running install_egg_info
[2.345s] removing '/home/john/ditto_ros_bridge/install/ditto_ros_bridge/lib/python3.12/site-packages/ditto_ros_bridge-0.1.0-py3.12.egg-info' (and everything under it)
[2.346s] Copying ../../build/ditto_ros_bridge/ditto_ros_bridge.egg-info to /home/john/ditto_ros_bridge/install/ditto_ros_bridge/lib/python3.12/site-packages/ditto_ros_bridge-0.1.0-py3.12.egg-info
[2.347s] running install_scripts
[2.556s] Installing bridge_node script to /home/john/ditto_ros_bridge/install/ditto_ros_bridge/lib/ditto_ros_bridge
[2.557s] writing list of installed files to '/home/john/ditto_ros_bridge/build/ditto_ros_bridge/install.log'
[2.627s] Invoked command in '/home/john/ditto_ros_bridge/src/ditto_ros_bridge' returned '0': PYTHONPATH=/home/john/ditto_ros_bridge/build/ditto_ros_bridge/prefix_override:/usr/lib/python3/dist-packages/colcon_core/task/python/colcon_distutils_commands:/home/john/ditto_ros_bridge/install/ditto_ros_bridge/lib/python3.12/site-packages:${PYTHONPATH} /usr/bin/python3 -W ignore:setup.py install is deprecated -W ignore:easy_install command is deprecated setup.py egg_info --egg-base ../../build/ditto_ros_bridge build --build-base /home/john/ditto_ros_bridge/build/ditto_ros_bridge/build install --record /home/john/ditto_ros_bridge/build/ditto_ros_bridge/install.log --single-version-externally-managed install_data
