-- Found ament_cmake: 2.7.2 (/opt/ros/rolling/share/ament_cmake/cmake)
-- Found rosidl_default_generators: 1.7.1 (/opt/ros/rolling/share/rosidl_default_generators/cmake)
-- Using all available rosidl_typesupport_c: rosidl_typesupport_fastrtps_c;rosidl_typesupport_introspection_c
-- Using all available rosidl_typesupport_cpp: rosidl_typesupport_fastrtps_cpp;rosidl_typesupport_introspection_cpp
-- Found rosidl_adapter: 4.9.3 (/opt/ros/rolling/share/rosidl_adapter/cmake)
-- Found geometry_msgs: 5.4.2 (/opt/ros/rolling/share/geometry_msgs/cmake)
-- Found ament_cmake_ros: 0.13.1 (/opt/ros/rolling/share/ament_cmake_ros/cmake)
-- Using all available rosidl_typesupport_c: rosidl_typesupport_fastrtps_c;rosidl_typesupport_introspection_c
-- Using all available rosidl_typesupport_cpp: rosidl_typesupport_fastrtps_cpp;rosidl_typesupport_introspection_cpp
-- Found Python3: /usr/bin/python3 (found version "3.12.3") found components: Interpreter Development NumPy Development.Module Development.Embed 
-- Configuring done (2.2s)
-- Generating done (0.1s)
-- Build files have been written to: /home/john/ditto_ros_bridge/build/ditto_ros_msgs
[  1%] Built target ditto_ros_msgs__rosidl_generator_type_description
[  1%] Built target ament_cmake_python_copy_ditto_ros_msgs
[  3%] Built target ditto_ros_msgs__cpp
[ 25%] Built target ditto_ros_msgs__rosidl_generator_c
[ 34%] Built target ditto_ros_msgs__rosidl_typesupport_introspection_c
[ 43%] Built target ditto_ros_msgs__rosidl_typesupport_c
[ 48%] [32m[1mLinking CXX shared library libditto_ros_msgs__rosidl_typesupport_introspection_cpp.so[0m
[ 54%] Built target ditto_ros_msgs__rosidl_typesupport_fastrtps_cpp
[ 56%] [32mBuilding CXX object CMakeFiles/ditto_ros_msgs__rosidl_typesupport_cpp.dir/rosidl_typesupport_cpp/ditto_ros_msgs/msg/alert__type_support.cpp.o[0m
[ 65%] Built target ditto_ros_msgs__rosidl_typesupport_fastrtps_c
[ 67%] [32mBuilding CXX object CMakeFiles/ditto_ros_msgs__rosidl_typesupport_cpp.dir/rosidl_typesupport_cpp/ditto_ros_msgs/msg/relationship__type_support.cpp.o[0m
[ 75%] Built target ditto_ros_msgs__rosidl_typesupport_introspection_cpp
running egg_info
writing ditto_ros_msgs.egg-info/PKG-INFO
writing dependency_links to ditto_ros_msgs.egg-info/dependency_links.txt
writing top-level names to ditto_ros_msgs.egg-info/top_level.txt
reading manifest file 'ditto_ros_msgs.egg-info/SOURCES.txt'
writing manifest file 'ditto_ros_msgs.egg-info/SOURCES.txt'
[ 75%] Built target ament_cmake_python_build_ditto_ros_msgs_egg
[ 76%] [32m[1mLinking CXX shared library libditto_ros_msgs__rosidl_typesupport_cpp.so[0m
[ 81%] Built target ditto_ros_msgs__rosidl_typesupport_cpp
[ 81%] Built target ditto_ros_msgs
[ 82%] Built target ditto_ros_msgs__py
[ 90%] Built target ditto_ros_msgs__rosidl_generator_py
[ 96%] Built target ditto_ros_msgs_s__rosidl_typesupport_introspection_c
[ 96%] Built target ditto_ros_msgs_s__rosidl_typesupport_c
[100%] Built target ditto_ros_msgs_s__rosidl_typesupport_fastrtps_c
-- Install configuration: ""
-- Up-to-date: /home/john/ditto_ros_bridge/install/ditto_ros_msgs/share/ament_index/resource_index/rosidl_interfaces/ditto_ros_msgs
-- Up-to-date: /home/john/ditto_ros_bridge/install/ditto_ros_msgs/share/ditto_ros_msgs/msg/AssetMetadata.json
-- Up-to-date: /home/john/ditto_ros_bridge/install/ditto_ros_msgs/share/ditto_ros_msgs/msg/Alert.json
-- Up-to-date: /home/john/ditto_ros_bridge/install/ditto_ros_msgs/share/ditto_ros_msgs/msg/Relationship.json
-- Up-to-date: /home/john/ditto_ros_bridge/install/ditto_ros_msgs/share/ditto_ros_msgs/msg/MachineStatus.json
-- Up-to-date: /home/john/ditto_ros_bridge/install/ditto_ros_msgs/include/ditto_ros_msgs/ditto_ros_msgs
-- Up-to-date: /home/john/ditto_ros_bridge/install/ditto_ros_msgs/include/ditto_ros_msgs/ditto_ros_msgs/msg
-- Up-to-date: /home/john/ditto_ros_bridge/install/ditto_ros_msgs/include/ditto_ros_msgs/ditto_ros_msgs/msg/detail
-- Up-to-date: /home/john/ditto_ros_bridge/install/ditto_ros_msgs/include/ditto_ros_msgs/ditto_ros_msgs/msg/detail/machine_status__type_support.c
-- Up-to-date: /home/john/ditto_ros_bridge/install/ditto_ros_msgs/include/ditto_ros_msgs/ditto_ros_msgs/msg/detail/asset_metadata__type_support.c
-- Up-to-date: /home/john/ditto_ros_bridge/install/ditto_ros_msgs/include/ditto_ros_msgs/ditto_ros_msgs/msg/detail/relationship__type_support.c
-- Up-to-date: /home/john/ditto_ros_bridge/install/ditto_ros_msgs/include/ditto_ros_msgs/ditto_ros_msgs/msg/detail/alert__type_support.c
-- Up-to-date: /home/john/ditto_ros_bridge/install/ditto_ros_msgs/include/ditto_ros_msgs/ditto_ros_msgs/msg/detail/relationship__type_support.h
-- Up-to-date: /home/john/ditto_ros_bridge/install/ditto_ros_msgs/include/ditto_ros_msgs/ditto_ros_msgs/msg/detail/relationship__functions.c
-- Up-to-date: /home/john/ditto_ros_bridge/install/ditto_ros_msgs/include/ditto_ros_msgs/ditto_ros_msgs/msg/detail/alert__functions.h
-- Up-to-date: /home/john/ditto_ros_bridge/install/ditto_ros_msgs/include/ditto_ros_msgs/ditto_ros_msgs/msg/detail/alert__type_support.h
-- Up-to-date: /home/john/ditto_ros_bridge/install/ditto_ros_msgs/include/ditto_ros_msgs/ditto_ros_msgs/msg/detail/asset_metadata__functions.c
-- Up-to-date: /home/john/ditto_ros_bridge/install/ditto_ros_msgs/include/ditto_ros_msgs/ditto_ros_msgs/msg/detail/machine_status__functions.h
-- Up-to-date: /home/john/ditto_ros_bridge/install/ditto_ros_msgs/include/ditto_ros_msgs/ditto_ros_msgs/msg/detail/machine_status__functions.c
-- Up-to-date: /home/john/ditto_ros_bridge/install/ditto_ros_msgs/include/ditto_ros_msgs/ditto_ros_msgs/msg/detail/alert__functions.c
-- Up-to-date: /home/john/ditto_ros_bridge/install/ditto_ros_msgs/include/ditto_ros_msgs/ditto_ros_msgs/msg/detail/asset_metadata__description.c
-- Up-to-date: /home/john/ditto_ros_bridge/install/ditto_ros_msgs/include/ditto_ros_msgs/ditto_ros_msgs/msg/detail/asset_metadata__type_support.h
-- Up-to-date: /home/john/ditto_ros_bridge/install/ditto_ros_msgs/include/ditto_ros_msgs/ditto_ros_msgs/msg/detail/relationship__description.c
-- Up-to-date: /home/john/ditto_ros_bridge/install/ditto_ros_msgs/include/ditto_ros_msgs/ditto_ros_msgs/msg/detail/machine_status__type_support.h
-- Up-to-date: /home/john/ditto_ros_bridge/install/ditto_ros_msgs/include/ditto_ros_msgs/ditto_ros_msgs/msg/detail/relationship__functions.h
-- Up-to-date: /home/john/ditto_ros_bridge/install/ditto_ros_msgs/include/ditto_ros_msgs/ditto_ros_msgs/msg/detail/asset_metadata__functions.h
-- Up-to-date: /home/john/ditto_ros_bridge/install/ditto_ros_msgs/include/ditto_ros_msgs/ditto_ros_msgs/msg/detail/relationship__struct.h
-- Up-to-date: /home/john/ditto_ros_bridge/install/ditto_ros_msgs/include/ditto_ros_msgs/ditto_ros_msgs/msg/detail/alert__description.c
-- Up-to-date: /home/john/ditto_ros_bridge/install/ditto_ros_msgs/include/ditto_ros_msgs/ditto_ros_msgs/msg/detail/machine_status__description.c
-- Up-to-date: /home/john/ditto_ros_bridge/install/ditto_ros_msgs/include/ditto_ros_msgs/ditto_ros_msgs/msg/detail/machine_status__struct.h
-- Up-to-date: /home/john/ditto_ros_bridge/install/ditto_ros_msgs/include/ditto_ros_msgs/ditto_ros_msgs/msg/detail/asset_metadata__struct.h
-- Up-to-date: /home/john/ditto_ros_bridge/install/ditto_ros_msgs/include/ditto_ros_msgs/ditto_ros_msgs/msg/detail/alert__struct.h
-- Up-to-date: /home/john/ditto_ros_bridge/install/ditto_ros_msgs/include/ditto_ros_msgs/ditto_ros_msgs/msg/machine_status.h
-- Up-to-date: /home/john/ditto_ros_bridge/install/ditto_ros_msgs/include/ditto_ros_msgs/ditto_ros_msgs/msg/rosidl_generator_c__visibility_control.h
-- Up-to-date: /home/john/ditto_ros_bridge/install/ditto_ros_msgs/include/ditto_ros_msgs/ditto_ros_msgs/msg/relationship.h
-- Up-to-date: /home/john/ditto_ros_bridge/install/ditto_ros_msgs/include/ditto_ros_msgs/ditto_ros_msgs/msg/asset_metadata.h
-- Up-to-date: /home/john/ditto_ros_bridge/install/ditto_ros_msgs/include/ditto_ros_msgs/ditto_ros_msgs/msg/alert.h
-- Up-to-date: /home/john/ditto_ros_bridge/install/ditto_ros_msgs/share/ditto_ros_msgs/environment/library_path.sh
-- Up-to-date: /home/john/ditto_ros_bridge/install/ditto_ros_msgs/share/ditto_ros_msgs/environment/library_path.dsv
-- Up-to-date: /home/john/ditto_ros_bridge/install/ditto_ros_msgs/lib/libditto_ros_msgs__rosidl_generator_c.so
-- Up-to-date: /home/john/ditto_ros_bridge/install/ditto_ros_msgs/include/ditto_ros_msgs/ditto_ros_msgs
-- Up-to-date: /home/john/ditto_ros_bridge/install/ditto_ros_msgs/include/ditto_ros_msgs/ditto_ros_msgs/msg
-- Up-to-date: /home/john/ditto_ros_bridge/install/ditto_ros_msgs/include/ditto_ros_msgs/ditto_ros_msgs/msg/detail
-- Up-to-date: /home/john/ditto_ros_bridge/install/ditto_ros_msgs/include/ditto_ros_msgs/ditto_ros_msgs/msg/detail/relationship__rosidl_typesupport_fastrtps_c.h
-- Up-to-date: /home/john/ditto_ros_bridge/install/ditto_ros_msgs/include/ditto_ros_msgs/ditto_ros_msgs/msg/detail/alert__rosidl_typesupport_fastrtps_c.h
-- Up-to-date: /home/john/ditto_ros_bridge/install/ditto_ros_msgs/include/ditto_ros_msgs/ditto_ros_msgs/msg/detail/asset_metadata__rosidl_typesupport_fastrtps_c.h
-- Up-to-date: /home/john/ditto_ros_bridge/install/ditto_ros_msgs/include/ditto_ros_msgs/ditto_ros_msgs/msg/detail/machine_status__rosidl_typesupport_fastrtps_c.h
-- Up-to-date: /home/john/ditto_ros_bridge/install/ditto_ros_msgs/include/ditto_ros_msgs/ditto_ros_msgs/msg/rosidl_typesupport_fastrtps_c__visibility_control.h
-- Up-to-date: /home/john/ditto_ros_bridge/install/ditto_ros_msgs/lib/libditto_ros_msgs__rosidl_typesupport_fastrtps_c.so
-- Up-to-date: /home/john/ditto_ros_bridge/install/ditto_ros_msgs/include/ditto_ros_msgs/ditto_ros_msgs
-- Up-to-date: /home/john/ditto_ros_bridge/install/ditto_ros_msgs/include/ditto_ros_msgs/ditto_ros_msgs/msg
-- Up-to-date: /home/john/ditto_ros_bridge/install/ditto_ros_msgs/include/ditto_ros_msgs/ditto_ros_msgs/msg/detail
-- Up-to-date: /home/john/ditto_ros_bridge/install/ditto_ros_msgs/include/ditto_ros_msgs/ditto_ros_msgs/msg/detail/machine_status__type_support.c
-- Up-to-date: /home/john/ditto_ros_bridge/install/ditto_ros_msgs/include/ditto_ros_msgs/ditto_ros_msgs/msg/detail/asset_metadata__type_support.c
-- Up-to-date: /home/john/ditto_ros_bridge/install/ditto_ros_msgs/include/ditto_ros_msgs/ditto_ros_msgs/msg/detail/relationship__type_support.c
-- Up-to-date: /home/john/ditto_ros_bridge/install/ditto_ros_msgs/include/ditto_ros_msgs/ditto_ros_msgs/msg/detail/alert__type_support.c
-- Up-to-date: /home/john/ditto_ros_bridge/install/ditto_ros_msgs/include/ditto_ros_msgs/ditto_ros_msgs/msg/detail/relationship__rosidl_typesupport_introspection_c.h
-- Up-to-date: /home/john/ditto_ros_bridge/install/ditto_ros_msgs/include/ditto_ros_msgs/ditto_ros_msgs/msg/detail/asset_metadata__rosidl_typesupport_introspection_c.h
-- Up-to-date: /home/john/ditto_ros_bridge/install/ditto_ros_msgs/include/ditto_ros_msgs/ditto_ros_msgs/msg/detail/alert__rosidl_typesupport_introspection_c.h
-- Up-to-date: /home/john/ditto_ros_bridge/install/ditto_ros_msgs/include/ditto_ros_msgs/ditto_ros_msgs/msg/detail/machine_status__rosidl_typesupport_introspection_c.h
-- Up-to-date: /home/john/ditto_ros_bridge/install/ditto_ros_msgs/include/ditto_ros_msgs/ditto_ros_msgs/msg/rosidl_typesupport_introspection_c__visibility_control.h
-- Up-to-date: /home/john/ditto_ros_bridge/install/ditto_ros_msgs/lib/libditto_ros_msgs__rosidl_typesupport_introspection_c.so
-- Up-to-date: /home/john/ditto_ros_bridge/install/ditto_ros_msgs/lib/libditto_ros_msgs__rosidl_typesupport_c.so
-- Up-to-date: /home/john/ditto_ros_bridge/install/ditto_ros_msgs/include/ditto_ros_msgs/ditto_ros_msgs
-- Up-to-date: /home/john/ditto_ros_bridge/install/ditto_ros_msgs/include/ditto_ros_msgs/ditto_ros_msgs/msg
-- Up-to-date: /home/john/ditto_ros_bridge/install/ditto_ros_msgs/include/ditto_ros_msgs/ditto_ros_msgs/msg/detail
-- Up-to-date: /home/john/ditto_ros_bridge/install/ditto_ros_msgs/include/ditto_ros_msgs/ditto_ros_msgs/msg/detail/alert__type_support.hpp
-- Up-to-date: /home/john/ditto_ros_bridge/install/ditto_ros_msgs/include/ditto_ros_msgs/ditto_ros_msgs/msg/detail/relationship__builder.hpp
-- Up-to-date: /home/john/ditto_ros_bridge/install/ditto_ros_msgs/include/ditto_ros_msgs/ditto_ros_msgs/msg/detail/asset_metadata__traits.hpp
-- Up-to-date: /home/john/ditto_ros_bridge/install/ditto_ros_msgs/include/ditto_ros_msgs/ditto_ros_msgs/msg/detail/machine_status__struct.hpp
-- Up-to-date: /home/john/ditto_ros_bridge/install/ditto_ros_msgs/include/ditto_ros_msgs/ditto_ros_msgs/msg/detail/relationship__type_support.hpp
-- Up-to-date: /home/john/ditto_ros_bridge/install/ditto_ros_msgs/include/ditto_ros_msgs/ditto_ros_msgs/msg/detail/machine_status__builder.hpp
-- Up-to-date: /home/john/ditto_ros_bridge/install/ditto_ros_msgs/include/ditto_ros_msgs/ditto_ros_msgs/msg/detail/relationship__traits.hpp
-- Up-to-date: /home/john/ditto_ros_bridge/install/ditto_ros_msgs/include/ditto_ros_msgs/ditto_ros_msgs/msg/detail/asset_metadata__struct.hpp
-- Up-to-date: /home/john/ditto_ros_bridge/install/ditto_ros_msgs/include/ditto_ros_msgs/ditto_ros_msgs/msg/detail/asset_metadata__type_support.hpp
-- Up-to-date: /home/john/ditto_ros_bridge/install/ditto_ros_msgs/include/ditto_ros_msgs/ditto_ros_msgs/msg/detail/alert__struct.hpp
-- Up-to-date: /home/john/ditto_ros_bridge/install/ditto_ros_msgs/include/ditto_ros_msgs/ditto_ros_msgs/msg/detail/alert__builder.hpp
-- Up-to-date: /home/john/ditto_ros_bridge/install/ditto_ros_msgs/include/ditto_ros_msgs/ditto_ros_msgs/msg/detail/alert__traits.hpp
-- Up-to-date: /home/john/ditto_ros_bridge/install/ditto_ros_msgs/include/ditto_ros_msgs/ditto_ros_msgs/msg/detail/asset_metadata__builder.hpp
-- Up-to-date: /home/john/ditto_ros_bridge/install/ditto_ros_msgs/include/ditto_ros_msgs/ditto_ros_msgs/msg/detail/relationship__struct.hpp
-- Up-to-date: /home/john/ditto_ros_bridge/install/ditto_ros_msgs/include/ditto_ros_msgs/ditto_ros_msgs/msg/detail/machine_status__type_support.hpp
-- Up-to-date: /home/john/ditto_ros_bridge/install/ditto_ros_msgs/include/ditto_ros_msgs/ditto_ros_msgs/msg/detail/machine_status__traits.hpp
-- Up-to-date: /home/john/ditto_ros_bridge/install/ditto_ros_msgs/include/ditto_ros_msgs/ditto_ros_msgs/msg/machine_status.hpp
-- Up-to-date: /home/john/ditto_ros_bridge/install/ditto_ros_msgs/include/ditto_ros_msgs/ditto_ros_msgs/msg/asset_metadata.hpp
-- Up-to-date: /home/john/ditto_ros_bridge/install/ditto_ros_msgs/include/ditto_ros_msgs/ditto_ros_msgs/msg/relationship.hpp
-- Up-to-date: /home/john/ditto_ros_bridge/install/ditto_ros_msgs/include/ditto_ros_msgs/ditto_ros_msgs/msg/rosidl_generator_cpp__visibility_control.hpp
-- Up-to-date: /home/john/ditto_ros_bridge/install/ditto_ros_msgs/include/ditto_ros_msgs/ditto_ros_msgs/msg/alert.hpp
-- Up-to-date: /home/john/ditto_ros_bridge/install/ditto_ros_msgs/include/ditto_ros_msgs/ditto_ros_msgs
-- Up-to-date: /home/john/ditto_ros_bridge/install/ditto_ros_msgs/include/ditto_ros_msgs/ditto_ros_msgs/msg
-- Up-to-date: /home/john/ditto_ros_bridge/install/ditto_ros_msgs/include/ditto_ros_msgs/ditto_ros_msgs/msg/detail
-- Up-to-date: /home/john/ditto_ros_bridge/install/ditto_ros_msgs/include/ditto_ros_msgs/ditto_ros_msgs/msg/detail/dds_fastrtps
-- Up-to-date: /home/john/ditto_ros_bridge/install/ditto_ros_msgs/include/ditto_ros_msgs/ditto_ros_msgs/msg/detail/asset_metadata__rosidl_typesupport_fastrtps_cpp.hpp
-- Up-to-date: /home/john/ditto_ros_bridge/install/ditto_ros_msgs/include/ditto_ros_msgs/ditto_ros_msgs/msg/detail/alert__rosidl_typesupport_fastrtps_cpp.hpp
-- Up-to-date: /home/john/ditto_ros_bridge/install/ditto_ros_msgs/include/ditto_ros_msgs/ditto_ros_msgs/msg/detail/machine_status__rosidl_typesupport_fastrtps_cpp.hpp
-- Up-to-date: /home/john/ditto_ros_bridge/install/ditto_ros_msgs/include/ditto_ros_msgs/ditto_ros_msgs/msg/detail/relationship__rosidl_typesupport_fastrtps_cpp.hpp
-- Up-to-date: /home/john/ditto_ros_bridge/install/ditto_ros_msgs/include/ditto_ros_msgs/ditto_ros_msgs/msg/rosidl_typesupport_fastrtps_cpp__visibility_control.h
-- Up-to-date: /home/john/ditto_ros_bridge/install/ditto_ros_msgs/lib/libditto_ros_msgs__rosidl_typesupport_fastrtps_cpp.so
-- Up-to-date: /home/john/ditto_ros_bridge/install/ditto_ros_msgs/include/ditto_ros_msgs/ditto_ros_msgs
-- Up-to-date: /home/john/ditto_ros_bridge/install/ditto_ros_msgs/include/ditto_ros_msgs/ditto_ros_msgs/msg
-- Up-to-date: /home/john/ditto_ros_bridge/install/ditto_ros_msgs/include/ditto_ros_msgs/ditto_ros_msgs/msg/detail
-- Up-to-date: /home/john/ditto_ros_bridge/install/ditto_ros_msgs/include/ditto_ros_msgs/ditto_ros_msgs/msg/detail/relationship__rosidl_typesupport_introspection_cpp.hpp
-- Up-to-date: /home/john/ditto_ros_bridge/install/ditto_ros_msgs/include/ditto_ros_msgs/ditto_ros_msgs/msg/detail/alert__type_support.cpp
-- Up-to-date: /home/john/ditto_ros_bridge/install/ditto_ros_msgs/include/ditto_ros_msgs/ditto_ros_msgs/msg/detail/asset_metadata__type_support.cpp
-- Up-to-date: /home/john/ditto_ros_bridge/install/ditto_ros_msgs/include/ditto_ros_msgs/ditto_ros_msgs/msg/detail/asset_metadata__rosidl_typesupport_introspection_cpp.hpp
-- Up-to-date: /home/john/ditto_ros_bridge/install/ditto_ros_msgs/include/ditto_ros_msgs/ditto_ros_msgs/msg/detail/machine_status__type_support.cpp
-- Up-to-date: /home/john/ditto_ros_bridge/install/ditto_ros_msgs/include/ditto_ros_msgs/ditto_ros_msgs/msg/detail/relationship__type_support.cpp
-- Up-to-date: /home/john/ditto_ros_bridge/install/ditto_ros_msgs/include/ditto_ros_msgs/ditto_ros_msgs/msg/detail/alert__rosidl_typesupport_introspection_cpp.hpp
-- Up-to-date: /home/john/ditto_ros_bridge/install/ditto_ros_msgs/include/ditto_ros_msgs/ditto_ros_msgs/msg/detail/machine_status__rosidl_typesupport_introspection_cpp.hpp
-- Installing: /home/john/ditto_ros_bridge/install/ditto_ros_msgs/lib/libditto_ros_msgs__rosidl_typesupport_introspection_cpp.so
-- Set non-toolchain portion of runtime path of "/home/john/ditto_ros_bridge/install/ditto_ros_msgs/lib/libditto_ros_msgs__rosidl_typesupport_introspection_cpp.so" to ""
-- Installing: /home/john/ditto_ros_bridge/install/ditto_ros_msgs/lib/libditto_ros_msgs__rosidl_typesupport_cpp.so
-- Set non-toolchain portion of runtime path of "/home/john/ditto_ros_bridge/install/ditto_ros_msgs/lib/libditto_ros_msgs__rosidl_typesupport_cpp.so" to ""
-- Up-to-date: /home/john/ditto_ros_bridge/install/ditto_ros_msgs/share/ditto_ros_msgs/environment/pythonpath.sh
-- Up-to-date: /home/john/ditto_ros_bridge/install/ditto_ros_msgs/share/ditto_ros_msgs/environment/pythonpath.dsv
-- Up-to-date: /home/john/ditto_ros_bridge/install/ditto_ros_msgs/lib/python3.12/site-packages/ditto_ros_msgs-0.1.0-py3.12.egg-info
-- Installing: /home/john/ditto_ros_bridge/install/ditto_ros_msgs/lib/python3.12/site-packages/ditto_ros_msgs-0.1.0-py3.12.egg-info/top_level.txt
-- Installing: /home/john/ditto_ros_bridge/install/ditto_ros_msgs/lib/python3.12/site-packages/ditto_ros_msgs-0.1.0-py3.12.egg-info/PKG-INFO
-- Installing: /home/john/ditto_ros_bridge/install/ditto_ros_msgs/lib/python3.12/site-packages/ditto_ros_msgs-0.1.0-py3.12.egg-info/SOURCES.txt
-- Installing: /home/john/ditto_ros_bridge/install/ditto_ros_msgs/lib/python3.12/site-packages/ditto_ros_msgs-0.1.0-py3.12.egg-info/dependency_links.txt
-- Up-to-date: /home/john/ditto_ros_bridge/install/ditto_ros_msgs/lib/python3.12/site-packages/ditto_ros_msgs
-- Up-to-date: /home/john/ditto_ros_bridge/install/ditto_ros_msgs/lib/python3.12/site-packages/ditto_ros_msgs/_ditto_ros_msgs_s.ep.rosidl_typesupport_introspection_c.c
-- Up-to-date: /home/john/ditto_ros_bridge/install/ditto_ros_msgs/lib/python3.12/site-packages/ditto_ros_msgs/_ditto_ros_msgs_s.ep.rosidl_typesupport_c.c
-- Installing: /home/john/ditto_ros_bridge/install/ditto_ros_msgs/lib/python3.12/site-packages/ditto_ros_msgs/__init__.py
-- Up-to-date: /home/john/ditto_ros_bridge/install/ditto_ros_msgs/lib/python3.12/site-packages/ditto_ros_msgs/ditto_ros_msgs_s__rosidl_typesupport_c.so
-- Up-to-date: /home/john/ditto_ros_bridge/install/ditto_ros_msgs/lib/python3.12/site-packages/ditto_ros_msgs/ditto_ros_msgs_s__rosidl_typesupport_fastrtps_c.so
-- Up-to-date: /home/john/ditto_ros_bridge/install/ditto_ros_msgs/lib/python3.12/site-packages/ditto_ros_msgs/msg
-- Up-to-date: /home/john/ditto_ros_bridge/install/ditto_ros_msgs/lib/python3.12/site-packages/ditto_ros_msgs/msg/_alert_s.c
-- Up-to-date: /home/john/ditto_ros_bridge/install/ditto_ros_msgs/lib/python3.12/site-packages/ditto_ros_msgs/msg/_relationship.py
-- Up-to-date: /home/john/ditto_ros_bridge/install/ditto_ros_msgs/lib/python3.12/site-packages/ditto_ros_msgs/msg/__init__.py
-- Up-to-date: /home/john/ditto_ros_bridge/install/ditto_ros_msgs/lib/python3.12/site-packages/ditto_ros_msgs/msg/_asset_metadata.py
-- Up-to-date: /home/john/ditto_ros_bridge/install/ditto_ros_msgs/lib/python3.12/site-packages/ditto_ros_msgs/msg/_asset_metadata_s.c
-- Up-to-date: /home/john/ditto_ros_bridge/install/ditto_ros_msgs/lib/python3.12/site-packages/ditto_ros_msgs/msg/_machine_status_s.c
-- Up-to-date: /home/john/ditto_ros_bridge/install/ditto_ros_msgs/lib/python3.12/site-packages/ditto_ros_msgs/msg/_machine_status.py
-- Up-to-date: /home/john/ditto_ros_bridge/install/ditto_ros_msgs/lib/python3.12/site-packages/ditto_ros_msgs/msg/_alert.py
-- Up-to-date: /home/john/ditto_ros_bridge/install/ditto_ros_msgs/lib/python3.12/site-packages/ditto_ros_msgs/msg/_relationship_s.c
-- Up-to-date: /home/john/ditto_ros_bridge/install/ditto_ros_msgs/lib/python3.12/site-packages/ditto_ros_msgs/_ditto_ros_msgs_s.ep.rosidl_typesupport_fastrtps_c.c
-- Up-to-date: /home/john/ditto_ros_bridge/install/ditto_ros_msgs/lib/python3.12/site-packages/ditto_ros_msgs/ditto_ros_msgs_s__rosidl_typesupport_introspection_c.so
Listing '/home/john/ditto_ros_bridge/install/ditto_ros_msgs/lib/python3.12/site-packages/ditto_ros_msgs'...
Compiling '/home/john/ditto_ros_bridge/install/ditto_ros_msgs/lib/python3.12/site-packages/ditto_ros_msgs/__init__.py'...
Listing '/home/john/ditto_ros_bridge/install/ditto_ros_msgs/lib/python3.12/site-packages/ditto_ros_msgs/msg'...
-- Up-to-date: /home/john/ditto_ros_bridge/install/ditto_ros_msgs/lib/python3.12/site-packages/ditto_ros_msgs/ditto_ros_msgs_s__rosidl_typesupport_fastrtps_c.so
-- Up-to-date: /home/john/ditto_ros_bridge/install/ditto_ros_msgs/lib/python3.12/site-packages/ditto_ros_msgs/ditto_ros_msgs_s__rosidl_typesupport_introspection_c.so
-- Up-to-date: /home/john/ditto_ros_bridge/install/ditto_ros_msgs/lib/python3.12/site-packages/ditto_ros_msgs/ditto_ros_msgs_s__rosidl_typesupport_c.so
-- Up-to-date: /home/john/ditto_ros_bridge/install/ditto_ros_msgs/lib/libditto_ros_msgs__rosidl_generator_py.so
-- Up-to-date: /home/john/ditto_ros_bridge/install/ditto_ros_msgs/share/ditto_ros_msgs/msg/AssetMetadata.idl
-- Up-to-date: /home/john/ditto_ros_bridge/install/ditto_ros_msgs/share/ditto_ros_msgs/msg/Alert.idl
-- Up-to-date: /home/john/ditto_ros_bridge/install/ditto_ros_msgs/share/ditto_ros_msgs/msg/Relationship.idl
-- Up-to-date: /home/john/ditto_ros_bridge/install/ditto_ros_msgs/share/ditto_ros_msgs/msg/MachineStatus.idl
-- Up-to-date: /home/john/ditto_ros_bridge/install/ditto_ros_msgs/share/ditto_ros_msgs/msg/AssetMetadata.msg
-- Up-to-date: /home/john/ditto_ros_bridge/install/ditto_ros_msgs/share/ditto_ros_msgs/msg/Alert.msg
-- Up-to-date: /home/john/ditto_ros_bridge/install/ditto_ros_msgs/share/ditto_ros_msgs/msg/Relationship.msg
-- Up-to-date: /home/john/ditto_ros_bridge/install/ditto_ros_msgs/share/ditto_ros_msgs/msg/MachineStatus.msg
-- Up-to-date: /home/john/ditto_ros_bridge/install/ditto_ros_msgs/share/ament_index/resource_index/package_run_dependencies/ditto_ros_msgs
-- Up-to-date: /home/john/ditto_ros_bridge/install/ditto_ros_msgs/share/ament_index/resource_index/parent_prefix_path/ditto_ros_msgs
-- Up-to-date: /home/john/ditto_ros_bridge/install/ditto_ros_msgs/share/ditto_ros_msgs/environment/ament_prefix_path.sh
-- Up-to-date: /home/john/ditto_ros_bridge/install/ditto_ros_msgs/share/ditto_ros_msgs/environment/ament_prefix_path.dsv
-- Up-to-date: /home/john/ditto_ros_bridge/install/ditto_ros_msgs/share/ditto_ros_msgs/environment/path.sh
-- Up-to-date: /home/john/ditto_ros_bridge/install/ditto_ros_msgs/share/ditto_ros_msgs/environment/path.dsv
-- Up-to-date: /home/john/ditto_ros_bridge/install/ditto_ros_msgs/share/ditto_ros_msgs/local_setup.bash
-- Up-to-date: /home/john/ditto_ros_bridge/install/ditto_ros_msgs/share/ditto_ros_msgs/local_setup.sh
-- Up-to-date: /home/john/ditto_ros_bridge/install/ditto_ros_msgs/share/ditto_ros_msgs/local_setup.zsh
-- Up-to-date: /home/john/ditto_ros_bridge/install/ditto_ros_msgs/share/ditto_ros_msgs/local_setup.dsv
-- Installing: /home/john/ditto_ros_bridge/install/ditto_ros_msgs/share/ditto_ros_msgs/package.dsv
-- Up-to-date: /home/john/ditto_ros_bridge/install/ditto_ros_msgs/share/ament_index/resource_index/packages/ditto_ros_msgs
-- Up-to-date: /home/john/ditto_ros_bridge/install/ditto_ros_msgs/share/ditto_ros_msgs/cmake/export_ditto_ros_msgs__rosidl_generator_cExport.cmake
-- Up-to-date: /home/john/ditto_ros_bridge/install/ditto_ros_msgs/share/ditto_ros_msgs/cmake/export_ditto_ros_msgs__rosidl_generator_cExport-noconfig.cmake
-- Up-to-date: /home/john/ditto_ros_bridge/install/ditto_ros_msgs/share/ditto_ros_msgs/cmake/export_ditto_ros_msgs__rosidl_typesupport_fastrtps_cExport.cmake
-- Up-to-date: /home/john/ditto_ros_bridge/install/ditto_ros_msgs/share/ditto_ros_msgs/cmake/export_ditto_ros_msgs__rosidl_typesupport_fastrtps_cExport-noconfig.cmake
-- Up-to-date: /home/john/ditto_ros_bridge/install/ditto_ros_msgs/share/ditto_ros_msgs/cmake/ditto_ros_msgs__rosidl_typesupport_introspection_cExport.cmake
-- Up-to-date: /home/john/ditto_ros_bridge/install/ditto_ros_msgs/share/ditto_ros_msgs/cmake/ditto_ros_msgs__rosidl_typesupport_introspection_cExport-noconfig.cmake
-- Up-to-date: /home/john/ditto_ros_bridge/install/ditto_ros_msgs/share/ditto_ros_msgs/cmake/ditto_ros_msgs__rosidl_typesupport_cExport.cmake
-- Up-to-date: /home/john/ditto_ros_bridge/install/ditto_ros_msgs/share/ditto_ros_msgs/cmake/ditto_ros_msgs__rosidl_typesupport_cExport-noconfig.cmake
-- Up-to-date: /home/john/ditto_ros_bridge/install/ditto_ros_msgs/share/ditto_ros_msgs/cmake/export_ditto_ros_msgs__rosidl_generator_cppExport.cmake
-- Up-to-date: /home/john/ditto_ros_bridge/install/ditto_ros_msgs/share/ditto_ros_msgs/cmake/export_ditto_ros_msgs__rosidl_typesupport_fastrtps_cppExport.cmake
-- Up-to-date: /home/john/ditto_ros_bridge/install/ditto_ros_msgs/share/ditto_ros_msgs/cmake/export_ditto_ros_msgs__rosidl_typesupport_fastrtps_cppExport-noconfig.cmake
-- Up-to-date: /home/john/ditto_ros_bridge/install/ditto_ros_msgs/share/ditto_ros_msgs/cmake/ditto_ros_msgs__rosidl_typesupport_introspection_cppExport.cmake
-- Up-to-date: /home/john/ditto_ros_bridge/install/ditto_ros_msgs/share/ditto_ros_msgs/cmake/ditto_ros_msgs__rosidl_typesupport_introspection_cppExport-noconfig.cmake
-- Up-to-date: /home/john/ditto_ros_bridge/install/ditto_ros_msgs/share/ditto_ros_msgs/cmake/ditto_ros_msgs__rosidl_typesupport_cppExport.cmake
-- Up-to-date: /home/john/ditto_ros_bridge/install/ditto_ros_msgs/share/ditto_ros_msgs/cmake/ditto_ros_msgs__rosidl_typesupport_cppExport-noconfig.cmake
-- Up-to-date: /home/john/ditto_ros_bridge/install/ditto_ros_msgs/share/ditto_ros_msgs/cmake/export_ditto_ros_msgs__rosidl_generator_pyExport.cmake
-- Up-to-date: /home/john/ditto_ros_bridge/install/ditto_ros_msgs/share/ditto_ros_msgs/cmake/export_ditto_ros_msgs__rosidl_generator_pyExport-noconfig.cmake
-- Up-to-date: /home/john/ditto_ros_bridge/install/ditto_ros_msgs/share/ditto_ros_msgs/cmake/rosidl_cmake-extras.cmake
-- Up-to-date: /home/john/ditto_ros_bridge/install/ditto_ros_msgs/share/ditto_ros_msgs/cmake/ament_cmake_export_dependencies-extras.cmake
-- Up-to-date: /home/john/ditto_ros_bridge/install/ditto_ros_msgs/share/ditto_ros_msgs/cmake/ament_cmake_export_include_directories-extras.cmake
-- Up-to-date: /home/john/ditto_ros_bridge/install/ditto_ros_msgs/share/ditto_ros_msgs/cmake/ament_cmake_export_libraries-extras.cmake
-- Up-to-date: /home/john/ditto_ros_bridge/install/ditto_ros_msgs/share/ditto_ros_msgs/cmake/ament_cmake_export_targets-extras.cmake
-- Up-to-date: /home/john/ditto_ros_bridge/install/ditto_ros_msgs/share/ditto_ros_msgs/cmake/rosidl_cmake_export_typesupport_targets-extras.cmake
-- Up-to-date: /home/john/ditto_ros_bridge/install/ditto_ros_msgs/share/ditto_ros_msgs/cmake/rosidl_cmake_export_typesupport_libraries-extras.cmake
-- Up-to-date: /home/john/ditto_ros_bridge/install/ditto_ros_msgs/share/ditto_ros_msgs/cmake/ditto_ros_msgsConfig.cmake
-- Up-to-date: /home/john/ditto_ros_bridge/install/ditto_ros_msgs/share/ditto_ros_msgs/cmake/ditto_ros_msgsConfig-version.cmake
-- Installing: /home/john/ditto_ros_bridge/install/ditto_ros_msgs/share/ditto_ros_msgs/package.xml
