-- The C compiler identification is GNU 13.3.0
-- The CXX compiler identification is GNU 13.3.0
-- Detecting C compiler ABI info
-- Detecting C compiler ABI info - done
-- Check for working C compiler: /usr/bin/cc - skipped
-- Detecting C compile features
-- Detecting C compile features - done
-- Detecting CXX compiler ABI info
-- Detecting CXX compiler ABI info - done
-- Check for working CXX compiler: /usr/bin/c++ - skipped
-- Detecting CXX compile features
-- Detecting CXX compile features - done
-- Found ament_cmake: 2.7.2 (/opt/ros/rolling/share/ament_cmake/cmake)
-- Found Python3: /usr/bin/python3 (found version "3.12.3") found components: Interpreter 
-- Found rosidl_default_generators: 1.7.1 (/opt/ros/rolling/share/rosidl_default_generators/cmake)
-- Using all available rosidl_typesupport_c: rosidl_typesupport_fastrtps_c;rosidl_typesupport_introspection_c
-- Using all available rosidl_typesupport_cpp: rosidl_typesupport_fastrtps_cpp;rosidl_typesupport_introspection_cpp
-- Found rosidl_adapter: 4.9.3 (/opt/ros/rolling/share/rosidl_adapter/cmake)
-- Found geometry_msgs: 5.4.2 (/opt/ros/rolling/share/geometry_msgs/cmake)
-- Found ament_cmake_ros: 0.13.1 (/opt/ros/rolling/share/ament_cmake_ros/cmake)
-- Using all available rosidl_typesupport_c: rosidl_typesupport_fastrtps_c;rosidl_typesupport_introspection_c
-- Using all available rosidl_typesupport_cpp: rosidl_typesupport_fastrtps_cpp;rosidl_typesupport_introspection_cpp
-- Found Python3: /usr/bin/python3 (found version "3.12.3") found components: Interpreter Development NumPy Development.Module Development.Embed 
-- Configuring done (6.5s)
-- Generating done (0.1s)
-- Build files have been written to: /home/john/ditto_ros_bridge/build/ditto_ros_msgs
[  1%] [34m[1mGenerating type hashes for ROS interfaces[0m
[  1%] Built target ament_cmake_python_copy_ditto_ros_msgs
running egg_info
creating ditto_ros_msgs.egg-info
[  1%] Built target ditto_ros_msgs__rosidl_generator_type_description
[  3%] [34m[1mGenerating C code for ROS interfaces[0m
writing ditto_ros_msgs.egg-info/PKG-INFO
writing dependency_links to ditto_ros_msgs.egg-info/dependency_links.txt
writing top-level names to ditto_ros_msgs.egg-info/top_level.txt
writing manifest file 'ditto_ros_msgs.egg-info/SOURCES.txt'
[  4%] [34m[1mGenerating C++ code for ROS interfaces[0m
reading manifest file 'ditto_ros_msgs.egg-info/SOURCES.txt'
writing manifest file 'ditto_ros_msgs.egg-info/SOURCES.txt'
[  4%] Built target ament_cmake_python_build_ditto_ros_msgs_egg
[  4%] Built target ditto_ros_msgs__cpp
[  7%] [32mBuilding C object CMakeFiles/ditto_ros_msgs__rosidl_generator_c.dir/rosidl_generator_c/ditto_ros_msgs/msg/detail/asset_metadata__description.c.o[0m
[  7%] [32mBuilding C object CMakeFiles/ditto_ros_msgs__rosidl_generator_c.dir/rosidl_generator_c/ditto_ros_msgs/msg/detail/asset_metadata__functions.c.o[0m
[  9%] [32mBuilding C object CMakeFiles/ditto_ros_msgs__rosidl_generator_c.dir/rosidl_generator_c/ditto_ros_msgs/msg/detail/asset_metadata__type_support.c.o[0m
[ 10%] [32mBuilding C object CMakeFiles/ditto_ros_msgs__rosidl_generator_c.dir/rosidl_generator_c/ditto_ros_msgs/msg/detail/alert__description.c.o[0m
[ 12%] [32mBuilding C object CMakeFiles/ditto_ros_msgs__rosidl_generator_c.dir/rosidl_generator_c/ditto_ros_msgs/msg/detail/alert__functions.c.o[0m
[ 14%] [32mBuilding C object CMakeFiles/ditto_ros_msgs__rosidl_generator_c.dir/rosidl_generator_c/ditto_ros_msgs/msg/detail/alert__type_support.c.o[0m
[ 15%] [32mBuilding C object CMakeFiles/ditto_ros_msgs__rosidl_generator_c.dir/rosidl_generator_c/ditto_ros_msgs/msg/detail/relationship__functions.c.o[0m
[ 17%] [32mBuilding C object CMakeFiles/ditto_ros_msgs__rosidl_generator_c.dir/rosidl_generator_c/ditto_ros_msgs/msg/detail/relationship__description.c.o[0m
[ 18%] [32mBuilding C object CMakeFiles/ditto_ros_msgs__rosidl_generator_c.dir/rosidl_generator_c/ditto_ros_msgs/msg/detail/relationship__type_support.c.o[0m
[ 20%] [32mBuilding C object CMakeFiles/ditto_ros_msgs__rosidl_generator_c.dir/rosidl_generator_c/ditto_ros_msgs/msg/detail/machine_status__description.c.o[0m
[ 21%] [32mBuilding C object CMakeFiles/ditto_ros_msgs__rosidl_generator_c.dir/rosidl_generator_c/ditto_ros_msgs/msg/detail/machine_status__functions.c.o[0m
[ 23%] [32mBuilding C object CMakeFiles/ditto_ros_msgs__rosidl_generator_c.dir/rosidl_generator_c/ditto_ros_msgs/msg/detail/machine_status__type_support.c.o[0m
[ 25%] [32m[1mLinking C shared library libditto_ros_msgs__rosidl_generator_c.so[0m
[ 25%] Built target ditto_ros_msgs__rosidl_generator_c
[ 28%] [34m[1mGenerating C type support dispatch for ROS interfaces[0m
[ 28%] [34m[1mGenerating C++ type support for eProsima Fast-RTPS[0m
[ 29%] [34m[1mGenerating C type support for eProsima Fast-RTPS[0m
[ 31%] [34m[1mGenerating C introspection for ROS interfaces[0m
[ 32%] [32mBuilding CXX object CMakeFiles/ditto_ros_msgs__rosidl_typesupport_c.dir/rosidl_typesupport_c/ditto_ros_msgs/msg/asset_metadata__type_support.cpp.o[0m
[ 34%] [32mBuilding CXX object CMakeFiles/ditto_ros_msgs__rosidl_typesupport_c.dir/rosidl_typesupport_c/ditto_ros_msgs/msg/alert__type_support.cpp.o[0m
[ 35%] [32mBuilding C object CMakeFiles/ditto_ros_msgs__rosidl_typesupport_introspection_c.dir/rosidl_typesupport_introspection_c/ditto_ros_msgs/msg/detail/asset_metadata__type_support.c.o[0m
[ 37%] [32mBuilding CXX object CMakeFiles/ditto_ros_msgs__rosidl_typesupport_c.dir/rosidl_typesupport_c/ditto_ros_msgs/msg/relationship__type_support.cpp.o[0m
[ 39%] [32mBuilding C object CMakeFiles/ditto_ros_msgs__rosidl_typesupport_introspection_c.dir/rosidl_typesupport_introspection_c/ditto_ros_msgs/msg/detail/alert__type_support.c.o[0m
[ 40%] [32mBuilding CXX object CMakeFiles/ditto_ros_msgs__rosidl_typesupport_c.dir/rosidl_typesupport_c/ditto_ros_msgs/msg/machine_status__type_support.cpp.o[0m
[ 42%] [32mBuilding CXX object CMakeFiles/ditto_ros_msgs__rosidl_typesupport_fastrtps_cpp.dir/rosidl_typesupport_fastrtps_cpp/ditto_ros_msgs/msg/detail/dds_fastrtps/asset_metadata__type_support.cpp.o[0m
[ 43%] [32mBuilding CXX object CMakeFiles/ditto_ros_msgs__rosidl_typesupport_fastrtps_c.dir/rosidl_typesupport_fastrtps_c/ditto_ros_msgs/msg/detail/asset_metadata__type_support_c.cpp.o[0m
[ 45%] [32mBuilding C object CMakeFiles/ditto_ros_msgs__rosidl_typesupport_introspection_c.dir/rosidl_typesupport_introspection_c/ditto_ros_msgs/msg/detail/relationship__type_support.c.o[0m
[ 46%] [32m[1mLinking CXX shared library libditto_ros_msgs__rosidl_typesupport_c.so[0m
[ 48%] [32mBuilding C object CMakeFiles/ditto_ros_msgs__rosidl_typesupport_introspection_c.dir/rosidl_typesupport_introspection_c/ditto_ros_msgs/msg/detail/machine_status__type_support.c.o[0m
[ 50%] [32m[1mLinking C shared library libditto_ros_msgs__rosidl_typesupport_introspection_c.so[0m
[ 50%] Built target ditto_ros_msgs__rosidl_typesupport_c
[ 51%] [32mBuilding CXX object CMakeFiles/ditto_ros_msgs__rosidl_typesupport_fastrtps_c.dir/rosidl_typesupport_fastrtps_c/ditto_ros_msgs/msg/detail/alert__type_support_c.cpp.o[0m
[ 51%] Built target ditto_ros_msgs__rosidl_typesupport_introspection_c
[ 53%] [34m[1mGenerating C++ introspection for ROS interfaces[0m
[ 56%] [32mBuilding CXX object CMakeFiles/ditto_ros_msgs__rosidl_typesupport_fastrtps_cpp.dir/rosidl_typesupport_fastrtps_cpp/ditto_ros_msgs/msg/detail/dds_fastrtps/alert__type_support.cpp.o[0m
[ 56%] [32mBuilding CXX object CMakeFiles/ditto_ros_msgs__rosidl_typesupport_fastrtps_c.dir/rosidl_typesupport_fastrtps_c/ditto_ros_msgs/msg/detail/relationship__type_support_c.cpp.o[0m
[ 57%] [32mBuilding CXX object CMakeFiles/ditto_ros_msgs__rosidl_typesupport_introspection_cpp.dir/rosidl_typesupport_introspection_cpp/ditto_ros_msgs/msg/detail/asset_metadata__type_support.cpp.o[0m
[ 59%] [32mBuilding CXX object CMakeFiles/ditto_ros_msgs__rosidl_typesupport_fastrtps_c.dir/rosidl_typesupport_fastrtps_c/ditto_ros_msgs/msg/detail/machine_status__type_support_c.cpp.o[0m
[ 60%] [32mBuilding CXX object CMakeFiles/ditto_ros_msgs__rosidl_typesupport_introspection_cpp.dir/rosidl_typesupport_introspection_cpp/ditto_ros_msgs/msg/detail/alert__type_support.cpp.o[0m
[ 62%] [32mBuilding CXX object CMakeFiles/ditto_ros_msgs__rosidl_typesupport_fastrtps_cpp.dir/rosidl_typesupport_fastrtps_cpp/ditto_ros_msgs/msg/detail/dds_fastrtps/relationship__type_support.cpp.o[0m
[ 64%] [32mBuilding CXX object CMakeFiles/ditto_ros_msgs__rosidl_typesupport_fastrtps_cpp.dir/rosidl_typesupport_fastrtps_cpp/ditto_ros_msgs/msg/detail/dds_fastrtps/machine_status__type_support.cpp.o[0m
[ 65%] [32m[1mLinking CXX shared library libditto_ros_msgs__rosidl_typesupport_fastrtps_c.so[0m
[ 67%] [32mBuilding CXX object CMakeFiles/ditto_ros_msgs__rosidl_typesupport_introspection_cpp.dir/rosidl_typesupport_introspection_cpp/ditto_ros_msgs/msg/detail/relationship__type_support.cpp.o[0m
[ 67%] Built target ditto_ros_msgs__rosidl_typesupport_fastrtps_c
[ 68%] [34m[1mGenerating C++ type support dispatch for ROS interfaces[0m
[ 70%] [32mBuilding CXX object CMakeFiles/ditto_ros_msgs__rosidl_typesupport_introspection_cpp.dir/rosidl_typesupport_introspection_cpp/ditto_ros_msgs/msg/detail/machine_status__type_support.cpp.o[0m
[ 71%] [32m[1mLinking CXX shared library libditto_ros_msgs__rosidl_typesupport_fastrtps_cpp.so[0m
[ 75%] [32mBuilding CXX object CMakeFiles/ditto_ros_msgs__rosidl_typesupport_cpp.dir/rosidl_typesupport_cpp/ditto_ros_msgs/msg/alert__type_support.cpp.o[0m
[ 75%] [32mBuilding CXX object CMakeFiles/ditto_ros_msgs__rosidl_typesupport_cpp.dir/rosidl_typesupport_cpp/ditto_ros_msgs/msg/asset_metadata__type_support.cpp.o[0m
[ 75%] Built target ditto_ros_msgs__rosidl_typesupport_fastrtps_cpp
[ 76%] [32mBuilding CXX object CMakeFiles/ditto_ros_msgs__rosidl_typesupport_cpp.dir/rosidl_typesupport_cpp/ditto_ros_msgs/msg/relationship__type_support.cpp.o[0m
[ 78%] [32m[1mLinking CXX shared library libditto_ros_msgs__rosidl_typesupport_introspection_cpp.so[0m
[ 79%] [32mBuilding CXX object CMakeFiles/ditto_ros_msgs__rosidl_typesupport_cpp.dir/rosidl_typesupport_cpp/ditto_ros_msgs/msg/machine_status__type_support.cpp.o[0m
[ 79%] Built target ditto_ros_msgs__rosidl_typesupport_introspection_cpp
[ 81%] [32m[1mLinking CXX shared library libditto_ros_msgs__rosidl_typesupport_cpp.so[0m
[ 81%] Built target ditto_ros_msgs__rosidl_typesupport_cpp
[ 81%] Built target ditto_ros_msgs
[ 82%] [34m[1mGenerating Python code for ROS interfaces[0m
[ 82%] Built target ditto_ros_msgs__py
[ 84%] [32mBuilding C object CMakeFiles/ditto_ros_msgs__rosidl_generator_py.dir/rosidl_generator_py/ditto_ros_msgs/msg/_asset_metadata_s.c.o[0m
[ 87%] [32mBuilding C object CMakeFiles/ditto_ros_msgs__rosidl_generator_py.dir/rosidl_generator_py/ditto_ros_msgs/msg/_alert_s.c.o[0m
[ 87%] [32mBuilding C object CMakeFiles/ditto_ros_msgs__rosidl_generator_py.dir/rosidl_generator_py/ditto_ros_msgs/msg/_relationship_s.c.o[0m
[ 89%] [32mBuilding C object CMakeFiles/ditto_ros_msgs__rosidl_generator_py.dir/rosidl_generator_py/ditto_ros_msgs/msg/_machine_status_s.c.o[0m
[ 90%] [32m[1mLinking C shared library libditto_ros_msgs__rosidl_generator_py.so[0m
[ 90%] Built target ditto_ros_msgs__rosidl_generator_py
[ 92%] [32mBuilding C object CMakeFiles/ditto_ros_msgs_s__rosidl_typesupport_c.dir/rosidl_generator_py/ditto_ros_msgs/_ditto_ros_msgs_s.ep.rosidl_typesupport_c.c.o[0m
[ 95%] [32mBuilding C object CMakeFiles/ditto_ros_msgs_s__rosidl_typesupport_introspection_c.dir/rosidl_generator_py/ditto_ros_msgs/_ditto_ros_msgs_s.ep.rosidl_typesupport_introspection_c.c.o[0m
[ 95%] [32mBuilding C object CMakeFiles/ditto_ros_msgs_s__rosidl_typesupport_fastrtps_c.dir/rosidl_generator_py/ditto_ros_msgs/_ditto_ros_msgs_s.ep.rosidl_typesupport_fastrtps_c.c.o[0m
[ 96%] [32m[1mLinking C shared module rosidl_generator_py/ditto_ros_msgs/ditto_ros_msgs_s__rosidl_typesupport_introspection_c.so[0m
[100%] [32m[1mLinking C shared module rosidl_generator_py/ditto_ros_msgs/ditto_ros_msgs_s__rosidl_typesupport_fastrtps_c.so[0m
[100%] [32m[1mLinking C shared module rosidl_generator_py/ditto_ros_msgs/ditto_ros_msgs_s__rosidl_typesupport_c.so[0m
[100%] Built target ditto_ros_msgs_s__rosidl_typesupport_introspection_c
[100%] Built target ditto_ros_msgs_s__rosidl_typesupport_c
[100%] Built target ditto_ros_msgs_s__rosidl_typesupport_fastrtps_c
-- Install configuration: ""
-- Installing: /home/john/ditto_ros_bridge/install/ditto_ros_msgs/share/ament_index/resource_index/rosidl_interfaces/ditto_ros_msgs
-- Installing: /home/john/ditto_ros_bridge/install/ditto_ros_msgs/share/ditto_ros_msgs/msg/AssetMetadata.json
-- Installing: /home/john/ditto_ros_bridge/install/ditto_ros_msgs/share/ditto_ros_msgs/msg/Alert.json
-- Installing: /home/john/ditto_ros_bridge/install/ditto_ros_msgs/share/ditto_ros_msgs/msg/Relationship.json
-- Installing: /home/john/ditto_ros_bridge/install/ditto_ros_msgs/share/ditto_ros_msgs/msg/MachineStatus.json
-- Installing: /home/john/ditto_ros_bridge/install/ditto_ros_msgs/include/ditto_ros_msgs/ditto_ros_msgs
-- Installing: /home/john/ditto_ros_bridge/install/ditto_ros_msgs/include/ditto_ros_msgs/ditto_ros_msgs/msg
-- Installing: /home/john/ditto_ros_bridge/install/ditto_ros_msgs/include/ditto_ros_msgs/ditto_ros_msgs/msg/detail
-- Installing: /home/john/ditto_ros_bridge/install/ditto_ros_msgs/include/ditto_ros_msgs/ditto_ros_msgs/msg/detail/machine_status__type_support.c
-- Installing: /home/john/ditto_ros_bridge/install/ditto_ros_msgs/include/ditto_ros_msgs/ditto_ros_msgs/msg/detail/asset_metadata__type_support.c
-- Installing: /home/john/ditto_ros_bridge/install/ditto_ros_msgs/include/ditto_ros_msgs/ditto_ros_msgs/msg/detail/relationship__type_support.c
-- Installing: /home/john/ditto_ros_bridge/install/ditto_ros_msgs/include/ditto_ros_msgs/ditto_ros_msgs/msg/detail/alert__type_support.c
-- Installing: /home/john/ditto_ros_bridge/install/ditto_ros_msgs/include/ditto_ros_msgs/ditto_ros_msgs/msg/detail/relationship__type_support.h
-- Installing: /home/john/ditto_ros_bridge/install/ditto_ros_msgs/include/ditto_ros_msgs/ditto_ros_msgs/msg/detail/relationship__functions.c
-- Installing: /home/john/ditto_ros_bridge/install/ditto_ros_msgs/include/ditto_ros_msgs/ditto_ros_msgs/msg/detail/alert__functions.h
-- Installing: /home/john/ditto_ros_bridge/install/ditto_ros_msgs/include/ditto_ros_msgs/ditto_ros_msgs/msg/detail/alert__type_support.h
-- Installing: /home/john/ditto_ros_bridge/install/ditto_ros_msgs/include/ditto_ros_msgs/ditto_ros_msgs/msg/detail/asset_metadata__functions.c
-- Installing: /home/john/ditto_ros_bridge/install/ditto_ros_msgs/include/ditto_ros_msgs/ditto_ros_msgs/msg/detail/machine_status__functions.h
-- Installing: /home/john/ditto_ros_bridge/install/ditto_ros_msgs/include/ditto_ros_msgs/ditto_ros_msgs/msg/detail/machine_status__functions.c
-- Installing: /home/john/ditto_ros_bridge/install/ditto_ros_msgs/include/ditto_ros_msgs/ditto_ros_msgs/msg/detail/alert__functions.c
-- Installing: /home/john/ditto_ros_bridge/install/ditto_ros_msgs/include/ditto_ros_msgs/ditto_ros_msgs/msg/detail/asset_metadata__description.c
-- Installing: /home/john/ditto_ros_bridge/install/ditto_ros_msgs/include/ditto_ros_msgs/ditto_ros_msgs/msg/detail/asset_metadata__type_support.h
-- Installing: /home/john/ditto_ros_bridge/install/ditto_ros_msgs/include/ditto_ros_msgs/ditto_ros_msgs/msg/detail/relationship__description.c
-- Installing: /home/john/ditto_ros_bridge/install/ditto_ros_msgs/include/ditto_ros_msgs/ditto_ros_msgs/msg/detail/machine_status__type_support.h
-- Installing: /home/john/ditto_ros_bridge/install/ditto_ros_msgs/include/ditto_ros_msgs/ditto_ros_msgs/msg/detail/relationship__functions.h
-- Installing: /home/john/ditto_ros_bridge/install/ditto_ros_msgs/include/ditto_ros_msgs/ditto_ros_msgs/msg/detail/asset_metadata__functions.h
-- Installing: /home/john/ditto_ros_bridge/install/ditto_ros_msgs/include/ditto_ros_msgs/ditto_ros_msgs/msg/detail/relationship__struct.h
-- Installing: /home/john/ditto_ros_bridge/install/ditto_ros_msgs/include/ditto_ros_msgs/ditto_ros_msgs/msg/detail/alert__description.c
-- Installing: /home/john/ditto_ros_bridge/install/ditto_ros_msgs/include/ditto_ros_msgs/ditto_ros_msgs/msg/detail/machine_status__description.c
-- Installing: /home/john/ditto_ros_bridge/install/ditto_ros_msgs/include/ditto_ros_msgs/ditto_ros_msgs/msg/detail/machine_status__struct.h
-- Installing: /home/john/ditto_ros_bridge/install/ditto_ros_msgs/include/ditto_ros_msgs/ditto_ros_msgs/msg/detail/asset_metadata__struct.h
-- Installing: /home/john/ditto_ros_bridge/install/ditto_ros_msgs/include/ditto_ros_msgs/ditto_ros_msgs/msg/detail/alert__struct.h
-- Installing: /home/john/ditto_ros_bridge/install/ditto_ros_msgs/include/ditto_ros_msgs/ditto_ros_msgs/msg/machine_status.h
-- Installing: /home/john/ditto_ros_bridge/install/ditto_ros_msgs/include/ditto_ros_msgs/ditto_ros_msgs/msg/rosidl_generator_c__visibility_control.h
-- Installing: /home/john/ditto_ros_bridge/install/ditto_ros_msgs/include/ditto_ros_msgs/ditto_ros_msgs/msg/relationship.h
-- Installing: /home/john/ditto_ros_bridge/install/ditto_ros_msgs/include/ditto_ros_msgs/ditto_ros_msgs/msg/asset_metadata.h
-- Installing: /home/john/ditto_ros_bridge/install/ditto_ros_msgs/include/ditto_ros_msgs/ditto_ros_msgs/msg/alert.h
-- Installing: /home/john/ditto_ros_bridge/install/ditto_ros_msgs/share/ditto_ros_msgs/environment/library_path.sh
-- Installing: /home/john/ditto_ros_bridge/install/ditto_ros_msgs/share/ditto_ros_msgs/environment/library_path.dsv
-- Installing: /home/john/ditto_ros_bridge/install/ditto_ros_msgs/lib/libditto_ros_msgs__rosidl_generator_c.so
-- Set non-toolchain portion of runtime path of "/home/john/ditto_ros_bridge/install/ditto_ros_msgs/lib/libditto_ros_msgs__rosidl_generator_c.so" to ""
-- Up-to-date: /home/john/ditto_ros_bridge/install/ditto_ros_msgs/include/ditto_ros_msgs/ditto_ros_msgs
-- Up-to-date: /home/john/ditto_ros_bridge/install/ditto_ros_msgs/include/ditto_ros_msgs/ditto_ros_msgs/msg
-- Up-to-date: /home/john/ditto_ros_bridge/install/ditto_ros_msgs/include/ditto_ros_msgs/ditto_ros_msgs/msg/detail
-- Installing: /home/john/ditto_ros_bridge/install/ditto_ros_msgs/include/ditto_ros_msgs/ditto_ros_msgs/msg/detail/relationship__rosidl_typesupport_fastrtps_c.h
-- Installing: /home/john/ditto_ros_bridge/install/ditto_ros_msgs/include/ditto_ros_msgs/ditto_ros_msgs/msg/detail/alert__rosidl_typesupport_fastrtps_c.h
-- Installing: /home/john/ditto_ros_bridge/install/ditto_ros_msgs/include/ditto_ros_msgs/ditto_ros_msgs/msg/detail/asset_metadata__rosidl_typesupport_fastrtps_c.h
-- Installing: /home/john/ditto_ros_bridge/install/ditto_ros_msgs/include/ditto_ros_msgs/ditto_ros_msgs/msg/detail/machine_status__rosidl_typesupport_fastrtps_c.h
-- Installing: /home/john/ditto_ros_bridge/install/ditto_ros_msgs/include/ditto_ros_msgs/ditto_ros_msgs/msg/rosidl_typesupport_fastrtps_c__visibility_control.h
-- Installing: /home/john/ditto_ros_bridge/install/ditto_ros_msgs/lib/libditto_ros_msgs__rosidl_typesupport_fastrtps_c.so
-- Set non-toolchain portion of runtime path of "/home/john/ditto_ros_bridge/install/ditto_ros_msgs/lib/libditto_ros_msgs__rosidl_typesupport_fastrtps_c.so" to ""
-- Up-to-date: /home/john/ditto_ros_bridge/install/ditto_ros_msgs/include/ditto_ros_msgs/ditto_ros_msgs
-- Up-to-date: /home/john/ditto_ros_bridge/install/ditto_ros_msgs/include/ditto_ros_msgs/ditto_ros_msgs/msg
-- Up-to-date: /home/john/ditto_ros_bridge/install/ditto_ros_msgs/include/ditto_ros_msgs/ditto_ros_msgs/msg/detail
-- Installing: /home/john/ditto_ros_bridge/install/ditto_ros_msgs/include/ditto_ros_msgs/ditto_ros_msgs/msg/detail/machine_status__type_support.c
-- Installing: /home/john/ditto_ros_bridge/install/ditto_ros_msgs/include/ditto_ros_msgs/ditto_ros_msgs/msg/detail/asset_metadata__type_support.c
-- Installing: /home/john/ditto_ros_bridge/install/ditto_ros_msgs/include/ditto_ros_msgs/ditto_ros_msgs/msg/detail/relationship__type_support.c
-- Installing: /home/john/ditto_ros_bridge/install/ditto_ros_msgs/include/ditto_ros_msgs/ditto_ros_msgs/msg/detail/alert__type_support.c
-- Installing: /home/john/ditto_ros_bridge/install/ditto_ros_msgs/include/ditto_ros_msgs/ditto_ros_msgs/msg/detail/relationship__rosidl_typesupport_introspection_c.h
-- Installing: /home/john/ditto_ros_bridge/install/ditto_ros_msgs/include/ditto_ros_msgs/ditto_ros_msgs/msg/detail/asset_metadata__rosidl_typesupport_introspection_c.h
-- Installing: /home/john/ditto_ros_bridge/install/ditto_ros_msgs/include/ditto_ros_msgs/ditto_ros_msgs/msg/detail/alert__rosidl_typesupport_introspection_c.h
-- Installing: /home/john/ditto_ros_bridge/install/ditto_ros_msgs/include/ditto_ros_msgs/ditto_ros_msgs/msg/detail/machine_status__rosidl_typesupport_introspection_c.h
-- Installing: /home/john/ditto_ros_bridge/install/ditto_ros_msgs/include/ditto_ros_msgs/ditto_ros_msgs/msg/rosidl_typesupport_introspection_c__visibility_control.h
-- Installing: /home/john/ditto_ros_bridge/install/ditto_ros_msgs/lib/libditto_ros_msgs__rosidl_typesupport_introspection_c.so
-- Set non-toolchain portion of runtime path of "/home/john/ditto_ros_bridge/install/ditto_ros_msgs/lib/libditto_ros_msgs__rosidl_typesupport_introspection_c.so" to ""
-- Installing: /home/john/ditto_ros_bridge/install/ditto_ros_msgs/lib/libditto_ros_msgs__rosidl_typesupport_c.so
-- Set non-toolchain portion of runtime path of "/home/john/ditto_ros_bridge/install/ditto_ros_msgs/lib/libditto_ros_msgs__rosidl_typesupport_c.so" to ""
-- Up-to-date: /home/john/ditto_ros_bridge/install/ditto_ros_msgs/include/ditto_ros_msgs/ditto_ros_msgs
-- Up-to-date: /home/john/ditto_ros_bridge/install/ditto_ros_msgs/include/ditto_ros_msgs/ditto_ros_msgs/msg
-- Up-to-date: /home/john/ditto_ros_bridge/install/ditto_ros_msgs/include/ditto_ros_msgs/ditto_ros_msgs/msg/detail
-- Installing: /home/john/ditto_ros_bridge/install/ditto_ros_msgs/include/ditto_ros_msgs/ditto_ros_msgs/msg/detail/alert__type_support.hpp
-- Installing: /home/john/ditto_ros_bridge/install/ditto_ros_msgs/include/ditto_ros_msgs/ditto_ros_msgs/msg/detail/relationship__builder.hpp
-- Installing: /home/john/ditto_ros_bridge/install/ditto_ros_msgs/include/ditto_ros_msgs/ditto_ros_msgs/msg/detail/asset_metadata__traits.hpp
-- Installing: /home/john/ditto_ros_bridge/install/ditto_ros_msgs/include/ditto_ros_msgs/ditto_ros_msgs/msg/detail/machine_status__struct.hpp
-- Installing: /home/john/ditto_ros_bridge/install/ditto_ros_msgs/include/ditto_ros_msgs/ditto_ros_msgs/msg/detail/relationship__type_support.hpp
-- Installing: /home/john/ditto_ros_bridge/install/ditto_ros_msgs/include/ditto_ros_msgs/ditto_ros_msgs/msg/detail/machine_status__builder.hpp
-- Installing: /home/john/ditto_ros_bridge/install/ditto_ros_msgs/include/ditto_ros_msgs/ditto_ros_msgs/msg/detail/relationship__traits.hpp
-- Installing: /home/john/ditto_ros_bridge/install/ditto_ros_msgs/include/ditto_ros_msgs/ditto_ros_msgs/msg/detail/asset_metadata__struct.hpp
-- Installing: /home/john/ditto_ros_bridge/install/ditto_ros_msgs/include/ditto_ros_msgs/ditto_ros_msgs/msg/detail/asset_metadata__type_support.hpp
-- Installing: /home/john/ditto_ros_bridge/install/ditto_ros_msgs/include/ditto_ros_msgs/ditto_ros_msgs/msg/detail/alert__struct.hpp
-- Installing: /home/john/ditto_ros_bridge/install/ditto_ros_msgs/include/ditto_ros_msgs/ditto_ros_msgs/msg/detail/alert__builder.hpp
-- Installing: /home/john/ditto_ros_bridge/install/ditto_ros_msgs/include/ditto_ros_msgs/ditto_ros_msgs/msg/detail/alert__traits.hpp
-- Installing: /home/john/ditto_ros_bridge/install/ditto_ros_msgs/include/ditto_ros_msgs/ditto_ros_msgs/msg/detail/asset_metadata__builder.hpp
-- Installing: /home/john/ditto_ros_bridge/install/ditto_ros_msgs/include/ditto_ros_msgs/ditto_ros_msgs/msg/detail/relationship__struct.hpp
-- Installing: /home/john/ditto_ros_bridge/install/ditto_ros_msgs/include/ditto_ros_msgs/ditto_ros_msgs/msg/detail/machine_status__type_support.hpp
-- Installing: /home/john/ditto_ros_bridge/install/ditto_ros_msgs/include/ditto_ros_msgs/ditto_ros_msgs/msg/detail/machine_status__traits.hpp
-- Installing: /home/john/ditto_ros_bridge/install/ditto_ros_msgs/include/ditto_ros_msgs/ditto_ros_msgs/msg/machine_status.hpp
-- Installing: /home/john/ditto_ros_bridge/install/ditto_ros_msgs/include/ditto_ros_msgs/ditto_ros_msgs/msg/asset_metadata.hpp
-- Installing: /home/john/ditto_ros_bridge/install/ditto_ros_msgs/include/ditto_ros_msgs/ditto_ros_msgs/msg/relationship.hpp
-- Installing: /home/john/ditto_ros_bridge/install/ditto_ros_msgs/include/ditto_ros_msgs/ditto_ros_msgs/msg/rosidl_generator_cpp__visibility_control.hpp
-- Installing: /home/john/ditto_ros_bridge/install/ditto_ros_msgs/include/ditto_ros_msgs/ditto_ros_msgs/msg/alert.hpp
-- Up-to-date: /home/john/ditto_ros_bridge/install/ditto_ros_msgs/include/ditto_ros_msgs/ditto_ros_msgs
-- Up-to-date: /home/john/ditto_ros_bridge/install/ditto_ros_msgs/include/ditto_ros_msgs/ditto_ros_msgs/msg
-- Up-to-date: /home/john/ditto_ros_bridge/install/ditto_ros_msgs/include/ditto_ros_msgs/ditto_ros_msgs/msg/detail
-- Installing: /home/john/ditto_ros_bridge/install/ditto_ros_msgs/include/ditto_ros_msgs/ditto_ros_msgs/msg/detail/dds_fastrtps
-- Installing: /home/john/ditto_ros_bridge/install/ditto_ros_msgs/include/ditto_ros_msgs/ditto_ros_msgs/msg/detail/asset_metadata__rosidl_typesupport_fastrtps_cpp.hpp
-- Installing: /home/john/ditto_ros_bridge/install/ditto_ros_msgs/include/ditto_ros_msgs/ditto_ros_msgs/msg/detail/alert__rosidl_typesupport_fastrtps_cpp.hpp
-- Installing: /home/john/ditto_ros_bridge/install/ditto_ros_msgs/include/ditto_ros_msgs/ditto_ros_msgs/msg/detail/machine_status__rosidl_typesupport_fastrtps_cpp.hpp
-- Installing: /home/john/ditto_ros_bridge/install/ditto_ros_msgs/include/ditto_ros_msgs/ditto_ros_msgs/msg/detail/relationship__rosidl_typesupport_fastrtps_cpp.hpp
-- Installing: /home/john/ditto_ros_bridge/install/ditto_ros_msgs/include/ditto_ros_msgs/ditto_ros_msgs/msg/rosidl_typesupport_fastrtps_cpp__visibility_control.h
-- Installing: /home/john/ditto_ros_bridge/install/ditto_ros_msgs/lib/libditto_ros_msgs__rosidl_typesupport_fastrtps_cpp.so
-- Set non-toolchain portion of runtime path of "/home/john/ditto_ros_bridge/install/ditto_ros_msgs/lib/libditto_ros_msgs__rosidl_typesupport_fastrtps_cpp.so" to ""
-- Up-to-date: /home/john/ditto_ros_bridge/install/ditto_ros_msgs/include/ditto_ros_msgs/ditto_ros_msgs
-- Up-to-date: /home/john/ditto_ros_bridge/install/ditto_ros_msgs/include/ditto_ros_msgs/ditto_ros_msgs/msg
-- Up-to-date: /home/john/ditto_ros_bridge/install/ditto_ros_msgs/include/ditto_ros_msgs/ditto_ros_msgs/msg/detail
-- Installing: /home/john/ditto_ros_bridge/install/ditto_ros_msgs/include/ditto_ros_msgs/ditto_ros_msgs/msg/detail/relationship__rosidl_typesupport_introspection_cpp.hpp
-- Installing: /home/john/ditto_ros_bridge/install/ditto_ros_msgs/include/ditto_ros_msgs/ditto_ros_msgs/msg/detail/alert__type_support.cpp
-- Installing: /home/john/ditto_ros_bridge/install/ditto_ros_msgs/include/ditto_ros_msgs/ditto_ros_msgs/msg/detail/asset_metadata__type_support.cpp
-- Installing: /home/john/ditto_ros_bridge/install/ditto_ros_msgs/include/ditto_ros_msgs/ditto_ros_msgs/msg/detail/asset_metadata__rosidl_typesupport_introspection_cpp.hpp
-- Installing: /home/john/ditto_ros_bridge/install/ditto_ros_msgs/include/ditto_ros_msgs/ditto_ros_msgs/msg/detail/machine_status__type_support.cpp
-- Installing: /home/john/ditto_ros_bridge/install/ditto_ros_msgs/include/ditto_ros_msgs/ditto_ros_msgs/msg/detail/relationship__type_support.cpp
-- Installing: /home/john/ditto_ros_bridge/install/ditto_ros_msgs/include/ditto_ros_msgs/ditto_ros_msgs/msg/detail/alert__rosidl_typesupport_introspection_cpp.hpp
-- Installing: /home/john/ditto_ros_bridge/install/ditto_ros_msgs/include/ditto_ros_msgs/ditto_ros_msgs/msg/detail/machine_status__rosidl_typesupport_introspection_cpp.hpp
-- Installing: /home/john/ditto_ros_bridge/install/ditto_ros_msgs/lib/libditto_ros_msgs__rosidl_typesupport_introspection_cpp.so
-- Set non-toolchain portion of runtime path of "/home/john/ditto_ros_bridge/install/ditto_ros_msgs/lib/libditto_ros_msgs__rosidl_typesupport_introspection_cpp.so" to ""
-- Installing: /home/john/ditto_ros_bridge/install/ditto_ros_msgs/lib/libditto_ros_msgs__rosidl_typesupport_cpp.so
-- Set non-toolchain portion of runtime path of "/home/john/ditto_ros_bridge/install/ditto_ros_msgs/lib/libditto_ros_msgs__rosidl_typesupport_cpp.so" to ""
-- Installing: /home/john/ditto_ros_bridge/install/ditto_ros_msgs/share/ditto_ros_msgs/environment/pythonpath.sh
-- Installing: /home/john/ditto_ros_bridge/install/ditto_ros_msgs/share/ditto_ros_msgs/environment/pythonpath.dsv
-- Installing: /home/john/ditto_ros_bridge/install/ditto_ros_msgs/lib/python3.12/site-packages/ditto_ros_msgs-0.1.0-py3.12.egg-info
-- Installing: /home/john/ditto_ros_bridge/install/ditto_ros_msgs/lib/python3.12/site-packages/ditto_ros_msgs-0.1.0-py3.12.egg-info/top_level.txt
-- Installing: /home/john/ditto_ros_bridge/install/ditto_ros_msgs/lib/python3.12/site-packages/ditto_ros_msgs-0.1.0-py3.12.egg-info/PKG-INFO
-- Installing: /home/john/ditto_ros_bridge/install/ditto_ros_msgs/lib/python3.12/site-packages/ditto_ros_msgs-0.1.0-py3.12.egg-info/SOURCES.txt
-- Installing: /home/john/ditto_ros_bridge/install/ditto_ros_msgs/lib/python3.12/site-packages/ditto_ros_msgs-0.1.0-py3.12.egg-info/dependency_links.txt
-- Installing: /home/john/ditto_ros_bridge/install/ditto_ros_msgs/lib/python3.12/site-packages/ditto_ros_msgs
-- Installing: /home/john/ditto_ros_bridge/install/ditto_ros_msgs/lib/python3.12/site-packages/ditto_ros_msgs/_ditto_ros_msgs_s.ep.rosidl_typesupport_introspection_c.c
-- Installing: /home/john/ditto_ros_bridge/install/ditto_ros_msgs/lib/python3.12/site-packages/ditto_ros_msgs/_ditto_ros_msgs_s.ep.rosidl_typesupport_c.c
-- Installing: /home/john/ditto_ros_bridge/install/ditto_ros_msgs/lib/python3.12/site-packages/ditto_ros_msgs/__init__.py
-- Installing: /home/john/ditto_ros_bridge/install/ditto_ros_msgs/lib/python3.12/site-packages/ditto_ros_msgs/ditto_ros_msgs_s__rosidl_typesupport_c.so
-- Installing: /home/john/ditto_ros_bridge/install/ditto_ros_msgs/lib/python3.12/site-packages/ditto_ros_msgs/ditto_ros_msgs_s__rosidl_typesupport_fastrtps_c.so
-- Installing: /home/john/ditto_ros_bridge/install/ditto_ros_msgs/lib/python3.12/site-packages/ditto_ros_msgs/msg
-- Installing: /home/john/ditto_ros_bridge/install/ditto_ros_msgs/lib/python3.12/site-packages/ditto_ros_msgs/msg/_alert_s.c
-- Installing: /home/john/ditto_ros_bridge/install/ditto_ros_msgs/lib/python3.12/site-packages/ditto_ros_msgs/msg/_relationship.py
-- Installing: /home/john/ditto_ros_bridge/install/ditto_ros_msgs/lib/python3.12/site-packages/ditto_ros_msgs/msg/__init__.py
-- Installing: /home/john/ditto_ros_bridge/install/ditto_ros_msgs/lib/python3.12/site-packages/ditto_ros_msgs/msg/_asset_metadata.py
-- Installing: /home/john/ditto_ros_bridge/install/ditto_ros_msgs/lib/python3.12/site-packages/ditto_ros_msgs/msg/_asset_metadata_s.c
-- Installing: /home/john/ditto_ros_bridge/install/ditto_ros_msgs/lib/python3.12/site-packages/ditto_ros_msgs/msg/_machine_status_s.c
-- Installing: /home/john/ditto_ros_bridge/install/ditto_ros_msgs/lib/python3.12/site-packages/ditto_ros_msgs/msg/_machine_status.py
-- Installing: /home/john/ditto_ros_bridge/install/ditto_ros_msgs/lib/python3.12/site-packages/ditto_ros_msgs/msg/_alert.py
-- Installing: /home/john/ditto_ros_bridge/install/ditto_ros_msgs/lib/python3.12/site-packages/ditto_ros_msgs/msg/_relationship_s.c
-- Installing: /home/john/ditto_ros_bridge/install/ditto_ros_msgs/lib/python3.12/site-packages/ditto_ros_msgs/_ditto_ros_msgs_s.ep.rosidl_typesupport_fastrtps_c.c
-- Installing: /home/john/ditto_ros_bridge/install/ditto_ros_msgs/lib/python3.12/site-packages/ditto_ros_msgs/ditto_ros_msgs_s__rosidl_typesupport_introspection_c.so
Listing '/home/john/ditto_ros_bridge/install/ditto_ros_msgs/lib/python3.12/site-packages/ditto_ros_msgs'...
Compiling '/home/john/ditto_ros_bridge/install/ditto_ros_msgs/lib/python3.12/site-packages/ditto_ros_msgs/__init__.py'...
Listing '/home/john/ditto_ros_bridge/install/ditto_ros_msgs/lib/python3.12/site-packages/ditto_ros_msgs/msg'...
Compiling '/home/john/ditto_ros_bridge/install/ditto_ros_msgs/lib/python3.12/site-packages/ditto_ros_msgs/msg/__init__.py'...
Compiling '/home/john/ditto_ros_bridge/install/ditto_ros_msgs/lib/python3.12/site-packages/ditto_ros_msgs/msg/_alert.py'...
Compiling '/home/john/ditto_ros_bridge/install/ditto_ros_msgs/lib/python3.12/site-packages/ditto_ros_msgs/msg/_asset_metadata.py'...
Compiling '/home/john/ditto_ros_bridge/install/ditto_ros_msgs/lib/python3.12/site-packages/ditto_ros_msgs/msg/_machine_status.py'...
Compiling '/home/john/ditto_ros_bridge/install/ditto_ros_msgs/lib/python3.12/site-packages/ditto_ros_msgs/msg/_relationship.py'...
-- Installing: /home/john/ditto_ros_bridge/install/ditto_ros_msgs/lib/python3.12/site-packages/ditto_ros_msgs/ditto_ros_msgs_s__rosidl_typesupport_fastrtps_c.so
-- Set non-toolchain portion of runtime path of "/home/john/ditto_ros_bridge/install/ditto_ros_msgs/lib/python3.12/site-packages/ditto_ros_msgs/ditto_ros_msgs_s__rosidl_typesupport_fastrtps_c.so" to ""
-- Installing: /home/john/ditto_ros_bridge/install/ditto_ros_msgs/lib/python3.12/site-packages/ditto_ros_msgs/ditto_ros_msgs_s__rosidl_typesupport_introspection_c.so
-- Set non-toolchain portion of runtime path of "/home/john/ditto_ros_bridge/install/ditto_ros_msgs/lib/python3.12/site-packages/ditto_ros_msgs/ditto_ros_msgs_s__rosidl_typesupport_introspection_c.so" to ""
-- Installing: /home/john/ditto_ros_bridge/install/ditto_ros_msgs/lib/python3.12/site-packages/ditto_ros_msgs/ditto_ros_msgs_s__rosidl_typesupport_c.so
-- Set non-toolchain portion of runtime path of "/home/john/ditto_ros_bridge/install/ditto_ros_msgs/lib/python3.12/site-packages/ditto_ros_msgs/ditto_ros_msgs_s__rosidl_typesupport_c.so" to ""
-- Installing: /home/john/ditto_ros_bridge/install/ditto_ros_msgs/lib/libditto_ros_msgs__rosidl_generator_py.so
-- Set non-toolchain portion of runtime path of "/home/john/ditto_ros_bridge/install/ditto_ros_msgs/lib/libditto_ros_msgs__rosidl_generator_py.so" to ""
-- Installing: /home/john/ditto_ros_bridge/install/ditto_ros_msgs/share/ditto_ros_msgs/msg/AssetMetadata.idl
-- Installing: /home/john/ditto_ros_bridge/install/ditto_ros_msgs/share/ditto_ros_msgs/msg/Alert.idl
-- Installing: /home/john/ditto_ros_bridge/install/ditto_ros_msgs/share/ditto_ros_msgs/msg/Relationship.idl
-- Installing: /home/john/ditto_ros_bridge/install/ditto_ros_msgs/share/ditto_ros_msgs/msg/MachineStatus.idl
-- Installing: /home/john/ditto_ros_bridge/install/ditto_ros_msgs/share/ditto_ros_msgs/msg/AssetMetadata.msg
-- Installing: /home/john/ditto_ros_bridge/install/ditto_ros_msgs/share/ditto_ros_msgs/msg/Alert.msg
-- Installing: /home/john/ditto_ros_bridge/install/ditto_ros_msgs/share/ditto_ros_msgs/msg/Relationship.msg
-- Installing: /home/john/ditto_ros_bridge/install/ditto_ros_msgs/share/ditto_ros_msgs/msg/MachineStatus.msg
-- Installing: /home/john/ditto_ros_bridge/install/ditto_ros_msgs/share/ament_index/resource_index/package_run_dependencies/ditto_ros_msgs
-- Installing: /home/john/ditto_ros_bridge/install/ditto_ros_msgs/share/ament_index/resource_index/parent_prefix_path/ditto_ros_msgs
-- Installing: /home/john/ditto_ros_bridge/install/ditto_ros_msgs/share/ditto_ros_msgs/environment/ament_prefix_path.sh
-- Installing: /home/john/ditto_ros_bridge/install/ditto_ros_msgs/share/ditto_ros_msgs/environment/ament_prefix_path.dsv
-- Installing: /home/john/ditto_ros_bridge/install/ditto_ros_msgs/share/ditto_ros_msgs/environment/path.sh
-- Installing: /home/john/ditto_ros_bridge/install/ditto_ros_msgs/share/ditto_ros_msgs/environment/path.dsv
-- Installing: /home/john/ditto_ros_bridge/install/ditto_ros_msgs/share/ditto_ros_msgs/local_setup.bash
-- Installing: /home/john/ditto_ros_bridge/install/ditto_ros_msgs/share/ditto_ros_msgs/local_setup.sh
-- Installing: /home/john/ditto_ros_bridge/install/ditto_ros_msgs/share/ditto_ros_msgs/local_setup.zsh
-- Installing: /home/john/ditto_ros_bridge/install/ditto_ros_msgs/share/ditto_ros_msgs/local_setup.dsv
-- Installing: /home/john/ditto_ros_bridge/install/ditto_ros_msgs/share/ditto_ros_msgs/package.dsv
-- Installing: /home/john/ditto_ros_bridge/install/ditto_ros_msgs/share/ament_index/resource_index/packages/ditto_ros_msgs
-- Installing: /home/john/ditto_ros_bridge/install/ditto_ros_msgs/share/ditto_ros_msgs/cmake/export_ditto_ros_msgs__rosidl_generator_cExport.cmake
-- Installing: /home/john/ditto_ros_bridge/install/ditto_ros_msgs/share/ditto_ros_msgs/cmake/export_ditto_ros_msgs__rosidl_generator_cExport-noconfig.cmake
-- Installing: /home/john/ditto_ros_bridge/install/ditto_ros_msgs/share/ditto_ros_msgs/cmake/export_ditto_ros_msgs__rosidl_typesupport_fastrtps_cExport.cmake
-- Installing: /home/john/ditto_ros_bridge/install/ditto_ros_msgs/share/ditto_ros_msgs/cmake/export_ditto_ros_msgs__rosidl_typesupport_fastrtps_cExport-noconfig.cmake
-- Installing: /home/john/ditto_ros_bridge/install/ditto_ros_msgs/share/ditto_ros_msgs/cmake/ditto_ros_msgs__rosidl_typesupport_introspection_cExport.cmake
-- Installing: /home/john/ditto_ros_bridge/install/ditto_ros_msgs/share/ditto_ros_msgs/cmake/ditto_ros_msgs__rosidl_typesupport_introspection_cExport-noconfig.cmake
-- Installing: /home/john/ditto_ros_bridge/install/ditto_ros_msgs/share/ditto_ros_msgs/cmake/ditto_ros_msgs__rosidl_typesupport_cExport.cmake
-- Installing: /home/john/ditto_ros_bridge/install/ditto_ros_msgs/share/ditto_ros_msgs/cmake/ditto_ros_msgs__rosidl_typesupport_cExport-noconfig.cmake
-- Installing: /home/john/ditto_ros_bridge/install/ditto_ros_msgs/share/ditto_ros_msgs/cmake/export_ditto_ros_msgs__rosidl_generator_cppExport.cmake
-- Installing: /home/john/ditto_ros_bridge/install/ditto_ros_msgs/share/ditto_ros_msgs/cmake/export_ditto_ros_msgs__rosidl_typesupport_fastrtps_cppExport.cmake
-- Installing: /home/john/ditto_ros_bridge/install/ditto_ros_msgs/share/ditto_ros_msgs/cmake/export_ditto_ros_msgs__rosidl_typesupport_fastrtps_cppExport-noconfig.cmake
-- Installing: /home/john/ditto_ros_bridge/install/ditto_ros_msgs/share/ditto_ros_msgs/cmake/ditto_ros_msgs__rosidl_typesupport_introspection_cppExport.cmake
-- Installing: /home/john/ditto_ros_bridge/install/ditto_ros_msgs/share/ditto_ros_msgs/cmake/ditto_ros_msgs__rosidl_typesupport_introspection_cppExport-noconfig.cmake
-- Installing: /home/john/ditto_ros_bridge/install/ditto_ros_msgs/share/ditto_ros_msgs/cmake/ditto_ros_msgs__rosidl_typesupport_cppExport.cmake
-- Installing: /home/john/ditto_ros_bridge/install/ditto_ros_msgs/share/ditto_ros_msgs/cmake/ditto_ros_msgs__rosidl_typesupport_cppExport-noconfig.cmake
-- Installing: /home/john/ditto_ros_bridge/install/ditto_ros_msgs/share/ditto_ros_msgs/cmake/export_ditto_ros_msgs__rosidl_generator_pyExport.cmake
-- Installing: /home/john/ditto_ros_bridge/install/ditto_ros_msgs/share/ditto_ros_msgs/cmake/export_ditto_ros_msgs__rosidl_generator_pyExport-noconfig.cmake
-- Installing: /home/john/ditto_ros_bridge/install/ditto_ros_msgs/share/ditto_ros_msgs/cmake/rosidl_cmake-extras.cmake
-- Installing: /home/john/ditto_ros_bridge/install/ditto_ros_msgs/share/ditto_ros_msgs/cmake/ament_cmake_export_dependencies-extras.cmake
-- Installing: /home/john/ditto_ros_bridge/install/ditto_ros_msgs/share/ditto_ros_msgs/cmake/ament_cmake_export_include_directories-extras.cmake
-- Installing: /home/john/ditto_ros_bridge/install/ditto_ros_msgs/share/ditto_ros_msgs/cmake/ament_cmake_export_libraries-extras.cmake
-- Installing: /home/john/ditto_ros_bridge/install/ditto_ros_msgs/share/ditto_ros_msgs/cmake/ament_cmake_export_targets-extras.cmake
-- Installing: /home/john/ditto_ros_bridge/install/ditto_ros_msgs/share/ditto_ros_msgs/cmake/rosidl_cmake_export_typesupport_targets-extras.cmake
-- Installing: /home/john/ditto_ros_bridge/install/ditto_ros_msgs/share/ditto_ros_msgs/cmake/rosidl_cmake_export_typesupport_libraries-extras.cmake
-- Installing: /home/john/ditto_ros_bridge/install/ditto_ros_msgs/share/ditto_ros_msgs/cmake/ditto_ros_msgsConfig.cmake
-- Installing: /home/john/ditto_ros_bridge/install/ditto_ros_msgs/share/ditto_ros_msgs/cmake/ditto_ros_msgsConfig-version.cmake
-- Installing: /home/john/ditto_ros_bridge/install/ditto_ros_msgs/share/ditto_ros_msgs/package.xml
