[0.021s] Invoking command in '/home/john/ditto_ros_bridge/build/ditto_ros_msgs': CMAKE_PREFIX_PATH=${CMAKE_PREFIX_PATH}:/home/john/ditto_ros_bridge/install/ditto_ros_bridge:/home/john/ros2_ws/install/ditto_ros_bridge:/opt/ros/rolling /usr/bin/cmake /home/john/ditto_ros_bridge/src/ditto_ros_msgs -DCMAKE_INSTALL_PREFIX=/home/john/ditto_ros_bridge/install/ditto_ros_msgs
[0.166s] -- The C compiler identification is GNU 13.3.0
[0.749s] -- The CXX compiler identification is GNU 13.3.0
[1.309s] -- Detecting C compiler ABI info
[1.551s] -- Detecting C compiler ABI info - done
[1.566s] -- Check for working C compiler: /usr/bin/cc - skipped
[1.566s] -- Detecting C compile features
[1.566s] -- Detecting C compile features - done
[1.645s] -- Detecting CXX compiler ABI info
[1.906s] -- Detecting CXX compiler ABI info - done
[1.929s] -- Check for working CXX compiler: /usr/bin/c++ - skipped
[1.930s] -- Detecting CXX compile features
[1.931s] -- Detecting CXX compile features - done
[1.936s] -- Found ament_cmake: 2.7.2 (/opt/ros/rolling/share/ament_cmake/cmake)
[2.152s] -- Found Python3: /usr/bin/python3 (found version "3.12.3") found components: Interpreter 
[2.299s] -- Found rosidl_default_generators: 1.7.1 (/opt/ros/rolling/share/rosidl_default_generators/cmake)
[2.309s] -- Using all available rosidl_typesupport_c: rosidl_typesupport_fastrtps_c;rosidl_typesupport_introspection_c
[2.536s] -- Using all available rosidl_typesupport_cpp: rosidl_typesupport_fastrtps_cpp;rosidl_typesupport_introspection_cpp
[2.600s] -- Found rosidl_adapter: 4.9.3 (/opt/ros/rolling/share/rosidl_adapter/cmake)
[2.606s] -- Found geometry_msgs: 5.4.2 (/opt/ros/rolling/share/geometry_msgs/cmake)
[3.655s] -- Found ament_cmake_ros: 0.13.1 (/opt/ros/rolling/share/ament_cmake_ros/cmake)
[4.452s] -- Using all available rosidl_typesupport_c: rosidl_typesupport_fastrtps_c;rosidl_typesupport_introspection_c
[5.472s] -- Using all available rosidl_typesupport_cpp: rosidl_typesupport_fastrtps_cpp;rosidl_typesupport_introspection_cpp
[6.353s] -- Found Python3: /usr/bin/python3 (found version "3.12.3") found components: Interpreter Development NumPy Development.Module Development.Embed 
[6.488s] -- Configuring done (6.5s)
[6.589s] -- Generating done (0.1s)
[6.611s] -- Build files have been written to: /home/john/ditto_ros_bridge/build/ditto_ros_msgs
[6.623s] Invoked command in '/home/john/ditto_ros_bridge/build/ditto_ros_msgs' returned '0': CMAKE_PREFIX_PATH=${CMAKE_PREFIX_PATH}:/home/john/ditto_ros_bridge/install/ditto_ros_bridge:/home/john/ros2_ws/install/ditto_ros_bridge:/opt/ros/rolling /usr/bin/cmake /home/john/ditto_ros_bridge/src/ditto_ros_msgs -DCMAKE_INSTALL_PREFIX=/home/john/ditto_ros_bridge/install/ditto_ros_msgs
[6.626s] Invoking command in '/home/john/ditto_ros_bridge/build/ditto_ros_msgs': CMAKE_PREFIX_PATH=${CMAKE_PREFIX_PATH}:/home/john/ditto_ros_bridge/install/ditto_ros_bridge:/home/john/ros2_ws/install/ditto_ros_bridge:/opt/ros/rolling /usr/bin/cmake --build /home/john/ditto_ros_bridge/build/ditto_ros_msgs -- -j4 -l4
[6.695s] [  1%] [34m[1mGenerating type hashes for ROS interfaces[0m
[6.707s] [  1%] Built target ament_cmake_python_copy_ditto_ros_msgs
[7.115s] running egg_info
[7.117s] creating ditto_ros_msgs.egg-info
[7.148s] [  1%] Built target ditto_ros_msgs__rosidl_generator_type_description
[7.162s] [  3%] [34m[1mGenerating C code for ROS interfaces[0m
[7.164s] writing ditto_ros_msgs.egg-info/PKG-INFO
[7.165s] writing dependency_links to ditto_ros_msgs.egg-info/dependency_links.txt
[7.166s] writing top-level names to ditto_ros_msgs.egg-info/top_level.txt
[7.167s] writing manifest file 'ditto_ros_msgs.egg-info/SOURCES.txt'
[7.178s] [  4%] [34m[1mGenerating C++ code for ROS interfaces[0m
[7.302s] reading manifest file 'ditto_ros_msgs.egg-info/SOURCES.txt'
[7.304s] writing manifest file 'ditto_ros_msgs.egg-info/SOURCES.txt'
[7.403s] [  4%] Built target ament_cmake_python_build_ditto_ros_msgs_egg
[7.916s] [  4%] Built target ditto_ros_msgs__cpp
[8.094s] [  7%] [32mBuilding C object CMakeFiles/ditto_ros_msgs__rosidl_generator_c.dir/rosidl_generator_c/ditto_ros_msgs/msg/detail/asset_metadata__description.c.o[0m
[8.094s] [  7%] [32mBuilding C object CMakeFiles/ditto_ros_msgs__rosidl_generator_c.dir/rosidl_generator_c/ditto_ros_msgs/msg/detail/asset_metadata__functions.c.o[0m
[8.099s] [  9%] [32mBuilding C object CMakeFiles/ditto_ros_msgs__rosidl_generator_c.dir/rosidl_generator_c/ditto_ros_msgs/msg/detail/asset_metadata__type_support.c.o[0m
[8.099s] [ 10%] [32mBuilding C object CMakeFiles/ditto_ros_msgs__rosidl_generator_c.dir/rosidl_generator_c/ditto_ros_msgs/msg/detail/alert__description.c.o[0m
[8.175s] [ 12%] [32mBuilding C object CMakeFiles/ditto_ros_msgs__rosidl_generator_c.dir/rosidl_generator_c/ditto_ros_msgs/msg/detail/alert__functions.c.o[0m
[8.176s] [ 14%] [32mBuilding C object CMakeFiles/ditto_ros_msgs__rosidl_generator_c.dir/rosidl_generator_c/ditto_ros_msgs/msg/detail/alert__type_support.c.o[0m
[8.176s] [ 15%] [32mBuilding C object CMakeFiles/ditto_ros_msgs__rosidl_generator_c.dir/rosidl_generator_c/ditto_ros_msgs/msg/detail/relationship__functions.c.o[0m
[8.179s] [ 17%] [32mBuilding C object CMakeFiles/ditto_ros_msgs__rosidl_generator_c.dir/rosidl_generator_c/ditto_ros_msgs/msg/detail/relationship__description.c.o[0m
[8.226s] [ 18%] [32mBuilding C object CMakeFiles/ditto_ros_msgs__rosidl_generator_c.dir/rosidl_generator_c/ditto_ros_msgs/msg/detail/relationship__type_support.c.o[0m
[8.246s] [ 20%] [32mBuilding C object CMakeFiles/ditto_ros_msgs__rosidl_generator_c.dir/rosidl_generator_c/ditto_ros_msgs/msg/detail/machine_status__description.c.o[0m
[8.265s] [ 21%] [32mBuilding C object CMakeFiles/ditto_ros_msgs__rosidl_generator_c.dir/rosidl_generator_c/ditto_ros_msgs/msg/detail/machine_status__functions.c.o[0m
[8.267s] [ 23%] [32mBuilding C object CMakeFiles/ditto_ros_msgs__rosidl_generator_c.dir/rosidl_generator_c/ditto_ros_msgs/msg/detail/machine_status__type_support.c.o[0m
[8.333s] [ 25%] [32m[1mLinking C shared library libditto_ros_msgs__rosidl_generator_c.so[0m
[8.451s] [ 25%] Built target ditto_ros_msgs__rosidl_generator_c
[8.466s] [ 28%] [34m[1mGenerating C type support dispatch for ROS interfaces[0m
[8.466s] [ 28%] [34m[1mGenerating C++ type support for eProsima Fast-RTPS[0m
[8.467s] [ 29%] [34m[1mGenerating C type support for eProsima Fast-RTPS[0m
[8.467s] [ 31%] [34m[1mGenerating C introspection for ROS interfaces[0m
[9.220s] [ 32%] [32mBuilding CXX object CMakeFiles/ditto_ros_msgs__rosidl_typesupport_c.dir/rosidl_typesupport_c/ditto_ros_msgs/msg/asset_metadata__type_support.cpp.o[0m
[9.304s] [ 34%] [32mBuilding CXX object CMakeFiles/ditto_ros_msgs__rosidl_typesupport_c.dir/rosidl_typesupport_c/ditto_ros_msgs/msg/alert__type_support.cpp.o[0m
[9.373s] [ 35%] [32mBuilding C object CMakeFiles/ditto_ros_msgs__rosidl_typesupport_introspection_c.dir/rosidl_typesupport_introspection_c/ditto_ros_msgs/msg/detail/asset_metadata__type_support.c.o[0m
[9.396s] [ 37%] [32mBuilding CXX object CMakeFiles/ditto_ros_msgs__rosidl_typesupport_c.dir/rosidl_typesupport_c/ditto_ros_msgs/msg/relationship__type_support.cpp.o[0m
[9.442s] [ 39%] [32mBuilding C object CMakeFiles/ditto_ros_msgs__rosidl_typesupport_introspection_c.dir/rosidl_typesupport_introspection_c/ditto_ros_msgs/msg/detail/alert__type_support.c.o[0m
[9.480s] [ 40%] [32mBuilding CXX object CMakeFiles/ditto_ros_msgs__rosidl_typesupport_c.dir/rosidl_typesupport_c/ditto_ros_msgs/msg/machine_status__type_support.cpp.o[0m
[9.500s] [ 42%] [32mBuilding CXX object CMakeFiles/ditto_ros_msgs__rosidl_typesupport_fastrtps_cpp.dir/rosidl_typesupport_fastrtps_cpp/ditto_ros_msgs/msg/detail/dds_fastrtps/asset_metadata__type_support.cpp.o[0m
[9.502s] [ 43%] [32mBuilding CXX object CMakeFiles/ditto_ros_msgs__rosidl_typesupport_fastrtps_c.dir/rosidl_typesupport_fastrtps_c/ditto_ros_msgs/msg/detail/asset_metadata__type_support_c.cpp.o[0m
[9.507s] [ 45%] [32mBuilding C object CMakeFiles/ditto_ros_msgs__rosidl_typesupport_introspection_c.dir/rosidl_typesupport_introspection_c/ditto_ros_msgs/msg/detail/relationship__type_support.c.o[0m
[9.564s] [ 46%] [32m[1mLinking CXX shared library libditto_ros_msgs__rosidl_typesupport_c.so[0m
[9.570s] [ 48%] [32mBuilding C object CMakeFiles/ditto_ros_msgs__rosidl_typesupport_introspection_c.dir/rosidl_typesupport_introspection_c/ditto_ros_msgs/msg/detail/machine_status__type_support.c.o[0m
[9.640s] [ 50%] [32m[1mLinking C shared library libditto_ros_msgs__rosidl_typesupport_introspection_c.so[0m
[9.754s] [ 50%] Built target ditto_ros_msgs__rosidl_typesupport_c
[9.773s] [ 51%] [32mBuilding CXX object CMakeFiles/ditto_ros_msgs__rosidl_typesupport_fastrtps_c.dir/rosidl_typesupport_fastrtps_c/ditto_ros_msgs/msg/detail/alert__type_support_c.cpp.o[0m
[9.870s] [ 51%] Built target ditto_ros_msgs__rosidl_typesupport_introspection_c
[9.890s] [ 53%] [34m[1mGenerating C++ introspection for ROS interfaces[0m
[10.780s] [ 56%] [32mBuilding CXX object CMakeFiles/ditto_ros_msgs__rosidl_typesupport_fastrtps_cpp.dir/rosidl_typesupport_fastrtps_cpp/ditto_ros_msgs/msg/detail/dds_fastrtps/alert__type_support.cpp.o[0m
[10.780s] [ 56%] [32mBuilding CXX object CMakeFiles/ditto_ros_msgs__rosidl_typesupport_fastrtps_c.dir/rosidl_typesupport_fastrtps_c/ditto_ros_msgs/msg/detail/relationship__type_support_c.cpp.o[0m
[10.876s] [ 57%] [32mBuilding CXX object CMakeFiles/ditto_ros_msgs__rosidl_typesupport_introspection_cpp.dir/rosidl_typesupport_introspection_cpp/ditto_ros_msgs/msg/detail/asset_metadata__type_support.cpp.o[0m
[11.021s] [ 59%] [32mBuilding CXX object CMakeFiles/ditto_ros_msgs__rosidl_typesupport_fastrtps_c.dir/rosidl_typesupport_fastrtps_c/ditto_ros_msgs/msg/detail/machine_status__type_support_c.cpp.o[0m
[11.740s] [ 60%] [32mBuilding CXX object CMakeFiles/ditto_ros_msgs__rosidl_typesupport_introspection_cpp.dir/rosidl_typesupport_introspection_cpp/ditto_ros_msgs/msg/detail/alert__type_support.cpp.o[0m
[12.008s] [ 62%] [32mBuilding CXX object CMakeFiles/ditto_ros_msgs__rosidl_typesupport_fastrtps_cpp.dir/rosidl_typesupport_fastrtps_cpp/ditto_ros_msgs/msg/detail/dds_fastrtps/relationship__type_support.cpp.o[0m
[12.045s] [ 64%] [32mBuilding CXX object CMakeFiles/ditto_ros_msgs__rosidl_typesupport_fastrtps_cpp.dir/rosidl_typesupport_fastrtps_cpp/ditto_ros_msgs/msg/detail/dds_fastrtps/machine_status__type_support.cpp.o[0m
[12.234s] [ 65%] [32m[1mLinking CXX shared library libditto_ros_msgs__rosidl_typesupport_fastrtps_c.so[0m
[12.494s] [ 67%] [32mBuilding CXX object CMakeFiles/ditto_ros_msgs__rosidl_typesupport_introspection_cpp.dir/rosidl_typesupport_introspection_cpp/ditto_ros_msgs/msg/detail/relationship__type_support.cpp.o[0m
[12.571s] [ 67%] Built target ditto_ros_msgs__rosidl_typesupport_fastrtps_c
[12.593s] [ 68%] [34m[1mGenerating C++ type support dispatch for ROS interfaces[0m
[13.223s] [ 70%] [32mBuilding CXX object CMakeFiles/ditto_ros_msgs__rosidl_typesupport_introspection_cpp.dir/rosidl_typesupport_introspection_cpp/ditto_ros_msgs/msg/detail/machine_status__type_support.cpp.o[0m
[13.238s] [ 71%] [32m[1mLinking CXX shared library libditto_ros_msgs__rosidl_typesupport_fastrtps_cpp.so[0m
[13.407s] [ 75%] [32mBuilding CXX object CMakeFiles/ditto_ros_msgs__rosidl_typesupport_cpp.dir/rosidl_typesupport_cpp/ditto_ros_msgs/msg/alert__type_support.cpp.o[0m
[13.407s] [ 75%] [32mBuilding CXX object CMakeFiles/ditto_ros_msgs__rosidl_typesupport_cpp.dir/rosidl_typesupport_cpp/ditto_ros_msgs/msg/asset_metadata__type_support.cpp.o[0m
[13.553s] [ 75%] Built target ditto_ros_msgs__rosidl_typesupport_fastrtps_cpp
[13.569s] [ 76%] [32mBuilding CXX object CMakeFiles/ditto_ros_msgs__rosidl_typesupport_cpp.dir/rosidl_typesupport_cpp/ditto_ros_msgs/msg/relationship__type_support.cpp.o[0m
[13.985s] [ 78%] [32m[1mLinking CXX shared library libditto_ros_msgs__rosidl_typesupport_introspection_cpp.so[0m
[14.184s] [ 79%] [32mBuilding CXX object CMakeFiles/ditto_ros_msgs__rosidl_typesupport_cpp.dir/rosidl_typesupport_cpp/ditto_ros_msgs/msg/machine_status__type_support.cpp.o[0m
[14.318s] [ 79%] Built target ditto_ros_msgs__rosidl_typesupport_introspection_cpp
[14.698s] [ 81%] [32m[1mLinking CXX shared library libditto_ros_msgs__rosidl_typesupport_cpp.so[0m
[14.824s] [ 81%] Built target ditto_ros_msgs__rosidl_typesupport_cpp
[14.848s] [ 81%] Built target ditto_ros_msgs
[14.871s] [ 82%] [34m[1mGenerating Python code for ROS interfaces[0m
[15.610s] [ 82%] Built target ditto_ros_msgs__py
[15.641s] [ 84%] [32mBuilding C object CMakeFiles/ditto_ros_msgs__rosidl_generator_py.dir/rosidl_generator_py/ditto_ros_msgs/msg/_asset_metadata_s.c.o[0m
[15.644s] [ 87%] [32mBuilding C object CMakeFiles/ditto_ros_msgs__rosidl_generator_py.dir/rosidl_generator_py/ditto_ros_msgs/msg/_alert_s.c.o[0m
[15.645s] [ 87%] [32mBuilding C object CMakeFiles/ditto_ros_msgs__rosidl_generator_py.dir/rosidl_generator_py/ditto_ros_msgs/msg/_relationship_s.c.o[0m
[15.647s] [ 89%] [32mBuilding C object CMakeFiles/ditto_ros_msgs__rosidl_generator_py.dir/rosidl_generator_py/ditto_ros_msgs/msg/_machine_status_s.c.o[0m
[15.952s] [ 90%] [32m[1mLinking C shared library libditto_ros_msgs__rosidl_generator_py.so[0m
[16.082s] [ 90%] Built target ditto_ros_msgs__rosidl_generator_py
[16.107s] [ 92%] [32mBuilding C object CMakeFiles/ditto_ros_msgs_s__rosidl_typesupport_c.dir/rosidl_generator_py/ditto_ros_msgs/_ditto_ros_msgs_s.ep.rosidl_typesupport_c.c.o[0m
[16.108s] [ 95%] [32mBuilding C object CMakeFiles/ditto_ros_msgs_s__rosidl_typesupport_introspection_c.dir/rosidl_generator_py/ditto_ros_msgs/_ditto_ros_msgs_s.ep.rosidl_typesupport_introspection_c.c.o[0m
[16.108s] [ 95%] [32mBuilding C object CMakeFiles/ditto_ros_msgs_s__rosidl_typesupport_fastrtps_c.dir/rosidl_generator_py/ditto_ros_msgs/_ditto_ros_msgs_s.ep.rosidl_typesupport_fastrtps_c.c.o[0m
[16.343s] [ 96%] [32m[1mLinking C shared module rosidl_generator_py/ditto_ros_msgs/ditto_ros_msgs_s__rosidl_typesupport_introspection_c.so[0m
[16.345s] [100%] [32m[1mLinking C shared module rosidl_generator_py/ditto_ros_msgs/ditto_ros_msgs_s__rosidl_typesupport_fastrtps_c.so[0m
[16.345s] [100%] [32m[1mLinking C shared module rosidl_generator_py/ditto_ros_msgs/ditto_ros_msgs_s__rosidl_typesupport_c.so[0m
[16.438s] [100%] Built target ditto_ros_msgs_s__rosidl_typesupport_introspection_c
[16.440s] [100%] Built target ditto_ros_msgs_s__rosidl_typesupport_c
[16.441s] [100%] Built target ditto_ros_msgs_s__rosidl_typesupport_fastrtps_c
[16.457s] Invoked command in '/home/john/ditto_ros_bridge/build/ditto_ros_msgs' returned '0': CMAKE_PREFIX_PATH=${CMAKE_PREFIX_PATH}:/home/john/ditto_ros_bridge/install/ditto_ros_bridge:/home/john/ros2_ws/install/ditto_ros_bridge:/opt/ros/rolling /usr/bin/cmake --build /home/john/ditto_ros_bridge/build/ditto_ros_msgs -- -j4 -l4
[16.468s] Invoking command in '/home/john/ditto_ros_bridge/build/ditto_ros_msgs': CMAKE_PREFIX_PATH=${CMAKE_PREFIX_PATH}:/home/john/ditto_ros_bridge/install/ditto_ros_bridge:/home/john/ros2_ws/install/ditto_ros_bridge:/opt/ros/rolling /usr/bin/cmake --install /home/john/ditto_ros_bridge/build/ditto_ros_msgs
[16.479s] -- Install configuration: ""
[16.481s] -- Installing: /home/john/ditto_ros_bridge/install/ditto_ros_msgs/share/ament_index/resource_index/rosidl_interfaces/ditto_ros_msgs
[16.481s] -- Installing: /home/john/ditto_ros_bridge/install/ditto_ros_msgs/share/ditto_ros_msgs/msg/AssetMetadata.json
[16.482s] -- Installing: /home/john/ditto_ros_bridge/install/ditto_ros_msgs/share/ditto_ros_msgs/msg/Alert.json
[16.482s] -- Installing: /home/john/ditto_ros_bridge/install/ditto_ros_msgs/share/ditto_ros_msgs/msg/Relationship.json
[16.482s] -- Installing: /home/john/ditto_ros_bridge/install/ditto_ros_msgs/share/ditto_ros_msgs/msg/MachineStatus.json
[16.482s] -- Installing: /home/john/ditto_ros_bridge/install/ditto_ros_msgs/include/ditto_ros_msgs/ditto_ros_msgs
[16.484s] -- Installing: /home/john/ditto_ros_bridge/install/ditto_ros_msgs/include/ditto_ros_msgs/ditto_ros_msgs/msg
[16.484s] -- Installing: /home/john/ditto_ros_bridge/install/ditto_ros_msgs/include/ditto_ros_msgs/ditto_ros_msgs/msg/detail
[16.484s] -- Installing: /home/john/ditto_ros_bridge/install/ditto_ros_msgs/include/ditto_ros_msgs/ditto_ros_msgs/msg/detail/machine_status__type_support.c
[16.485s] -- Installing: /home/john/ditto_ros_bridge/install/ditto_ros_msgs/include/ditto_ros_msgs/ditto_ros_msgs/msg/detail/asset_metadata__type_support.c
[16.485s] -- Installing: /home/john/ditto_ros_bridge/install/ditto_ros_msgs/include/ditto_ros_msgs/ditto_ros_msgs/msg/detail/relationship__type_support.c
[16.485s] -- Installing: /home/john/ditto_ros_bridge/install/ditto_ros_msgs/include/ditto_ros_msgs/ditto_ros_msgs/msg/detail/alert__type_support.c
[16.486s] -- Installing: /home/john/ditto_ros_bridge/install/ditto_ros_msgs/include/ditto_ros_msgs/ditto_ros_msgs/msg/detail/relationship__type_support.h
[16.486s] -- Installing: /home/john/ditto_ros_bridge/install/ditto_ros_msgs/include/ditto_ros_msgs/ditto_ros_msgs/msg/detail/relationship__functions.c
[16.486s] -- Installing: /home/john/ditto_ros_bridge/install/ditto_ros_msgs/include/ditto_ros_msgs/ditto_ros_msgs/msg/detail/alert__functions.h
[16.486s] -- Installing: /home/john/ditto_ros_bridge/install/ditto_ros_msgs/include/ditto_ros_msgs/ditto_ros_msgs/msg/detail/alert__type_support.h
[16.487s] -- Installing: /home/john/ditto_ros_bridge/install/ditto_ros_msgs/include/ditto_ros_msgs/ditto_ros_msgs/msg/detail/asset_metadata__functions.c
[16.487s] -- Installing: /home/john/ditto_ros_bridge/install/ditto_ros_msgs/include/ditto_ros_msgs/ditto_ros_msgs/msg/detail/machine_status__functions.h
[16.487s] -- Installing: /home/john/ditto_ros_bridge/install/ditto_ros_msgs/include/ditto_ros_msgs/ditto_ros_msgs/msg/detail/machine_status__functions.c
[16.488s] -- Installing: /home/john/ditto_ros_bridge/install/ditto_ros_msgs/include/ditto_ros_msgs/ditto_ros_msgs/msg/detail/alert__functions.c
[16.488s] -- Installing: /home/john/ditto_ros_bridge/install/ditto_ros_msgs/include/ditto_ros_msgs/ditto_ros_msgs/msg/detail/asset_metadata__description.c
[16.488s] -- Installing: /home/john/ditto_ros_bridge/install/ditto_ros_msgs/include/ditto_ros_msgs/ditto_ros_msgs/msg/detail/asset_metadata__type_support.h
[16.488s] -- Installing: /home/john/ditto_ros_bridge/install/ditto_ros_msgs/include/ditto_ros_msgs/ditto_ros_msgs/msg/detail/relationship__description.c
[16.489s] -- Installing: /home/john/ditto_ros_bridge/install/ditto_ros_msgs/include/ditto_ros_msgs/ditto_ros_msgs/msg/detail/machine_status__type_support.h
[16.489s] -- Installing: /home/john/ditto_ros_bridge/install/ditto_ros_msgs/include/ditto_ros_msgs/ditto_ros_msgs/msg/detail/relationship__functions.h
[16.489s] -- Installing: /home/john/ditto_ros_bridge/install/ditto_ros_msgs/include/ditto_ros_msgs/ditto_ros_msgs/msg/detail/asset_metadata__functions.h
[16.490s] -- Installing: /home/john/ditto_ros_bridge/install/ditto_ros_msgs/include/ditto_ros_msgs/ditto_ros_msgs/msg/detail/relationship__struct.h
[16.490s] -- Installing: /home/john/ditto_ros_bridge/install/ditto_ros_msgs/include/ditto_ros_msgs/ditto_ros_msgs/msg/detail/alert__description.c
[16.490s] -- Installing: /home/john/ditto_ros_bridge/install/ditto_ros_msgs/include/ditto_ros_msgs/ditto_ros_msgs/msg/detail/machine_status__description.c
[16.490s] -- Installing: /home/john/ditto_ros_bridge/install/ditto_ros_msgs/include/ditto_ros_msgs/ditto_ros_msgs/msg/detail/machine_status__struct.h
[16.490s] -- Installing: /home/john/ditto_ros_bridge/install/ditto_ros_msgs/include/ditto_ros_msgs/ditto_ros_msgs/msg/detail/asset_metadata__struct.h
[16.491s] -- Installing: /home/john/ditto_ros_bridge/install/ditto_ros_msgs/include/ditto_ros_msgs/ditto_ros_msgs/msg/detail/alert__struct.h
[16.491s] -- Installing: /home/john/ditto_ros_bridge/install/ditto_ros_msgs/include/ditto_ros_msgs/ditto_ros_msgs/msg/machine_status.h
[16.491s] -- Installing: /home/john/ditto_ros_bridge/install/ditto_ros_msgs/include/ditto_ros_msgs/ditto_ros_msgs/msg/rosidl_generator_c__visibility_control.h
[16.492s] -- Installing: /home/john/ditto_ros_bridge/install/ditto_ros_msgs/include/ditto_ros_msgs/ditto_ros_msgs/msg/relationship.h
[16.492s] -- Installing: /home/john/ditto_ros_bridge/install/ditto_ros_msgs/include/ditto_ros_msgs/ditto_ros_msgs/msg/asset_metadata.h
[16.492s] -- Installing: /home/john/ditto_ros_bridge/install/ditto_ros_msgs/include/ditto_ros_msgs/ditto_ros_msgs/msg/alert.h
[16.492s] -- Installing: /home/john/ditto_ros_bridge/install/ditto_ros_msgs/share/ditto_ros_msgs/environment/library_path.sh
[16.492s] -- Installing: /home/john/ditto_ros_bridge/install/ditto_ros_msgs/share/ditto_ros_msgs/environment/library_path.dsv
[16.492s] -- Installing: /home/john/ditto_ros_bridge/install/ditto_ros_msgs/lib/libditto_ros_msgs__rosidl_generator_c.so
[16.493s] -- Set non-toolchain portion of runtime path of "/home/john/ditto_ros_bridge/install/ditto_ros_msgs/lib/libditto_ros_msgs__rosidl_generator_c.so" to ""
[16.493s] -- Up-to-date: /home/john/ditto_ros_bridge/install/ditto_ros_msgs/include/ditto_ros_msgs/ditto_ros_msgs
[16.494s] -- Up-to-date: /home/john/ditto_ros_bridge/install/ditto_ros_msgs/include/ditto_ros_msgs/ditto_ros_msgs/msg
[16.494s] -- Up-to-date: /home/john/ditto_ros_bridge/install/ditto_ros_msgs/include/ditto_ros_msgs/ditto_ros_msgs/msg/detail
[16.494s] -- Installing: /home/john/ditto_ros_bridge/install/ditto_ros_msgs/include/ditto_ros_msgs/ditto_ros_msgs/msg/detail/relationship__rosidl_typesupport_fastrtps_c.h
[16.495s] -- Installing: /home/john/ditto_ros_bridge/install/ditto_ros_msgs/include/ditto_ros_msgs/ditto_ros_msgs/msg/detail/alert__rosidl_typesupport_fastrtps_c.h
[16.495s] -- Installing: /home/john/ditto_ros_bridge/install/ditto_ros_msgs/include/ditto_ros_msgs/ditto_ros_msgs/msg/detail/asset_metadata__rosidl_typesupport_fastrtps_c.h
[16.495s] -- Installing: /home/john/ditto_ros_bridge/install/ditto_ros_msgs/include/ditto_ros_msgs/ditto_ros_msgs/msg/detail/machine_status__rosidl_typesupport_fastrtps_c.h
[16.495s] -- Installing: /home/john/ditto_ros_bridge/install/ditto_ros_msgs/include/ditto_ros_msgs/ditto_ros_msgs/msg/rosidl_typesupport_fastrtps_c__visibility_control.h
[16.496s] -- Installing: /home/john/ditto_ros_bridge/install/ditto_ros_msgs/lib/libditto_ros_msgs__rosidl_typesupport_fastrtps_c.so
[16.496s] -- Set non-toolchain portion of runtime path of "/home/john/ditto_ros_bridge/install/ditto_ros_msgs/lib/libditto_ros_msgs__rosidl_typesupport_fastrtps_c.so" to ""
[16.496s] -- Up-to-date: /home/john/ditto_ros_bridge/install/ditto_ros_msgs/include/ditto_ros_msgs/ditto_ros_msgs
[16.497s] -- Up-to-date: /home/john/ditto_ros_bridge/install/ditto_ros_msgs/include/ditto_ros_msgs/ditto_ros_msgs/msg
[16.497s] -- Up-to-date: /home/john/ditto_ros_bridge/install/ditto_ros_msgs/include/ditto_ros_msgs/ditto_ros_msgs/msg/detail
[16.497s] -- Installing: /home/john/ditto_ros_bridge/install/ditto_ros_msgs/include/ditto_ros_msgs/ditto_ros_msgs/msg/detail/machine_status__type_support.c
[16.497s] -- Installing: /home/john/ditto_ros_bridge/install/ditto_ros_msgs/include/ditto_ros_msgs/ditto_ros_msgs/msg/detail/asset_metadata__type_support.c
[16.498s] -- Installing: /home/john/ditto_ros_bridge/install/ditto_ros_msgs/include/ditto_ros_msgs/ditto_ros_msgs/msg/detail/relationship__type_support.c
[16.498s] -- Installing: /home/john/ditto_ros_bridge/install/ditto_ros_msgs/include/ditto_ros_msgs/ditto_ros_msgs/msg/detail/alert__type_support.c
[16.499s] -- Installing: /home/john/ditto_ros_bridge/install/ditto_ros_msgs/include/ditto_ros_msgs/ditto_ros_msgs/msg/detail/relationship__rosidl_typesupport_introspection_c.h
[16.499s] -- Installing: /home/john/ditto_ros_bridge/install/ditto_ros_msgs/include/ditto_ros_msgs/ditto_ros_msgs/msg/detail/asset_metadata__rosidl_typesupport_introspection_c.h
[16.499s] -- Installing: /home/john/ditto_ros_bridge/install/ditto_ros_msgs/include/ditto_ros_msgs/ditto_ros_msgs/msg/detail/alert__rosidl_typesupport_introspection_c.h
[16.500s] -- Installing: /home/john/ditto_ros_bridge/install/ditto_ros_msgs/include/ditto_ros_msgs/ditto_ros_msgs/msg/detail/machine_status__rosidl_typesupport_introspection_c.h
[16.500s] -- Installing: /home/john/ditto_ros_bridge/install/ditto_ros_msgs/include/ditto_ros_msgs/ditto_ros_msgs/msg/rosidl_typesupport_introspection_c__visibility_control.h
[16.500s] -- Installing: /home/john/ditto_ros_bridge/install/ditto_ros_msgs/lib/libditto_ros_msgs__rosidl_typesupport_introspection_c.so
[16.501s] -- Set non-toolchain portion of runtime path of "/home/john/ditto_ros_bridge/install/ditto_ros_msgs/lib/libditto_ros_msgs__rosidl_typesupport_introspection_c.so" to ""
[16.501s] -- Installing: /home/john/ditto_ros_bridge/install/ditto_ros_msgs/lib/libditto_ros_msgs__rosidl_typesupport_c.so
[16.502s] -- Set non-toolchain portion of runtime path of "/home/john/ditto_ros_bridge/install/ditto_ros_msgs/lib/libditto_ros_msgs__rosidl_typesupport_c.so" to ""
[16.502s] -- Up-to-date: /home/john/ditto_ros_bridge/install/ditto_ros_msgs/include/ditto_ros_msgs/ditto_ros_msgs
[16.502s] -- Up-to-date: /home/john/ditto_ros_bridge/install/ditto_ros_msgs/include/ditto_ros_msgs/ditto_ros_msgs/msg
[16.502s] -- Up-to-date: /home/john/ditto_ros_bridge/install/ditto_ros_msgs/include/ditto_ros_msgs/ditto_ros_msgs/msg/detail
[16.503s] -- Installing: /home/john/ditto_ros_bridge/install/ditto_ros_msgs/include/ditto_ros_msgs/ditto_ros_msgs/msg/detail/alert__type_support.hpp
[16.503s] -- Installing: /home/john/ditto_ros_bridge/install/ditto_ros_msgs/include/ditto_ros_msgs/ditto_ros_msgs/msg/detail/relationship__builder.hpp
[16.503s] -- Installing: /home/john/ditto_ros_bridge/install/ditto_ros_msgs/include/ditto_ros_msgs/ditto_ros_msgs/msg/detail/asset_metadata__traits.hpp
[16.503s] -- Installing: /home/john/ditto_ros_bridge/install/ditto_ros_msgs/include/ditto_ros_msgs/ditto_ros_msgs/msg/detail/machine_status__struct.hpp
[16.503s] -- Installing: /home/john/ditto_ros_bridge/install/ditto_ros_msgs/include/ditto_ros_msgs/ditto_ros_msgs/msg/detail/relationship__type_support.hpp
[16.504s] -- Installing: /home/john/ditto_ros_bridge/install/ditto_ros_msgs/include/ditto_ros_msgs/ditto_ros_msgs/msg/detail/machine_status__builder.hpp
[16.504s] -- Installing: /home/john/ditto_ros_bridge/install/ditto_ros_msgs/include/ditto_ros_msgs/ditto_ros_msgs/msg/detail/relationship__traits.hpp
[16.504s] -- Installing: /home/john/ditto_ros_bridge/install/ditto_ros_msgs/include/ditto_ros_msgs/ditto_ros_msgs/msg/detail/asset_metadata__struct.hpp
[16.504s] -- Installing: /home/john/ditto_ros_bridge/install/ditto_ros_msgs/include/ditto_ros_msgs/ditto_ros_msgs/msg/detail/asset_metadata__type_support.hpp
[16.504s] -- Installing: /home/john/ditto_ros_bridge/install/ditto_ros_msgs/include/ditto_ros_msgs/ditto_ros_msgs/msg/detail/alert__struct.hpp
[16.505s] -- Installing: /home/john/ditto_ros_bridge/install/ditto_ros_msgs/include/ditto_ros_msgs/ditto_ros_msgs/msg/detail/alert__builder.hpp
[16.505s] -- Installing: /home/john/ditto_ros_bridge/install/ditto_ros_msgs/include/ditto_ros_msgs/ditto_ros_msgs/msg/detail/alert__traits.hpp
[16.505s] -- Installing: /home/john/ditto_ros_bridge/install/ditto_ros_msgs/include/ditto_ros_msgs/ditto_ros_msgs/msg/detail/asset_metadata__builder.hpp
[16.505s] -- Installing: /home/john/ditto_ros_bridge/install/ditto_ros_msgs/include/ditto_ros_msgs/ditto_ros_msgs/msg/detail/relationship__struct.hpp
[16.506s] -- Installing: /home/john/ditto_ros_bridge/install/ditto_ros_msgs/include/ditto_ros_msgs/ditto_ros_msgs/msg/detail/machine_status__type_support.hpp
[16.506s] -- Installing: /home/john/ditto_ros_bridge/install/ditto_ros_msgs/include/ditto_ros_msgs/ditto_ros_msgs/msg/detail/machine_status__traits.hpp
[16.507s] -- Installing: /home/john/ditto_ros_bridge/install/ditto_ros_msgs/include/ditto_ros_msgs/ditto_ros_msgs/msg/machine_status.hpp
[16.507s] -- Installing: /home/john/ditto_ros_bridge/install/ditto_ros_msgs/include/ditto_ros_msgs/ditto_ros_msgs/msg/asset_metadata.hpp
[16.507s] -- Installing: /home/john/ditto_ros_bridge/install/ditto_ros_msgs/include/ditto_ros_msgs/ditto_ros_msgs/msg/relationship.hpp
[16.508s] -- Installing: /home/john/ditto_ros_bridge/install/ditto_ros_msgs/include/ditto_ros_msgs/ditto_ros_msgs/msg/rosidl_generator_cpp__visibility_control.hpp
[16.508s] -- Installing: /home/john/ditto_ros_bridge/install/ditto_ros_msgs/include/ditto_ros_msgs/ditto_ros_msgs/msg/alert.hpp
[16.508s] -- Up-to-date: /home/john/ditto_ros_bridge/install/ditto_ros_msgs/include/ditto_ros_msgs/ditto_ros_msgs
[16.508s] -- Up-to-date: /home/john/ditto_ros_bridge/install/ditto_ros_msgs/include/ditto_ros_msgs/ditto_ros_msgs/msg
[16.509s] -- Up-to-date: /home/john/ditto_ros_bridge/install/ditto_ros_msgs/include/ditto_ros_msgs/ditto_ros_msgs/msg/detail
[16.509s] -- Installing: /home/john/ditto_ros_bridge/install/ditto_ros_msgs/include/ditto_ros_msgs/ditto_ros_msgs/msg/detail/dds_fastrtps
[16.509s] -- Installing: /home/john/ditto_ros_bridge/install/ditto_ros_msgs/include/ditto_ros_msgs/ditto_ros_msgs/msg/detail/asset_metadata__rosidl_typesupport_fastrtps_cpp.hpp
[16.509s] -- Installing: /home/john/ditto_ros_bridge/install/ditto_ros_msgs/include/ditto_ros_msgs/ditto_ros_msgs/msg/detail/alert__rosidl_typesupport_fastrtps_cpp.hpp
[16.510s] -- Installing: /home/john/ditto_ros_bridge/install/ditto_ros_msgs/include/ditto_ros_msgs/ditto_ros_msgs/msg/detail/machine_status__rosidl_typesupport_fastrtps_cpp.hpp
[16.510s] -- Installing: /home/john/ditto_ros_bridge/install/ditto_ros_msgs/include/ditto_ros_msgs/ditto_ros_msgs/msg/detail/relationship__rosidl_typesupport_fastrtps_cpp.hpp
[16.510s] -- Installing: /home/john/ditto_ros_bridge/install/ditto_ros_msgs/include/ditto_ros_msgs/ditto_ros_msgs/msg/rosidl_typesupport_fastrtps_cpp__visibility_control.h
[16.510s] -- Installing: /home/john/ditto_ros_bridge/install/ditto_ros_msgs/lib/libditto_ros_msgs__rosidl_typesupport_fastrtps_cpp.so
[16.511s] -- Set non-toolchain portion of runtime path of "/home/john/ditto_ros_bridge/install/ditto_ros_msgs/lib/libditto_ros_msgs__rosidl_typesupport_fastrtps_cpp.so" to ""
[16.511s] -- Up-to-date: /home/john/ditto_ros_bridge/install/ditto_ros_msgs/include/ditto_ros_msgs/ditto_ros_msgs
[16.511s] -- Up-to-date: /home/john/ditto_ros_bridge/install/ditto_ros_msgs/include/ditto_ros_msgs/ditto_ros_msgs/msg
[16.511s] -- Up-to-date: /home/john/ditto_ros_bridge/install/ditto_ros_msgs/include/ditto_ros_msgs/ditto_ros_msgs/msg/detail
[16.511s] -- Installing: /home/john/ditto_ros_bridge/install/ditto_ros_msgs/include/ditto_ros_msgs/ditto_ros_msgs/msg/detail/relationship__rosidl_typesupport_introspection_cpp.hpp
[16.512s] -- Installing: /home/john/ditto_ros_bridge/install/ditto_ros_msgs/include/ditto_ros_msgs/ditto_ros_msgs/msg/detail/alert__type_support.cpp
[16.512s] -- Installing: /home/john/ditto_ros_bridge/install/ditto_ros_msgs/include/ditto_ros_msgs/ditto_ros_msgs/msg/detail/asset_metadata__type_support.cpp
[16.512s] -- Installing: /home/john/ditto_ros_bridge/install/ditto_ros_msgs/include/ditto_ros_msgs/ditto_ros_msgs/msg/detail/asset_metadata__rosidl_typesupport_introspection_cpp.hpp
[16.512s] -- Installing: /home/john/ditto_ros_bridge/install/ditto_ros_msgs/include/ditto_ros_msgs/ditto_ros_msgs/msg/detail/machine_status__type_support.cpp
[16.513s] -- Installing: /home/john/ditto_ros_bridge/install/ditto_ros_msgs/include/ditto_ros_msgs/ditto_ros_msgs/msg/detail/relationship__type_support.cpp
[16.513s] -- Installing: /home/john/ditto_ros_bridge/install/ditto_ros_msgs/include/ditto_ros_msgs/ditto_ros_msgs/msg/detail/alert__rosidl_typesupport_introspection_cpp.hpp
[16.513s] -- Installing: /home/john/ditto_ros_bridge/install/ditto_ros_msgs/include/ditto_ros_msgs/ditto_ros_msgs/msg/detail/machine_status__rosidl_typesupport_introspection_cpp.hpp
[16.513s] -- Installing: /home/john/ditto_ros_bridge/install/ditto_ros_msgs/lib/libditto_ros_msgs__rosidl_typesupport_introspection_cpp.so
[16.514s] -- Set non-toolchain portion of runtime path of "/home/john/ditto_ros_bridge/install/ditto_ros_msgs/lib/libditto_ros_msgs__rosidl_typesupport_introspection_cpp.so" to ""
[16.514s] -- Installing: /home/john/ditto_ros_bridge/install/ditto_ros_msgs/lib/libditto_ros_msgs__rosidl_typesupport_cpp.so
[16.514s] -- Set non-toolchain portion of runtime path of "/home/john/ditto_ros_bridge/install/ditto_ros_msgs/lib/libditto_ros_msgs__rosidl_typesupport_cpp.so" to ""
[16.514s] -- Installing: /home/john/ditto_ros_bridge/install/ditto_ros_msgs/share/ditto_ros_msgs/environment/pythonpath.sh
[16.515s] -- Installing: /home/john/ditto_ros_bridge/install/ditto_ros_msgs/share/ditto_ros_msgs/environment/pythonpath.dsv
[16.515s] -- Installing: /home/john/ditto_ros_bridge/install/ditto_ros_msgs/lib/python3.12/site-packages/ditto_ros_msgs-0.1.0-py3.12.egg-info
[16.515s] -- Installing: /home/john/ditto_ros_bridge/install/ditto_ros_msgs/lib/python3.12/site-packages/ditto_ros_msgs-0.1.0-py3.12.egg-info/top_level.txt
[16.515s] -- Installing: /home/john/ditto_ros_bridge/install/ditto_ros_msgs/lib/python3.12/site-packages/ditto_ros_msgs-0.1.0-py3.12.egg-info/PKG-INFO
[16.516s] -- Installing: /home/john/ditto_ros_bridge/install/ditto_ros_msgs/lib/python3.12/site-packages/ditto_ros_msgs-0.1.0-py3.12.egg-info/SOURCES.txt
[16.516s] -- Installing: /home/john/ditto_ros_bridge/install/ditto_ros_msgs/lib/python3.12/site-packages/ditto_ros_msgs-0.1.0-py3.12.egg-info/dependency_links.txt
[16.516s] -- Installing: /home/john/ditto_ros_bridge/install/ditto_ros_msgs/lib/python3.12/site-packages/ditto_ros_msgs
[16.516s] -- Installing: /home/john/ditto_ros_bridge/install/ditto_ros_msgs/lib/python3.12/site-packages/ditto_ros_msgs/_ditto_ros_msgs_s.ep.rosidl_typesupport_introspection_c.c
[16.516s] -- Installing: /home/john/ditto_ros_bridge/install/ditto_ros_msgs/lib/python3.12/site-packages/ditto_ros_msgs/_ditto_ros_msgs_s.ep.rosidl_typesupport_c.c
[16.516s] -- Installing: /home/john/ditto_ros_bridge/install/ditto_ros_msgs/lib/python3.12/site-packages/ditto_ros_msgs/__init__.py
[16.517s] -- Installing: /home/john/ditto_ros_bridge/install/ditto_ros_msgs/lib/python3.12/site-packages/ditto_ros_msgs/ditto_ros_msgs_s__rosidl_typesupport_c.so
[16.517s] -- Installing: /home/john/ditto_ros_bridge/install/ditto_ros_msgs/lib/python3.12/site-packages/ditto_ros_msgs/ditto_ros_msgs_s__rosidl_typesupport_fastrtps_c.so
[16.517s] -- Installing: /home/john/ditto_ros_bridge/install/ditto_ros_msgs/lib/python3.12/site-packages/ditto_ros_msgs/msg
[16.517s] -- Installing: /home/john/ditto_ros_bridge/install/ditto_ros_msgs/lib/python3.12/site-packages/ditto_ros_msgs/msg/_alert_s.c
[16.517s] -- Installing: /home/john/ditto_ros_bridge/install/ditto_ros_msgs/lib/python3.12/site-packages/ditto_ros_msgs/msg/_relationship.py
[16.517s] -- Installing: /home/john/ditto_ros_bridge/install/ditto_ros_msgs/lib/python3.12/site-packages/ditto_ros_msgs/msg/__init__.py
[16.518s] -- Installing: /home/john/ditto_ros_bridge/install/ditto_ros_msgs/lib/python3.12/site-packages/ditto_ros_msgs/msg/_asset_metadata.py
[16.518s] -- Installing: /home/john/ditto_ros_bridge/install/ditto_ros_msgs/lib/python3.12/site-packages/ditto_ros_msgs/msg/_asset_metadata_s.c
[16.518s] -- Installing: /home/john/ditto_ros_bridge/install/ditto_ros_msgs/lib/python3.12/site-packages/ditto_ros_msgs/msg/_machine_status_s.c
[16.518s] -- Installing: /home/john/ditto_ros_bridge/install/ditto_ros_msgs/lib/python3.12/site-packages/ditto_ros_msgs/msg/_machine_status.py
[16.518s] -- Installing: /home/john/ditto_ros_bridge/install/ditto_ros_msgs/lib/python3.12/site-packages/ditto_ros_msgs/msg/_alert.py
[16.518s] -- Installing: /home/john/ditto_ros_bridge/install/ditto_ros_msgs/lib/python3.12/site-packages/ditto_ros_msgs/msg/_relationship_s.c
[16.519s] -- Installing: /home/john/ditto_ros_bridge/install/ditto_ros_msgs/lib/python3.12/site-packages/ditto_ros_msgs/_ditto_ros_msgs_s.ep.rosidl_typesupport_fastrtps_c.c
[16.519s] -- Installing: /home/john/ditto_ros_bridge/install/ditto_ros_msgs/lib/python3.12/site-packages/ditto_ros_msgs/ditto_ros_msgs_s__rosidl_typesupport_introspection_c.so
[16.580s] Listing '/home/john/ditto_ros_bridge/install/ditto_ros_msgs/lib/python3.12/site-packages/ditto_ros_msgs'...
[16.581s] Compiling '/home/john/ditto_ros_bridge/install/ditto_ros_msgs/lib/python3.12/site-packages/ditto_ros_msgs/__init__.py'...
[16.581s] Listing '/home/john/ditto_ros_bridge/install/ditto_ros_msgs/lib/python3.12/site-packages/ditto_ros_msgs/msg'...
[16.581s] Compiling '/home/john/ditto_ros_bridge/install/ditto_ros_msgs/lib/python3.12/site-packages/ditto_ros_msgs/msg/__init__.py'...
[16.581s] Compiling '/home/john/ditto_ros_bridge/install/ditto_ros_msgs/lib/python3.12/site-packages/ditto_ros_msgs/msg/_alert.py'...
[16.581s] Compiling '/home/john/ditto_ros_bridge/install/ditto_ros_msgs/lib/python3.12/site-packages/ditto_ros_msgs/msg/_asset_metadata.py'...
[16.581s] Compiling '/home/john/ditto_ros_bridge/install/ditto_ros_msgs/lib/python3.12/site-packages/ditto_ros_msgs/msg/_machine_status.py'...
[16.582s] Compiling '/home/john/ditto_ros_bridge/install/ditto_ros_msgs/lib/python3.12/site-packages/ditto_ros_msgs/msg/_relationship.py'...
[16.590s] -- Installing: /home/john/ditto_ros_bridge/install/ditto_ros_msgs/lib/python3.12/site-packages/ditto_ros_msgs/ditto_ros_msgs_s__rosidl_typesupport_fastrtps_c.so
[16.591s] -- Set non-toolchain portion of runtime path of "/home/john/ditto_ros_bridge/install/ditto_ros_msgs/lib/python3.12/site-packages/ditto_ros_msgs/ditto_ros_msgs_s__rosidl_typesupport_fastrtps_c.so" to ""
[16.591s] -- Installing: /home/john/ditto_ros_bridge/install/ditto_ros_msgs/lib/python3.12/site-packages/ditto_ros_msgs/ditto_ros_msgs_s__rosidl_typesupport_introspection_c.so
[16.592s] -- Set non-toolchain portion of runtime path of "/home/john/ditto_ros_bridge/install/ditto_ros_msgs/lib/python3.12/site-packages/ditto_ros_msgs/ditto_ros_msgs_s__rosidl_typesupport_introspection_c.so" to ""
[16.592s] -- Installing: /home/john/ditto_ros_bridge/install/ditto_ros_msgs/lib/python3.12/site-packages/ditto_ros_msgs/ditto_ros_msgs_s__rosidl_typesupport_c.so
[16.593s] -- Set non-toolchain portion of runtime path of "/home/john/ditto_ros_bridge/install/ditto_ros_msgs/lib/python3.12/site-packages/ditto_ros_msgs/ditto_ros_msgs_s__rosidl_typesupport_c.so" to ""
[16.593s] -- Installing: /home/john/ditto_ros_bridge/install/ditto_ros_msgs/lib/libditto_ros_msgs__rosidl_generator_py.so
[16.594s] -- Set non-toolchain portion of runtime path of "/home/john/ditto_ros_bridge/install/ditto_ros_msgs/lib/libditto_ros_msgs__rosidl_generator_py.so" to ""
[16.594s] -- Installing: /home/john/ditto_ros_bridge/install/ditto_ros_msgs/share/ditto_ros_msgs/msg/AssetMetadata.idl
[16.594s] -- Installing: /home/john/ditto_ros_bridge/install/ditto_ros_msgs/share/ditto_ros_msgs/msg/Alert.idl
[16.595s] -- Installing: /home/john/ditto_ros_bridge/install/ditto_ros_msgs/share/ditto_ros_msgs/msg/Relationship.idl
[16.595s] -- Installing: /home/john/ditto_ros_bridge/install/ditto_ros_msgs/share/ditto_ros_msgs/msg/MachineStatus.idl
[16.596s] -- Installing: /home/john/ditto_ros_bridge/install/ditto_ros_msgs/share/ditto_ros_msgs/msg/AssetMetadata.msg
[16.596s] -- Installing: /home/john/ditto_ros_bridge/install/ditto_ros_msgs/share/ditto_ros_msgs/msg/Alert.msg
[16.596s] -- Installing: /home/john/ditto_ros_bridge/install/ditto_ros_msgs/share/ditto_ros_msgs/msg/Relationship.msg
[16.596s] -- Installing: /home/john/ditto_ros_bridge/install/ditto_ros_msgs/share/ditto_ros_msgs/msg/MachineStatus.msg
[16.597s] -- Installing: /home/john/ditto_ros_bridge/install/ditto_ros_msgs/share/ament_index/resource_index/package_run_dependencies/ditto_ros_msgs
[16.597s] -- Installing: /home/john/ditto_ros_bridge/install/ditto_ros_msgs/share/ament_index/resource_index/parent_prefix_path/ditto_ros_msgs
[16.598s] -- Installing: /home/john/ditto_ros_bridge/install/ditto_ros_msgs/share/ditto_ros_msgs/environment/ament_prefix_path.sh
[16.598s] -- Installing: /home/john/ditto_ros_bridge/install/ditto_ros_msgs/share/ditto_ros_msgs/environment/ament_prefix_path.dsv
[16.599s] -- Installing: /home/john/ditto_ros_bridge/install/ditto_ros_msgs/share/ditto_ros_msgs/environment/path.sh
[16.599s] -- Installing: /home/john/ditto_ros_bridge/install/ditto_ros_msgs/share/ditto_ros_msgs/environment/path.dsv
[16.599s] -- Installing: /home/john/ditto_ros_bridge/install/ditto_ros_msgs/share/ditto_ros_msgs/local_setup.bash
[16.599s] -- Installing: /home/john/ditto_ros_bridge/install/ditto_ros_msgs/share/ditto_ros_msgs/local_setup.sh
[16.600s] -- Installing: /home/john/ditto_ros_bridge/install/ditto_ros_msgs/share/ditto_ros_msgs/local_setup.zsh
[16.600s] -- Installing: /home/john/ditto_ros_bridge/install/ditto_ros_msgs/share/ditto_ros_msgs/local_setup.dsv
[16.600s] -- Installing: /home/john/ditto_ros_bridge/install/ditto_ros_msgs/share/ditto_ros_msgs/package.dsv
[16.601s] -- Installing: /home/john/ditto_ros_bridge/install/ditto_ros_msgs/share/ament_index/resource_index/packages/ditto_ros_msgs
[16.602s] -- Installing: /home/john/ditto_ros_bridge/install/ditto_ros_msgs/share/ditto_ros_msgs/cmake/export_ditto_ros_msgs__rosidl_generator_cExport.cmake
[16.602s] -- Installing: /home/john/ditto_ros_bridge/install/ditto_ros_msgs/share/ditto_ros_msgs/cmake/export_ditto_ros_msgs__rosidl_generator_cExport-noconfig.cmake
[16.603s] -- Installing: /home/john/ditto_ros_bridge/install/ditto_ros_msgs/share/ditto_ros_msgs/cmake/export_ditto_ros_msgs__rosidl_typesupport_fastrtps_cExport.cmake
[16.603s] -- Installing: /home/john/ditto_ros_bridge/install/ditto_ros_msgs/share/ditto_ros_msgs/cmake/export_ditto_ros_msgs__rosidl_typesupport_fastrtps_cExport-noconfig.cmake
[16.603s] -- Installing: /home/john/ditto_ros_bridge/install/ditto_ros_msgs/share/ditto_ros_msgs/cmake/ditto_ros_msgs__rosidl_typesupport_introspection_cExport.cmake
[16.604s] -- Installing: /home/john/ditto_ros_bridge/install/ditto_ros_msgs/share/ditto_ros_msgs/cmake/ditto_ros_msgs__rosidl_typesupport_introspection_cExport-noconfig.cmake
[16.604s] -- Installing: /home/john/ditto_ros_bridge/install/ditto_ros_msgs/share/ditto_ros_msgs/cmake/ditto_ros_msgs__rosidl_typesupport_cExport.cmake
[16.605s] -- Installing: /home/john/ditto_ros_bridge/install/ditto_ros_msgs/share/ditto_ros_msgs/cmake/ditto_ros_msgs__rosidl_typesupport_cExport-noconfig.cmake
[16.605s] -- Installing: /home/john/ditto_ros_bridge/install/ditto_ros_msgs/share/ditto_ros_msgs/cmake/export_ditto_ros_msgs__rosidl_generator_cppExport.cmake
[16.606s] -- Installing: /home/john/ditto_ros_bridge/install/ditto_ros_msgs/share/ditto_ros_msgs/cmake/export_ditto_ros_msgs__rosidl_typesupport_fastrtps_cppExport.cmake
[16.606s] -- Installing: /home/john/ditto_ros_bridge/install/ditto_ros_msgs/share/ditto_ros_msgs/cmake/export_ditto_ros_msgs__rosidl_typesupport_fastrtps_cppExport-noconfig.cmake
[16.606s] -- Installing: /home/john/ditto_ros_bridge/install/ditto_ros_msgs/share/ditto_ros_msgs/cmake/ditto_ros_msgs__rosidl_typesupport_introspection_cppExport.cmake
[16.607s] -- Installing: /home/john/ditto_ros_bridge/install/ditto_ros_msgs/share/ditto_ros_msgs/cmake/ditto_ros_msgs__rosidl_typesupport_introspection_cppExport-noconfig.cmake
[16.607s] -- Installing: /home/john/ditto_ros_bridge/install/ditto_ros_msgs/share/ditto_ros_msgs/cmake/ditto_ros_msgs__rosidl_typesupport_cppExport.cmake
[16.608s] -- Installing: /home/john/ditto_ros_bridge/install/ditto_ros_msgs/share/ditto_ros_msgs/cmake/ditto_ros_msgs__rosidl_typesupport_cppExport-noconfig.cmake
[16.608s] -- Installing: /home/john/ditto_ros_bridge/install/ditto_ros_msgs/share/ditto_ros_msgs/cmake/export_ditto_ros_msgs__rosidl_generator_pyExport.cmake
[16.608s] -- Installing: /home/john/ditto_ros_bridge/install/ditto_ros_msgs/share/ditto_ros_msgs/cmake/export_ditto_ros_msgs__rosidl_generator_pyExport-noconfig.cmake
[16.608s] -- Installing: /home/john/ditto_ros_bridge/install/ditto_ros_msgs/share/ditto_ros_msgs/cmake/rosidl_cmake-extras.cmake
[16.609s] -- Installing: /home/john/ditto_ros_bridge/install/ditto_ros_msgs/share/ditto_ros_msgs/cmake/ament_cmake_export_dependencies-extras.cmake
[16.609s] -- Installing: /home/john/ditto_ros_bridge/install/ditto_ros_msgs/share/ditto_ros_msgs/cmake/ament_cmake_export_include_directories-extras.cmake
[16.609s] -- Installing: /home/john/ditto_ros_bridge/install/ditto_ros_msgs/share/ditto_ros_msgs/cmake/ament_cmake_export_libraries-extras.cmake
[16.610s] -- Installing: /home/john/ditto_ros_bridge/install/ditto_ros_msgs/share/ditto_ros_msgs/cmake/ament_cmake_export_targets-extras.cmake
[16.610s] -- Installing: /home/john/ditto_ros_bridge/install/ditto_ros_msgs/share/ditto_ros_msgs/cmake/rosidl_cmake_export_typesupport_targets-extras.cmake
[16.610s] -- Installing: /home/john/ditto_ros_bridge/install/ditto_ros_msgs/share/ditto_ros_msgs/cmake/rosidl_cmake_export_typesupport_libraries-extras.cmake
[16.610s] -- Installing: /home/john/ditto_ros_bridge/install/ditto_ros_msgs/share/ditto_ros_msgs/cmake/ditto_ros_msgsConfig.cmake
[16.610s] -- Installing: /home/john/ditto_ros_bridge/install/ditto_ros_msgs/share/ditto_ros_msgs/cmake/ditto_ros_msgsConfig-version.cmake
[16.611s] -- Installing: /home/john/ditto_ros_bridge/install/ditto_ros_msgs/share/ditto_ros_msgs/package.xml
[16.613s] Invoked command in '/home/john/ditto_ros_bridge/build/ditto_ros_msgs' returned '0': CMAKE_PREFIX_PATH=${CMAKE_PREFIX_PATH}:/home/john/ditto_ros_bridge/install/ditto_ros_bridge:/home/john/ros2_ws/install/ditto_ros_bridge:/opt/ros/rolling /usr/bin/cmake --install /home/john/ditto_ros_bridge/build/ditto_ros_msgs
