[1.709s] Invoking command in '/home/john/ditto_ros_bridge/src/ditto_ros_bridge': PYTHONPATH=/home/john/ditto_ros_bridge/build/ditto_ros_bridge/prefix_override:/usr/lib/python3/dist-packages/colcon_core/task/python/colcon_distutils_commands:/home/john/ditto_ros_bridge/install/ditto_ros_bridge/lib/python3.12/site-packages:${PYTHONPATH} /usr/bin/python3 -W ignore:setup.py install is deprecated -W ignore:easy_install command is deprecated setup.py egg_info --egg-base ../../build/ditto_ros_bridge build --build-base /home/john/ditto_ros_bridge/build/ditto_ros_bridge/build install --record /home/john/ditto_ros_bridge/build/ditto_ros_bridge/install.log --single-version-externally-managed install_data
[2.152s] running egg_info
[2.152s] creating ../../build/ditto_ros_bridge/ditto_ros_bridge.egg-info
[2.183s] writing ../../build/ditto_ros_bridge/ditto_ros_bridge.egg-info/PKG-INFO
[2.183s] writing dependency_links to ../../build/ditto_ros_bridge/ditto_ros_bridge.egg-info/dependency_links.txt
[2.183s] writing entry points to ../../build/ditto_ros_bridge/ditto_ros_bridge.egg-info/entry_points.txt
[2.184s] writing requirements to ../../build/ditto_ros_bridge/ditto_ros_bridge.egg-info/requires.txt
[2.184s] writing top-level names to ../../build/ditto_ros_bridge/ditto_ros_bridge.egg-info/top_level.txt
[2.184s] writing manifest file '../../build/ditto_ros_bridge/ditto_ros_bridge.egg-info/SOURCES.txt'
[2.248s] reading manifest file '../../build/ditto_ros_bridge/ditto_ros_bridge.egg-info/SOURCES.txt'
[2.250s] writing manifest file '../../build/ditto_ros_bridge/ditto_ros_bridge.egg-info/SOURCES.txt'
[2.250s] running build
[2.250s] running build_py
[2.251s] creating /home/john/ditto_ros_bridge/build/ditto_ros_bridge/build
[2.251s] creating /home/john/ditto_ros_bridge/build/ditto_ros_bridge/build/lib
[2.251s] creating /home/john/ditto_ros_bridge/build/ditto_ros_bridge/build/lib/ditto_ros_bridge
[2.252s] copying ditto_ros_bridge/__init__.py -> /home/john/ditto_ros_bridge/build/ditto_ros_bridge/build/lib/ditto_ros_bridge
[2.252s] copying ditto_ros_bridge/bridge_node.py -> /home/john/ditto_ros_bridge/build/ditto_ros_bridge/build/lib/ditto_ros_bridge
[2.253s] running install
[2.264s] running install_lib
[2.291s] creating /home/john/ditto_ros_bridge/install/ditto_ros_bridge/lib/python3.12/site-packages/ditto_ros_bridge
[2.292s] copying /home/john/ditto_ros_bridge/build/ditto_ros_bridge/build/lib/ditto_ros_bridge/__init__.py -> /home/john/ditto_ros_bridge/install/ditto_ros_bridge/lib/python3.12/site-packages/ditto_ros_bridge
[2.292s] copying /home/john/ditto_ros_bridge/build/ditto_ros_bridge/build/lib/ditto_ros_bridge/bridge_node.py -> /home/john/ditto_ros_bridge/install/ditto_ros_bridge/lib/python3.12/site-packages/ditto_ros_bridge
[2.292s] byte-compiling /home/john/ditto_ros_bridge/install/ditto_ros_bridge/lib/python3.12/site-packages/ditto_ros_bridge/__init__.py to __init__.cpython-312.pyc
[2.293s] byte-compiling /home/john/ditto_ros_bridge/install/ditto_ros_bridge/lib/python3.12/site-packages/ditto_ros_bridge/bridge_node.py to bridge_node.cpython-312.pyc
[2.296s] running install_data
[2.297s] creating /home/john/ditto_ros_bridge/install/ditto_ros_bridge/share/ament_index
[2.297s] creating /home/john/ditto_ros_bridge/install/ditto_ros_bridge/share/ament_index/resource_index
[2.297s] creating /home/john/ditto_ros_bridge/install/ditto_ros_bridge/share/ament_index/resource_index/packages
[2.298s] copying resource/ditto_ros_bridge -> /home/john/ditto_ros_bridge/install/ditto_ros_bridge/share/ament_index/resource_index/packages
[2.298s] copying package.xml -> /home/john/ditto_ros_bridge/install/ditto_ros_bridge/share/ditto_ros_bridge
[2.299s] copying launch/bridge.launch.py -> /home/john/ditto_ros_bridge/install/ditto_ros_bridge/share/ditto_ros_bridge
[2.299s] running install_egg_info
[2.328s] Copying ../../build/ditto_ros_bridge/ditto_ros_bridge.egg-info to /home/john/ditto_ros_bridge/install/ditto_ros_bridge/lib/python3.12/site-packages/ditto_ros_bridge-0.1.0-py3.12.egg-info
[2.330s] running install_scripts
[2.541s] Installing bridge_node script to /home/john/ditto_ros_bridge/install/ditto_ros_bridge/lib/ditto_ros_bridge
[2.542s] writing list of installed files to '/home/john/ditto_ros_bridge/build/ditto_ros_bridge/install.log'
[2.618s] Invoked command in '/home/john/ditto_ros_bridge/src/ditto_ros_bridge' returned '0': PYTHONPATH=/home/john/ditto_ros_bridge/build/ditto_ros_bridge/prefix_override:/usr/lib/python3/dist-packages/colcon_core/task/python/colcon_distutils_commands:/home/john/ditto_ros_bridge/install/ditto_ros_bridge/lib/python3.12/site-packages:${PYTHONPATH} /usr/bin/python3 -W ignore:setup.py install is deprecated -W ignore:easy_install command is deprecated setup.py egg_info --egg-base ../../build/ditto_ros_bridge build --build-base /home/john/ditto_ros_bridge/build/ditto_ros_bridge/build install --record /home/john/ditto_ros_bridge/build/ditto_ros_bridge/install.log --single-version-externally-managed install_data
